---------------------------------------------------------------
[ 2018-10-01T05:23:15+08:00 ] 120.79.217.140 GET /
[ info ] yunxi.yunw8.com/ [运行时间：0.076330s][吞吐率：13.10req/s] [内存消耗：1,296.19kb] [文件加载：32]
[ info ] [ LANG ] C:\www\yunxi\thinkphp\lang\zh-cn.php
[ info ] [ ROUTE ] array (
  'type' => 'module',
  'module' => 
  array (
    0 => '',
    1 => NULL,
    2 => NULL,
  ),
)
[ info ] [ HEADER ] array (
  'user-agent' => 'Mozilla/5.0 (X11; Ubuntu; Linux x86_64; rv:36.0) Gecko/20100101 Firefox/36.0',
  'host' => 'yunxi.yunw8.com',
  'accept' => 'text/html, image/gif, image/jpeg, *; q=.2, */*; q=.2',
  'connection' => 'keep-alive',
)
[ info ] [ PARAM ] array (
)
[ info ] [ RUN ] app\index\controller\Index->index[ C:\www\yunxi\application\index\controller\Index.php ]
[ info ] [ LOG ] INIT File
---------------------------------------------------------------
[ 2018-10-01T14:40:01+08:00 ] 183.136.190.62 GET /
[ info ] yunxi.yunw8.com/ [运行时间：0.043814s][吞吐率：22.82req/s] [内存消耗：1,296.96kb] [文件加载：32]
[ info ] [ LANG ] C:\www\yunxi\thinkphp\lang\zh-cn.php
[ info ] [ ROUTE ] array (
  'type' => 'module',
  'module' => 
  array (
    0 => '',
    1 => NULL,
    2 => NULL,
  ),
)
[ info ] [ HEADER ] array (
  'host' => 'yunxi.yunw8.com',
  'user-agent' => 'Mozilla/5.0 (Windows NT 6.1) AppleWebKit/537.36 (KHTML, like Gecko) Chrome/35.0.1916.153 Safari/537.36',
  'accept' => 'text/html,application/xhtml+xml,application/xml;q=0.9,image/webp,*/*;q=0.8',
  'accept-encoding' => '',
  'accept-language' => 'zh-CN,zh;q=0.8',
  'cache-control' => 'max-age=0',
  'connection' => 'close',
)
[ info ] [ PARAM ] array (
)
[ info ] [ RUN ] app\index\controller\Index->index[ C:\www\yunxi\application\index\controller\Index.php ]
[ info ] [ LOG ] INIT File
---------------------------------------------------------------
[ 2018-10-01T19:09:31+08:00 ] 140.207.54.75 POST /index/index/yanzheng?signature=406683eb765c34e35d8b1091cbe2adb88daf6085&timestamp=1538392171&nonce=574808513&openid=oqwiq0UNT90g5hroSz2rx8QTFLk4
[ info ] yunxi.yunw8.com/index/index/yanzheng?signature=406683eb765c34e35d8b1091cbe2adb88daf6085&timestamp=1538392171&nonce=574808513&openid=oqwiq0UNT90g5hroSz2rx8QTFLk4 [运行时间：0.060226s][吞吐率：16.60req/s] [内存消耗：2,102.65kb] [文件加载：35]
[ info ] [ LANG ] C:\www\yunxi\thinkphp\lang\zh-cn.php
[ info ] [ ROUTE ] array (
  'type' => 'module',
  'module' => 
  array (
    0 => 'index',
    1 => 'index',
    2 => 'yanzheng',
  ),
)
[ info ] [ HEADER ] array (
  'user-agent' => 'Mozilla/4.0',
  'accept' => '*/*',
  'host' => 'yunxi.yunw8.com',
  'pragma' => 'no-cache',
  'content-length' => '278',
  'content-type' => 'text/xml',
)
[ info ] [ PARAM ] array (
  'signature' => '406683eb765c34e35d8b1091cbe2adb88daf6085',
  'timestamp' => '1538392171',
  'nonce' => '574808513',
  'openid' => 'oqwiq0UNT90g5hroSz2rx8QTFLk4',
)
[ info ] [ RUN ] app\index\controller\Index->yanzheng[ C:\www\yunxi\application\index\controller\Index.php ]
[ info ] [ LOG ] INIT File
