---------------------------------------------------------------
[ 2018-10-18T11:59:22+08:00 ] 140.207.54.79 POST /index/index/yanzheng?signature=c9443da0ec272c082e8d26a79a7370381a30428f&timestamp=1539835161&nonce=2024903421&openid=oqwiq0eplgcTWm3Yook4nNG_ROLg
[ info ] yunxi.yunw8.com/index/index/yanzheng?signature=c9443da0ec272c082e8d26a79a7370381a30428f&timestamp=1539835161&nonce=2024903421&openid=oqwiq0eplgcTWm3Yook4nNG_ROLg [运行时间：0.114428s][吞吐率：8.74req/s] [内存消耗：2,102.16kb] [文件加载：35]
[ info ] [ LANG ] C:\www\yunxi\thinkphp\lang\zh-cn.php
[ info ] [ ROUTE ] array (
  'type' => 'module',
  'module' => 
  array (
    0 => 'index',
    1 => 'index',
    2 => 'yanzheng',
  ),
)
[ info ] [ HEADER ] array (
  'user-agent' => 'Mozilla/4.0',
  'accept' => '*/*',
  'host' => 'yunxi.yunw8.com',
  'pragma' => 'no-cache',
  'content-length' => '275',
  'content-type' => 'text/xml',
)
[ info ] [ PARAM ] array (
  'signature' => 'c9443da0ec272c082e8d26a79a7370381a30428f',
  'timestamp' => '1539835161',
  'nonce' => '2024903421',
  'openid' => 'oqwiq0eplgcTWm3Yook4nNG_ROLg',
)
[ info ] [ RUN ] app\index\controller\Index->yanzheng[ C:\www\yunxi\application\index\controller\Index.php ]
[ info ] [ LOG ] INIT File
---------------------------------------------------------------
[ 2018-10-18T11:59:30+08:00 ] 140.207.54.80 POST /index/index/yanzheng?signature=4161c195ae794304e49da510e0b7c25c9d4734df&timestamp=1539835170&nonce=1794589556&openid=oqwiq0eplgcTWm3Yook4nNG_ROLg
[ info ] yunxi.yunw8.com/index/index/yanzheng?signature=4161c195ae794304e49da510e0b7c25c9d4734df&timestamp=1539835170&nonce=1794589556&openid=oqwiq0eplgcTWm3Yook4nNG_ROLg [运行时间：0.052213s][吞吐率：19.15req/s] [内存消耗：2,102.32kb] [文件加载：35]
[ info ] [ LANG ] C:\www\yunxi\thinkphp\lang\zh-cn.php
[ info ] [ ROUTE ] array (
  'type' => 'module',
  'module' => 
  array (
    0 => 'index',
    1 => 'index',
    2 => 'yanzheng',
  ),
)
[ info ] [ HEADER ] array (
  'user-agent' => 'Mozilla/4.0',
  'accept' => '*/*',
  'host' => 'yunxi.yunw8.com',
  'pragma' => 'no-cache',
  'content-length' => '348',
  'content-type' => 'text/xml',
)
[ info ] [ PARAM ] array (
  'signature' => '4161c195ae794304e49da510e0b7c25c9d4734df',
  'timestamp' => '1539835170',
  'nonce' => '1794589556',
  'openid' => 'oqwiq0eplgcTWm3Yook4nNG_ROLg',
)
[ info ] [ RUN ] app\index\controller\Index->yanzheng[ C:\www\yunxi\application\index\controller\Index.php ]
[ info ] [ LOG ] INIT File
---------------------------------------------------------------
[ 2018-10-18T11:59:31+08:00 ] 113.109.110.255 GET /index/index/getusers.html
[ info ] yunxi.yunw8.com/index/index/getusers.html [运行时间：0.050741s][吞吐率：19.71req/s] [内存消耗：2,073.23kb] [文件加载：36]
[ info ] [ LANG ] C:\www\yunxi\thinkphp\lang\zh-cn.php
[ info ] [ ROUTE ] array (
  'type' => 'module',
  'module' => 
  array (
    0 => 'index',
    1 => 'index',
    2 => 'getusers',
  ),
)
[ info ] [ HEADER ] array (
  'host' => 'yunxi.yunw8.com',
  'connection' => 'keep-alive',
  'upgrade-insecure-requests' => '1',
  'user-agent' => 'Mozilla/5.0 (Linux; Android 6.0.1; NX569H Build/MMB29M; wv) AppleWebKit/537.36 (KHTML, like Gecko) Version/4.0 Chrome/53.0.2785.143 Crosswalk/24.53.595.0 XWEB/359 MMWEBSDK/21 Mobile Safari/537.36 MicroMessenger/6.6.7.1321(0x26060739) NetType/WIFI Language/zh_CN',
  'accept' => 'text/html,application/xhtml+xml,application/xml;q=0.9,image/webp,image/wxpic,*/*;q=0.8',
  'accept-encoding' => 'gzip, deflate',
  'accept-language' => 'zh-cn',
)
[ info ] [ PARAM ] array (
)
[ info ] [ RUN ] app\index\controller\Index->getUsers[ C:\www\yunxi\application\index\controller\Index.php ]
[ info ] [ LOG ] INIT File
---------------------------------------------------------------
[ 2018-10-18T11:59:33+08:00 ] 113.109.110.255 GET /index/index/getusers.html?code=061psLMB107vOd0efKOB1hlMMB1psLMx&state=wxbase
[ info ] yunxi.yunw8.com/index/index/getusers.html?code=061psLMB107vOd0efKOB1hlMMB1psLMx&state=wxbase [运行时间：1.494264s][吞吐率：0.67req/s] [内存消耗：2,924.25kb] [文件加载：43]
[ info ] [ LANG ] C:\www\yunxi\thinkphp\lang\zh-cn.php
[ info ] [ ROUTE ] array (
  'type' => 'module',
  'module' => 
  array (
    0 => 'index',
    1 => 'index',
    2 => 'getusers',
  ),
)
[ info ] [ HEADER ] array (
  'host' => 'yunxi.yunw8.com',
  'connection' => 'keep-alive',
  'upgrade-insecure-requests' => '1',
  'user-agent' => 'Mozilla/5.0 (Linux; Android 6.0.1; NX569H Build/MMB29M; wv) AppleWebKit/537.36 (KHTML, like Gecko) Version/4.0 Chrome/53.0.2785.143 Crosswalk/24.53.595.0 XWEB/359 MMWEBSDK/21 Mobile Safari/537.36 MicroMessenger/6.6.7.1321(0x26060739) NetType/WIFI Language/zh_CN',
  'accept' => 'text/html,application/xhtml+xml,application/xml;q=0.9,image/webp,image/wxpic,*/*;q=0.8',
  'accept-encoding' => 'gzip, deflate',
  'accept-language' => 'zh-cn',
)
[ info ] [ PARAM ] array (
  'code' => '061psLMB107vOd0efKOB1hlMMB1psLMx',
  'state' => 'wxbase',
)
[ info ] [ RUN ] app\index\controller\Index->getUsers[ C:\www\yunxi\application\index\controller\Index.php ]
[ info ] [ DB ] INIT sqlsrv
[ info ] [ VIEW ] C:\www\yunxi/application/index\view\index\user.html [ array (
  0 => 'user',
  1 => 'userinfo',
) ]
[ info ] [ LOG ] INIT File
---------------------------------------------------------------
[ 2018-10-18T11:59:33+08:00 ] 113.109.110.255 GET /index/index/getusers.html?code=0816eMW1237flY0PXtT12JzwW126eMWu&state=wxbase
[ info ] yunxi.yunw8.com/index/index/getusers.html?code=0816eMW1237flY0PXtT12JzwW126eMWu&state=wxbase [运行时间：1.420497s][吞吐率：0.70req/s] [内存消耗：2,924.25kb] [文件加载：43]
[ info ] [ LANG ] C:\www\yunxi\thinkphp\lang\zh-cn.php
[ info ] [ ROUTE ] array (
  'type' => 'module',
  'module' => 
  array (
    0 => 'index',
    1 => 'index',
    2 => 'getusers',
  ),
)
[ info ] [ HEADER ] array (
  'host' => 'yunxi.yunw8.com',
  'connection' => 'keep-alive',
  'upgrade-insecure-requests' => '1',
  'user-agent' => 'Mozilla/5.0 (Linux; Android 6.0.1; NX569H Build/MMB29M; wv) AppleWebKit/537.36 (KHTML, like Gecko) Version/4.0 Chrome/53.0.2785.143 Crosswalk/24.53.595.0 XWEB/359 MMWEBSDK/21 Mobile Safari/537.36 MicroMessenger/6.6.7.1321(0x26060739) NetType/WIFI Language/zh_CN',
  'accept' => 'text/html,application/xhtml+xml,application/xml;q=0.9,image/webp,image/wxpic,*/*;q=0.8',
  'accept-encoding' => 'gzip, deflate',
  'accept-language' => 'zh-cn',
)
[ info ] [ PARAM ] array (
  'code' => '0816eMW1237flY0PXtT12JzwW126eMWu',
  'state' => 'wxbase',
)
[ info ] [ RUN ] app\index\controller\Index->getUsers[ C:\www\yunxi\application\index\controller\Index.php ]
[ info ] [ DB ] INIT sqlsrv
[ info ] [ VIEW ] C:\www\yunxi/application/index\view\index\user.html [ array (
  0 => 'user',
  1 => 'userinfo',
) ]
[ info ] [ LOG ] INIT File
---------------------------------------------------------------
[ 2018-10-18T12:00:30+08:00 ] 61.129.6.145 GET /index/index/getusers.html
[ info ] yunxi.yunw8.com/index/index/getusers.html [运行时间：0.050287s][吞吐率：19.89req/s] [内存消耗：2,072.25kb] [文件加载：36]
[ info ] [ LANG ] C:\www\yunxi\thinkphp\lang\zh-cn.php
[ info ] [ ROUTE ] array (
  'type' => 'module',
  'module' => 
  array (
    0 => 'index',
    1 => 'index',
    2 => 'getusers',
  ),
)
[ info ] [ HEADER ] array (
  'user-agent' => 'Mozilla/5.0 (iPhone; CPU iPhone OS 10_2_1 like Mac OS X) AppleWebKit/602.4.6 (KHTML, like Gecko) Mobile/14D27 MicroMessenger/6.5.5 NetType/WIFI Language/en',
  'accept' => '*/*',
  'accept-language' => 'zh-CN,zh;q=0.8,en-US;q=0.6,en;q=0.4',
  'host' => 'yunxi.yunw8.com',
  'connection' => 'keep-alive',
)
[ info ] [ PARAM ] array (
)
[ info ] [ RUN ] app\index\controller\Index->getUsers[ C:\www\yunxi\application\index\controller\Index.php ]
[ info ] [ LOG ] INIT File
---------------------------------------------------------------
[ 2018-10-18T12:00:48+08:00 ] 140.207.54.80 POST /index/index/yanzheng?signature=3699d4b4d27d85801ea0bcff27c408aa2b0e0360&timestamp=1539835248&nonce=970682164&openid=oqwiq0RvSE_dsELpUHL55qFjdK2Y
[ info ] yunxi.yunw8.com/index/index/yanzheng?signature=3699d4b4d27d85801ea0bcff27c408aa2b0e0360&timestamp=1539835248&nonce=970682164&openid=oqwiq0RvSE_dsELpUHL55qFjdK2Y [运行时间：0.049188s][吞吐率：20.33req/s] [内存消耗：2,102.65kb] [文件加载：35]
[ info ] [ LANG ] C:\www\yunxi\thinkphp\lang\zh-cn.php
[ info ] [ ROUTE ] array (
  'type' => 'module',
  'module' => 
  array (
    0 => 'index',
    1 => 'index',
    2 => 'yanzheng',
  ),
)
[ info ] [ HEADER ] array (
  'user-agent' => 'Mozilla/4.0',
  'accept' => '*/*',
  'host' => 'yunxi.yunw8.com',
  'pragma' => 'no-cache',
  'content-length' => '278',
  'content-type' => 'text/xml',
)
[ info ] [ PARAM ] array (
  'signature' => '3699d4b4d27d85801ea0bcff27c408aa2b0e0360',
  'timestamp' => '1539835248',
  'nonce' => '970682164',
  'openid' => 'oqwiq0RvSE_dsELpUHL55qFjdK2Y',
)
[ info ] [ RUN ] app\index\controller\Index->yanzheng[ C:\www\yunxi\application\index\controller\Index.php ]
[ info ] [ LOG ] INIT File
---------------------------------------------------------------
[ 2018-10-18T12:00:55+08:00 ] 140.207.54.79 POST /index/index/yanzheng?signature=f9065f94e943f899ed607d900ddbf77cc16a0aee&timestamp=1539835255&nonce=1343159060&openid=oqwiq0RvSE_dsELpUHL55qFjdK2Y
[ info ] yunxi.yunw8.com/index/index/yanzheng?signature=f9065f94e943f899ed607d900ddbf77cc16a0aee&timestamp=1539835255&nonce=1343159060&openid=oqwiq0RvSE_dsELpUHL55qFjdK2Y [运行时间：0.042451s][吞吐率：23.56req/s] [内存消耗：2,102.16kb] [文件加载：35]
[ info ] [ LANG ] C:\www\yunxi\thinkphp\lang\zh-cn.php
[ info ] [ ROUTE ] array (
  'type' => 'module',
  'module' => 
  array (
    0 => 'index',
    1 => 'index',
    2 => 'yanzheng',
  ),
)
[ info ] [ HEADER ] array (
  'user-agent' => 'Mozilla/4.0',
  'accept' => '*/*',
  'host' => 'yunxi.yunw8.com',
  'pragma' => 'no-cache',
  'content-length' => '275',
  'content-type' => 'text/xml',
)
[ info ] [ PARAM ] array (
  'signature' => 'f9065f94e943f899ed607d900ddbf77cc16a0aee',
  'timestamp' => '1539835255',
  'nonce' => '1343159060',
  'openid' => 'oqwiq0RvSE_dsELpUHL55qFjdK2Y',
)
[ info ] [ RUN ] app\index\controller\Index->yanzheng[ C:\www\yunxi\application\index\controller\Index.php ]
[ info ] [ LOG ] INIT File
---------------------------------------------------------------
[ 2018-10-18T14:46:10+08:00 ] 183.136.190.62 GET /
[ info ] yunxi.yunw8.com/ [运行时间：0.041345s][吞吐率：24.19req/s] [内存消耗：1,296.96kb] [文件加载：32]
[ info ] [ LANG ] C:\www\yunxi\thinkphp\lang\zh-cn.php
[ info ] [ ROUTE ] array (
  'type' => 'module',
  'module' => 
  array (
    0 => '',
    1 => NULL,
    2 => NULL,
  ),
)
[ info ] [ HEADER ] array (
  'host' => 'yunxi.yunw8.com',
  'user-agent' => 'Mozilla/5.0 (Windows NT 6.1) AppleWebKit/537.36 (KHTML, like Gecko) Chrome/35.0.1916.153 Safari/537.36',
  'accept' => 'text/html,application/xhtml+xml,application/xml;q=0.9,image/webp,*/*;q=0.8',
  'accept-encoding' => '',
  'accept-language' => 'zh-CN,zh;q=0.8',
  'cache-control' => 'max-age=0',
  'connection' => 'close',
)
[ info ] [ PARAM ] array (
)
[ info ] [ RUN ] app\index\controller\Index->index[ C:\www\yunxi\application\index\controller\Index.php ]
[ info ] [ LOG ] INIT File
