---------------------------------------------------------------
[ 2018-10-20T14:04:05+08:00 ] 183.136.190.62 GET /
[ info ] yunxi.yunw8.com/ [运行时间：0.046874s][吞吐率：21.33req/s] [内存消耗：1,296.95kb] [文件加载：32]
[ info ] [ LANG ] C:\www\yunxi\thinkphp\lang\zh-cn.php
[ info ] [ ROUTE ] array (
  'type' => 'module',
  'module' => 
  array (
    0 => '',
    1 => NULL,
    2 => NULL,
  ),
)
[ info ] [ HEADER ] array (
  'host' => 'yunxi.yunw8.com',
  'user-agent' => 'Mozilla/5.0 (Windows NT 6.1) AppleWebKit/537.36 (KHTML, like Gecko) Chrome/35.0.1916.153 Safari/537.36',
  'accept' => 'text/html,application/xhtml+xml,application/xml;q=0.9,image/webp,*/*;q=0.8',
  'accept-encoding' => '',
  'accept-language' => 'zh-CN,zh;q=0.8',
  'cache-control' => 'max-age=0',
  'connection' => 'close',
)
[ info ] [ PARAM ] array (
)
[ info ] [ RUN ] app\index\controller\Index->index[ C:\www\yunxi\application\index\controller\Index.php ]
[ info ] [ LOG ] INIT File
---------------------------------------------------------------
[ 2018-10-20T15:39:31+08:00 ] 140.207.54.79 POST /index/index/yanzheng?signature=f6f230a5e0adbfa7084a55ffe73705bbeaa9ad30&timestamp=1540021171&nonce=1874245732&openid=oqwiq0ZZht2Ab6hv63RiToOPJ_YE
[ info ] yunxi.yunw8.com/index/index/yanzheng?signature=f6f230a5e0adbfa7084a55ffe73705bbeaa9ad30&timestamp=1540021171&nonce=1874245732&openid=oqwiq0ZZht2Ab6hv63RiToOPJ_YE [运行时间：0.049220s][吞吐率：20.32req/s] [内存消耗：2,102.63kb] [文件加载：35]
[ info ] [ LANG ] C:\www\yunxi\thinkphp\lang\zh-cn.php
[ info ] [ ROUTE ] array (
  'type' => 'module',
  'module' => 
  array (
    0 => 'index',
    1 => 'index',
    2 => 'yanzheng',
  ),
)
[ info ] [ HEADER ] array (
  'user-agent' => 'Mozilla/4.0',
  'accept' => '*/*',
  'host' => 'yunxi.yunw8.com',
  'pragma' => 'no-cache',
  'content-length' => '278',
  'content-type' => 'text/xml',
)
[ info ] [ PARAM ] array (
  'signature' => 'f6f230a5e0adbfa7084a55ffe73705bbeaa9ad30',
  'timestamp' => '1540021171',
  'nonce' => '1874245732',
  'openid' => 'oqwiq0ZZht2Ab6hv63RiToOPJ_YE',
)
[ info ] [ RUN ] app\index\controller\Index->yanzheng[ C:\www\yunxi\application\index\controller\Index.php ]
[ info ] [ LOG ] INIT File
---------------------------------------------------------------
[ 2018-10-20T16:14:16+08:00 ] 140.207.54.79 POST /index/index/yanzheng?signature=afabf2a465c5bdd1f0c1da51d0f3183613a3240e&timestamp=1540023256&nonce=1789653786&openid=oqwiq0ZZht2Ab6hv63RiToOPJ_YE
[ info ] yunxi.yunw8.com/index/index/yanzheng?signature=afabf2a465c5bdd1f0c1da51d0f3183613a3240e&timestamp=1540023256&nonce=1789653786&openid=oqwiq0ZZht2Ab6hv63RiToOPJ_YE [运行时间：0.053844s][吞吐率：18.57req/s] [内存消耗：2,102.16kb] [文件加载：35]
[ info ] [ LANG ] C:\www\yunxi\thinkphp\lang\zh-cn.php
[ info ] [ ROUTE ] array (
  'type' => 'module',
  'module' => 
  array (
    0 => 'index',
    1 => 'index',
    2 => 'yanzheng',
  ),
)
[ info ] [ HEADER ] array (
  'user-agent' => 'Mozilla/4.0',
  'accept' => '*/*',
  'host' => 'yunxi.yunw8.com',
  'pragma' => 'no-cache',
  'content-length' => '275',
  'content-type' => 'text/xml',
)
[ info ] [ PARAM ] array (
  'signature' => 'afabf2a465c5bdd1f0c1da51d0f3183613a3240e',
  'timestamp' => '1540023256',
  'nonce' => '1789653786',
  'openid' => 'oqwiq0ZZht2Ab6hv63RiToOPJ_YE',
)
[ info ] [ RUN ] app\index\controller\Index->yanzheng[ C:\www\yunxi\application\index\controller\Index.php ]
[ info ] [ LOG ] INIT File
---------------------------------------------------------------
[ 2018-10-20T16:14:25+08:00 ] 140.207.54.80 POST /index/index/yanzheng?signature=b56656321498c640e810c2e0c0cd6db1d5cb196b&timestamp=1540023265&nonce=1388459689&openid=oqwiq0ZZht2Ab6hv63RiToOPJ_YE
[ info ] yunxi.yunw8.com/index/index/yanzheng?signature=b56656321498c640e810c2e0c0cd6db1d5cb196b&timestamp=1540023265&nonce=1388459689&openid=oqwiq0ZZht2Ab6hv63RiToOPJ_YE [运行时间：0.048814s][吞吐率：20.49req/s] [内存消耗：2,102.16kb] [文件加载：35]
[ info ] [ LANG ] C:\www\yunxi\thinkphp\lang\zh-cn.php
[ info ] [ ROUTE ] array (
  'type' => 'module',
  'module' => 
  array (
    0 => 'index',
    1 => 'index',
    2 => 'yanzheng',
  ),
)
[ info ] [ HEADER ] array (
  'user-agent' => 'Mozilla/4.0',
  'accept' => '*/*',
  'host' => 'yunxi.yunw8.com',
  'pragma' => 'no-cache',
  'content-length' => '275',
  'content-type' => 'text/xml',
)
[ info ] [ PARAM ] array (
  'signature' => 'b56656321498c640e810c2e0c0cd6db1d5cb196b',
  'timestamp' => '1540023265',
  'nonce' => '1388459689',
  'openid' => 'oqwiq0ZZht2Ab6hv63RiToOPJ_YE',
)
[ info ] [ RUN ] app\index\controller\Index->yanzheng[ C:\www\yunxi\application\index\controller\Index.php ]
[ info ] [ LOG ] INIT File
---------------------------------------------------------------
[ 2018-10-20T16:14:30+08:00 ] 140.207.54.80 POST /index/index/yanzheng?signature=4e2b8a4d92750faaad08d1648dd0003f1e956901&timestamp=1540023270&nonce=1488653457&openid=oqwiq0ZZht2Ab6hv63RiToOPJ_YE
[ info ] yunxi.yunw8.com/index/index/yanzheng?signature=4e2b8a4d92750faaad08d1648dd0003f1e956901&timestamp=1540023270&nonce=1488653457&openid=oqwiq0ZZht2Ab6hv63RiToOPJ_YE [运行时间：0.051237s][吞吐率：19.52req/s] [内存消耗：2,102.16kb] [文件加载：35]
[ info ] [ LANG ] C:\www\yunxi\thinkphp\lang\zh-cn.php
[ info ] [ ROUTE ] array (
  'type' => 'module',
  'module' => 
  array (
    0 => 'index',
    1 => 'index',
    2 => 'yanzheng',
  ),
)
[ info ] [ HEADER ] array (
  'user-agent' => 'Mozilla/4.0',
  'accept' => '*/*',
  'host' => 'yunxi.yunw8.com',
  'pragma' => 'no-cache',
  'content-length' => '275',
  'content-type' => 'text/xml',
)
[ info ] [ PARAM ] array (
  'signature' => '4e2b8a4d92750faaad08d1648dd0003f1e956901',
  'timestamp' => '1540023270',
  'nonce' => '1488653457',
  'openid' => 'oqwiq0ZZht2Ab6hv63RiToOPJ_YE',
)
[ info ] [ RUN ] app\index\controller\Index->yanzheng[ C:\www\yunxi\application\index\controller\Index.php ]
[ info ] [ LOG ] INIT File
---------------------------------------------------------------
[ 2018-10-20T16:14:32+08:00 ] 140.207.54.79 POST /index/index/yanzheng?signature=e99f7b1bb6c61ca35080f147169c332ff34cbbfe&timestamp=1540023272&nonce=906101748&openid=oqwiq0ZZht2Ab6hv63RiToOPJ_YE
[ info ] yunxi.yunw8.com/index/index/yanzheng?signature=e99f7b1bb6c61ca35080f147169c332ff34cbbfe&timestamp=1540023272&nonce=906101748&openid=oqwiq0ZZht2Ab6hv63RiToOPJ_YE [运行时间：0.047418s][吞吐率：21.09req/s] [内存消耗：2,102.18kb] [文件加载：35]
[ info ] [ LANG ] C:\www\yunxi\thinkphp\lang\zh-cn.php
[ info ] [ ROUTE ] array (
  'type' => 'module',
  'module' => 
  array (
    0 => 'index',
    1 => 'index',
    2 => 'yanzheng',
  ),
)
[ info ] [ HEADER ] array (
  'user-agent' => 'Mozilla/4.0',
  'accept' => '*/*',
  'host' => 'yunxi.yunw8.com',
  'pragma' => 'no-cache',
  'content-length' => '275',
  'content-type' => 'text/xml',
)
[ info ] [ PARAM ] array (
  'signature' => 'e99f7b1bb6c61ca35080f147169c332ff34cbbfe',
  'timestamp' => '1540023272',
  'nonce' => '906101748',
  'openid' => 'oqwiq0ZZht2Ab6hv63RiToOPJ_YE',
)
[ info ] [ RUN ] app\index\controller\Index->yanzheng[ C:\www\yunxi\application\index\controller\Index.php ]
[ info ] [ LOG ] INIT File
---------------------------------------------------------------
[ 2018-10-20T16:14:41+08:00 ] 140.207.54.80 POST /index/index/yanzheng?signature=b33713d638d3e73e95d4ca7b13676da88c1278ce&timestamp=1540023281&nonce=40096278&openid=oqwiq0ZZht2Ab6hv63RiToOPJ_YE
[ info ] yunxi.yunw8.com/index/index/yanzheng?signature=b33713d638d3e73e95d4ca7b13676da88c1278ce&timestamp=1540023281&nonce=40096278&openid=oqwiq0ZZht2Ab6hv63RiToOPJ_YE [运行时间：0.046732s][吞吐率：21.40req/s] [内存消耗：2,102.17kb] [文件加载：35]
[ info ] [ LANG ] C:\www\yunxi\thinkphp\lang\zh-cn.php
[ info ] [ ROUTE ] array (
  'type' => 'module',
  'module' => 
  array (
    0 => 'index',
    1 => 'index',
    2 => 'yanzheng',
  ),
)
[ info ] [ HEADER ] array (
  'user-agent' => 'Mozilla/4.0',
  'accept' => '*/*',
  'host' => 'yunxi.yunw8.com',
  'pragma' => 'no-cache',
  'content-length' => '275',
  'content-type' => 'text/xml',
)
[ info ] [ PARAM ] array (
  'signature' => 'b33713d638d3e73e95d4ca7b13676da88c1278ce',
  'timestamp' => '1540023281',
  'nonce' => '40096278',
  'openid' => 'oqwiq0ZZht2Ab6hv63RiToOPJ_YE',
)
[ info ] [ RUN ] app\index\controller\Index->yanzheng[ C:\www\yunxi\application\index\controller\Index.php ]
[ info ] [ LOG ] INIT File
