---------------------------------------------------------------
[ 2018-10-26T12:11:45+08:00 ] 140.207.54.80 POST /index/index/yanzheng?signature=379cd43dbab10717a3b4e02c5e922709c7f3a958&timestamp=1540527105&nonce=389639465&openid=oqwiq0ZZht2Ab6hv63RiToOPJ_YE
[ info ] yunxi.yunw8.com/index/index/yanzheng?signature=379cd43dbab10717a3b4e02c5e922709c7f3a958&timestamp=1540527105&nonce=389639465&openid=oqwiq0ZZht2Ab6hv63RiToOPJ_YE [运行时间：0.051239s][吞吐率：19.52req/s] [内存消耗：2,102.17kb] [文件加载：35]
[ info ] [ LANG ] C:\www\yunxi\thinkphp\lang\zh-cn.php
[ info ] [ ROUTE ] array (
  'type' => 'module',
  'module' => 
  array (
    0 => 'index',
    1 => 'index',
    2 => 'yanzheng',
  ),
)
[ info ] [ HEADER ] array (
  'user-agent' => 'Mozilla/4.0',
  'accept' => '*/*',
  'host' => 'yunxi.yunw8.com',
  'pragma' => 'no-cache',
  'content-length' => '275',
  'content-type' => 'text/xml',
)
[ info ] [ PARAM ] array (
  'signature' => '379cd43dbab10717a3b4e02c5e922709c7f3a958',
  'timestamp' => '1540527105',
  'nonce' => '389639465',
  'openid' => 'oqwiq0ZZht2Ab6hv63RiToOPJ_YE',
)
[ info ] [ RUN ] app\index\controller\Index->yanzheng[ C:\www\yunxi\application\index\controller\Index.php ]
[ info ] [ LOG ] INIT File
---------------------------------------------------------------
[ 2018-10-26T12:11:52+08:00 ] 140.207.54.80 POST /index/index/yanzheng?signature=fc043a3eb29bf9e3c712ed30b8ce3b7d5c875fb9&timestamp=1540527112&nonce=424879723&openid=oqwiq0ZZht2Ab6hv63RiToOPJ_YE
[ info ] yunxi.yunw8.com/index/index/yanzheng?signature=fc043a3eb29bf9e3c712ed30b8ce3b7d5c875fb9&timestamp=1540527112&nonce=424879723&openid=oqwiq0ZZht2Ab6hv63RiToOPJ_YE [运行时间：0.051065s][吞吐率：19.58req/s] [内存消耗：2,102.18kb] [文件加载：35]
[ info ] [ LANG ] C:\www\yunxi\thinkphp\lang\zh-cn.php
[ info ] [ ROUTE ] array (
  'type' => 'module',
  'module' => 
  array (
    0 => 'index',
    1 => 'index',
    2 => 'yanzheng',
  ),
)
[ info ] [ HEADER ] array (
  'user-agent' => 'Mozilla/4.0',
  'accept' => '*/*',
  'host' => 'yunxi.yunw8.com',
  'pragma' => 'no-cache',
  'content-length' => '275',
  'content-type' => 'text/xml',
)
[ info ] [ PARAM ] array (
  'signature' => 'fc043a3eb29bf9e3c712ed30b8ce3b7d5c875fb9',
  'timestamp' => '1540527112',
  'nonce' => '424879723',
  'openid' => 'oqwiq0ZZht2Ab6hv63RiToOPJ_YE',
)
[ info ] [ RUN ] app\index\controller\Index->yanzheng[ C:\www\yunxi\application\index\controller\Index.php ]
[ info ] [ LOG ] INIT File
---------------------------------------------------------------
[ 2018-10-26T15:01:13+08:00 ] 183.136.190.62 GET /
[ info ] yunxi.yunw8.com/ [运行时间：0.053045s][吞吐率：18.85req/s] [内存消耗：1,296.96kb] [文件加载：32]
[ info ] [ LANG ] C:\www\yunxi\thinkphp\lang\zh-cn.php
[ info ] [ ROUTE ] array (
  'type' => 'module',
  'module' => 
  array (
    0 => '',
    1 => NULL,
    2 => NULL,
  ),
)
[ info ] [ HEADER ] array (
  'host' => 'yunxi.yunw8.com',
  'user-agent' => 'Mozilla/5.0 (Windows NT 6.1) AppleWebKit/537.36 (KHTML, like Gecko) Chrome/35.0.1916.153 Safari/537.36',
  'accept' => 'text/html,application/xhtml+xml,application/xml;q=0.9,image/webp,*/*;q=0.8',
  'accept-encoding' => '',
  'accept-language' => 'zh-CN,zh;q=0.8',
  'cache-control' => 'max-age=0',
  'connection' => 'close',
)
[ info ] [ PARAM ] array (
)
[ info ] [ RUN ] app\index\controller\Index->index[ C:\www\yunxi\application\index\controller\Index.php ]
[ info ] [ LOG ] INIT File
