---------------------------------------------------------------
[ 2018-12-10T10:56:03+08:00 ] 140.207.54.80 POST /index/index/yanzheng?signature=09c812838c12f55271e4397b84e59835e58e5bf9&timestamp=1544410563&nonce=1374099035&openid=oqwiq0eplgcTWm3Yook4nNG_ROLg
[ info ] yunxi.yunw8.com/index/index/yanzheng?signature=09c812838c12f55271e4397b84e59835e58e5bf9&timestamp=1544410563&nonce=1374099035&openid=oqwiq0eplgcTWm3Yook4nNG_ROLg [运行时间：0.100654s][吞吐率：9.94req/s] [内存消耗：2,102.16kb] [文件加载：35]
[ info ] [ LANG ] C:\www\yunxi\thinkphp\lang\zh-cn.php
[ info ] [ ROUTE ] array (
  'type' => 'module',
  'module' => 
  array (
    0 => 'index',
    1 => 'index',
    2 => 'yanzheng',
  ),
)
[ info ] [ HEADER ] array (
  'user-agent' => 'Mozilla/4.0',
  'accept' => '*/*',
  'host' => 'yunxi.yunw8.com',
  'pragma' => 'no-cache',
  'content-length' => '275',
  'content-type' => 'text/xml',
)
[ info ] [ PARAM ] array (
  'signature' => '09c812838c12f55271e4397b84e59835e58e5bf9',
  'timestamp' => '1544410563',
  'nonce' => '1374099035',
  'openid' => 'oqwiq0eplgcTWm3Yook4nNG_ROLg',
)
[ info ] [ RUN ] app\index\controller\Index->yanzheng[ C:\www\yunxi\application\index\controller\Index.php ]
[ info ] [ LOG ] INIT File
---------------------------------------------------------------
[ 2018-12-10T10:56:43+08:00 ] 140.207.54.80 POST /index/index/yanzheng?signature=f839e6f903d08e6f46178dc67e1d46869a35e0ef&timestamp=1544410603&nonce=483674842&openid=oqwiq0aCoU4yscrBuguBXSnQDT-w
[ info ] yunxi.yunw8.com/index/index/yanzheng?signature=f839e6f903d08e6f46178dc67e1d46869a35e0ef&timestamp=1544410603&nonce=483674842&openid=oqwiq0aCoU4yscrBuguBXSnQDT-w [运行时间：0.046488s][吞吐率：21.51req/s] [内存消耗：2,102.65kb] [文件加载：35]
[ info ] [ LANG ] C:\www\yunxi\thinkphp\lang\zh-cn.php
[ info ] [ ROUTE ] array (
  'type' => 'module',
  'module' => 
  array (
    0 => 'index',
    1 => 'index',
    2 => 'yanzheng',
  ),
)
[ info ] [ HEADER ] array (
  'user-agent' => 'Mozilla/4.0',
  'accept' => '*/*',
  'host' => 'yunxi.yunw8.com',
  'pragma' => 'no-cache',
  'content-length' => '278',
  'content-type' => 'text/xml',
)
[ info ] [ PARAM ] array (
  'signature' => 'f839e6f903d08e6f46178dc67e1d46869a35e0ef',
  'timestamp' => '1544410603',
  'nonce' => '483674842',
  'openid' => 'oqwiq0aCoU4yscrBuguBXSnQDT-w',
)
[ info ] [ RUN ] app\index\controller\Index->yanzheng[ C:\www\yunxi\application\index\controller\Index.php ]
[ info ] [ LOG ] INIT File
---------------------------------------------------------------
[ 2018-12-10T10:56:58+08:00 ] 140.207.54.80 POST /index/index/yanzheng?signature=ffe3e8b16ab165e4936155d2acfed4e102eb510c&timestamp=1544410618&nonce=623772475&openid=oqwiq0aCoU4yscrBuguBXSnQDT-w
[ info ] yunxi.yunw8.com/index/index/yanzheng?signature=ffe3e8b16ab165e4936155d2acfed4e102eb510c&timestamp=1544410618&nonce=623772475&openid=oqwiq0aCoU4yscrBuguBXSnQDT-w [运行时间：0.050034s][吞吐率：19.99req/s] [内存消耗：2,102.18kb] [文件加载：35]
[ info ] [ LANG ] C:\www\yunxi\thinkphp\lang\zh-cn.php
[ info ] [ ROUTE ] array (
  'type' => 'module',
  'module' => 
  array (
    0 => 'index',
    1 => 'index',
    2 => 'yanzheng',
  ),
)
[ info ] [ HEADER ] array (
  'user-agent' => 'Mozilla/4.0',
  'accept' => '*/*',
  'host' => 'yunxi.yunw8.com',
  'pragma' => 'no-cache',
  'content-length' => '275',
  'content-type' => 'text/xml',
)
[ info ] [ PARAM ] array (
  'signature' => 'ffe3e8b16ab165e4936155d2acfed4e102eb510c',
  'timestamp' => '1544410618',
  'nonce' => '623772475',
  'openid' => 'oqwiq0aCoU4yscrBuguBXSnQDT-w',
)
[ info ] [ RUN ] app\index\controller\Index->yanzheng[ C:\www\yunxi\application\index\controller\Index.php ]
[ info ] [ LOG ] INIT File
---------------------------------------------------------------
[ 2018-12-10T10:57:05+08:00 ] 140.207.54.79 POST /index/index/yanzheng?signature=de4bcc64097f4306970b37d78c98bb032c8abdc3&timestamp=1544410625&nonce=587470274&openid=oqwiq0aCoU4yscrBuguBXSnQDT-w
[ info ] yunxi.yunw8.com/index/index/yanzheng?signature=de4bcc64097f4306970b37d78c98bb032c8abdc3&timestamp=1544410625&nonce=587470274&openid=oqwiq0aCoU4yscrBuguBXSnQDT-w [运行时间：0.047168s][吞吐率：21.20req/s] [内存消耗：2,102.18kb] [文件加载：35]
[ info ] [ LANG ] C:\www\yunxi\thinkphp\lang\zh-cn.php
[ info ] [ ROUTE ] array (
  'type' => 'module',
  'module' => 
  array (
    0 => 'index',
    1 => 'index',
    2 => 'yanzheng',
  ),
)
[ info ] [ HEADER ] array (
  'user-agent' => 'Mozilla/4.0',
  'accept' => '*/*',
  'host' => 'yunxi.yunw8.com',
  'pragma' => 'no-cache',
  'content-length' => '275',
  'content-type' => 'text/xml',
)
[ info ] [ PARAM ] array (
  'signature' => 'de4bcc64097f4306970b37d78c98bb032c8abdc3',
  'timestamp' => '1544410625',
  'nonce' => '587470274',
  'openid' => 'oqwiq0aCoU4yscrBuguBXSnQDT-w',
)
[ info ] [ RUN ] app\index\controller\Index->yanzheng[ C:\www\yunxi\application\index\controller\Index.php ]
[ info ] [ LOG ] INIT File
---------------------------------------------------------------
[ 2018-12-10T10:57:29+08:00 ] 140.207.54.80 POST /index/index/yanzheng?signature=a527ad15eb38a72f69582bb4897b919936e4d89e&timestamp=1544410648&nonce=861757670&openid=oqwiq0aCoU4yscrBuguBXSnQDT-w
[ info ] yunxi.yunw8.com/index/index/yanzheng?signature=a527ad15eb38a72f69582bb4897b919936e4d89e&timestamp=1544410648&nonce=861757670&openid=oqwiq0aCoU4yscrBuguBXSnQDT-w [运行时间：1.515481s][吞吐率：0.66req/s] [内存消耗：2,862.67kb] [文件加载：42]
[ info ] [ LANG ] C:\www\yunxi\thinkphp\lang\zh-cn.php
[ info ] [ ROUTE ] array (
  'type' => 'module',
  'module' => 
  array (
    0 => 'index',
    1 => 'index',
    2 => 'yanzheng',
  ),
)
[ info ] [ HEADER ] array (
  'user-agent' => 'Mozilla/4.0',
  'accept' => '*/*',
  'host' => 'yunxi.yunw8.com',
  'pragma' => 'no-cache',
  'content-length' => '276',
  'content-type' => 'text/xml',
)
[ info ] [ PARAM ] array (
  'signature' => 'a527ad15eb38a72f69582bb4897b919936e4d89e',
  'timestamp' => '1544410648',
  'nonce' => '861757670',
  'openid' => 'oqwiq0aCoU4yscrBuguBXSnQDT-w',
)
[ info ] [ RUN ] app\index\controller\Index->yanzheng[ C:\www\yunxi\application\index\controller\Index.php ]
[ info ] [ DB ] INIT sqlsrv
[ info ] [ LOG ] INIT File
---------------------------------------------------------------
[ 2018-12-10T10:57:35+08:00 ] 140.207.54.79 POST /index/index/yanzheng?signature=2534dd6c7a89fed4ccbc86b9037e1ba1b801cebf&timestamp=1544410655&nonce=379870292&openid=oqwiq0aCoU4yscrBuguBXSnQDT-w
[ info ] yunxi.yunw8.com/index/index/yanzheng?signature=2534dd6c7a89fed4ccbc86b9037e1ba1b801cebf&timestamp=1544410655&nonce=379870292&openid=oqwiq0aCoU4yscrBuguBXSnQDT-w [运行时间：0.046359s][吞吐率：21.57req/s] [内存消耗：2,102.32kb] [文件加载：35]
[ info ] [ LANG ] C:\www\yunxi\thinkphp\lang\zh-cn.php
[ info ] [ ROUTE ] array (
  'type' => 'module',
  'module' => 
  array (
    0 => 'index',
    1 => 'index',
    2 => 'yanzheng',
  ),
)
[ info ] [ HEADER ] array (
  'user-agent' => 'Mozilla/4.0',
  'accept' => '*/*',
  'host' => 'yunxi.yunw8.com',
  'pragma' => 'no-cache',
  'content-length' => '348',
  'content-type' => 'text/xml',
)
[ info ] [ PARAM ] array (
  'signature' => '2534dd6c7a89fed4ccbc86b9037e1ba1b801cebf',
  'timestamp' => '1544410655',
  'nonce' => '379870292',
  'openid' => 'oqwiq0aCoU4yscrBuguBXSnQDT-w',
)
[ info ] [ RUN ] app\index\controller\Index->yanzheng[ C:\www\yunxi\application\index\controller\Index.php ]
[ info ] [ LOG ] INIT File
---------------------------------------------------------------
[ 2018-12-10T10:57:36+08:00 ] 61.140.239.217 GET /index/index/getusers.html
[ info ] yunxi.yunw8.com/index/index/getusers.html [运行时间：0.053710s][吞吐率：18.62req/s] [内存消耗：2,072.80kb] [文件加载：36]
[ info ] [ LANG ] C:\www\yunxi\thinkphp\lang\zh-cn.php
[ info ] [ ROUTE ] array (
  'type' => 'module',
  'module' => 
  array (
    0 => 'index',
    1 => 'index',
    2 => 'getusers',
  ),
)
[ info ] [ HEADER ] array (
  'host' => 'yunxi.yunw8.com',
  'upgrade-insecure-requests' => '1',
  'accept' => 'text/html,application/xhtml+xml,application/xml;q=0.9,*/*;q=0.8',
  'user-agent' => 'Mozilla/5.0 (iPhone; CPU iPhone OS 11_4 like Mac OS X) AppleWebKit/605.1.15 (KHTML, like Gecko) Mobile/15F79 MicroMessenger/6.7.4(0x1607042c) NetType/WIFI Language/zh_CN',
  'accept-language' => 'zh-cn',
  'accept-encoding' => 'gzip, deflate',
  'connection' => 'keep-alive',
)
[ info ] [ PARAM ] array (
)
[ info ] [ RUN ] app\index\controller\Index->getUsers[ C:\www\yunxi\application\index\controller\Index.php ]
[ info ] [ LOG ] INIT File
---------------------------------------------------------------
[ 2018-12-10T10:57:37+08:00 ] 61.140.239.217 GET /index/index/getusers.html?code=02181GLO1KuhW91T9ILO1msnLO181GLs&state=wxbase
[ info ] yunxi.yunw8.com/index/index/getusers.html?code=02181GLO1KuhW91T9ILO1msnLO181GLs&state=wxbase [运行时间：1.315657s][吞吐率：0.76req/s] [内存消耗：2,920.76kb] [文件加载：43]
[ info ] [ LANG ] C:\www\yunxi\thinkphp\lang\zh-cn.php
[ info ] [ ROUTE ] array (
  'type' => 'module',
  'module' => 
  array (
    0 => 'index',
    1 => 'index',
    2 => 'getusers',
  ),
)
[ info ] [ HEADER ] array (
  'host' => 'yunxi.yunw8.com',
  'upgrade-insecure-requests' => '1',
  'accept' => 'text/html,application/xhtml+xml,application/xml;q=0.9,*/*;q=0.8',
  'user-agent' => 'Mozilla/5.0 (iPhone; CPU iPhone OS 11_4 like Mac OS X) AppleWebKit/605.1.15 (KHTML, like Gecko) Mobile/15F79 MicroMessenger/6.7.4(0x1607042c) NetType/WIFI Language/zh_CN',
  'accept-language' => 'zh-cn',
  'accept-encoding' => 'gzip, deflate',
  'connection' => 'keep-alive',
)
[ info ] [ PARAM ] array (
  'code' => '02181GLO1KuhW91T9ILO1msnLO181GLs',
  'state' => 'wxbase',
)
[ info ] [ RUN ] app\index\controller\Index->getUsers[ C:\www\yunxi\application\index\controller\Index.php ]
[ info ] [ DB ] INIT sqlsrv
[ info ] [ VIEW ] C:\www\yunxi/application/index\view\index\user.html [ array (
  0 => 'user',
  1 => 'userinfo',
) ]
[ info ] [ LOG ] INIT File
---------------------------------------------------------------
[ 2018-12-10T10:57:49+08:00 ] 61.140.239.217 GET /index/index/bind/openid/oqwiq0aCoU4yscrBuguBXSnQDT-w.html
[ info ] yunxi.yunw8.com/index/index/bind/openid/oqwiq0aCoU4yscrBuguBXSnQDT-w.html [运行时间：0.173905s][吞吐率：5.75req/s] [内存消耗：2,195.45kb] [文件加载：42]
[ info ] [ LANG ] C:\www\yunxi\thinkphp\lang\zh-cn.php
[ info ] [ ROUTE ] array (
  'type' => 'module',
  'module' => 
  array (
    0 => 'index',
    1 => 'index',
    2 => 'bind',
  ),
)
[ info ] [ HEADER ] array (
  'host' => 'yunxi.yunw8.com',
  'connection' => 'keep-alive',
  'upgrade-insecure-requests' => '1',
  'accept' => 'text/html,application/xhtml+xml,application/xml;q=0.9,*/*;q=0.8',
  'user-agent' => 'Mozilla/5.0 (iPhone; CPU iPhone OS 11_4 like Mac OS X) AppleWebKit/605.1.15 (KHTML, like Gecko) Mobile/15F79 MicroMessenger/6.7.4(0x1607042c) NetType/WIFI Language/zh_CN',
  'referer' => 'http://yunxi.yunw8.com/index/index/getusers.html?code=02181GLO1KuhW91T9ILO1msnLO181GLs&state=wxbase',
  'accept-language' => 'zh-cn',
  'accept-encoding' => 'gzip, deflate',
)
[ info ] [ PARAM ] array (
  'openid' => 'oqwiq0aCoU4yscrBuguBXSnQDT-w',
)
[ info ] [ RUN ] app\index\controller\Index->bind[ C:\www\yunxi\application\index\controller\Index.php ]
[ info ] [ DB ] INIT sqlsrv
[ info ] [ VIEW ] C:\www\yunxi/application/index\view\index\bind.html [ array (
  0 => 'openid',
  1 => 'user',
) ]
[ info ] [ LOG ] INIT File
---------------------------------------------------------------
[ 2018-12-10T10:58:35+08:00 ] 61.151.207.141 GET /index/index/getusers.html
[ info ] yunxi.yunw8.com/index/index/getusers.html [运行时间：0.050226s][吞吐率：19.91req/s] [内存消耗：2,072.36kb] [文件加载：36]
[ info ] [ LANG ] C:\www\yunxi\thinkphp\lang\zh-cn.php
[ info ] [ ROUTE ] array (
  'type' => 'module',
  'module' => 
  array (
    0 => 'index',
    1 => 'index',
    2 => 'getusers',
  ),
)
[ info ] [ HEADER ] array (
  'user-agent' => 'Mozilla/5.0 (Windows NT 6.1; WOW64) AppleWebKit/537.36 (KHTML, like Gecko) Chrome/39.0.2171.95 Safari/537.36 MicroMessenger/6.5.2.501 NetType/WIFI WindowsWechat QBCore/3.43.27.400 QQBrowser/9.0.2524.400',
  'accept' => '*/*',
  'accept-language' => 'zh-CN,zh;q=0.8,en-US;q=0.6,en;q=0.4',
  'host' => 'yunxi.yunw8.com',
  'connection' => 'keep-alive',
)
[ info ] [ PARAM ] array (
)
[ info ] [ RUN ] app\index\controller\Index->getUsers[ C:\www\yunxi\application\index\controller\Index.php ]
[ info ] [ LOG ] INIT File
---------------------------------------------------------------
[ 2018-12-10T10:58:49+08:00 ] 61.129.6.159 GET /index/index/bind/openid/oqwiq0aCoU4yscrBuguBXSnQDT-w.html
[ info ] yunxi.yunw8.com/index/index/bind/openid/oqwiq0aCoU4yscrBuguBXSnQDT-w.html [运行时间：0.142842s][吞吐率：7.00req/s] [内存消耗：2,194.38kb] [文件加载：42]
[ info ] [ LANG ] C:\www\yunxi\thinkphp\lang\zh-cn.php
[ info ] [ ROUTE ] array (
  'type' => 'module',
  'module' => 
  array (
    0 => 'index',
    1 => 'index',
    2 => 'bind',
  ),
)
[ info ] [ HEADER ] array (
  'user-agent' => 'Mozilla/5.0 (iPhone; CPU iPhone OS 10_2_1 like Mac OS X) AppleWebKit/602.4.6 (KHTML, like Gecko) Mobile/14D27 MicroMessenger/6.5.5 NetType/WIFI Language/en',
  'accept' => '*/*',
  'accept-language' => 'zh-CN,zh;q=0.8,en-US;q=0.6,en;q=0.4',
  'host' => 'yunxi.yunw8.com',
  'connection' => 'keep-alive',
)
[ info ] [ PARAM ] array (
  'openid' => 'oqwiq0aCoU4yscrBuguBXSnQDT-w',
)
[ info ] [ RUN ] app\index\controller\Index->bind[ C:\www\yunxi\application\index\controller\Index.php ]
[ info ] [ DB ] INIT sqlsrv
[ info ] [ VIEW ] C:\www\yunxi/application/index\view\index\bind.html [ array (
  0 => 'openid',
  1 => 'user',
) ]
[ info ] [ LOG ] INIT File
---------------------------------------------------------------
[ 2018-12-10T10:58:54+08:00 ] 61.140.239.217 POST /index/index/bind.html
[ info ] yunxi.yunw8.com/index/index/bind.html [运行时间：0.298748s][吞吐率：3.35req/s] [内存消耗：2,159.04kb] [文件加载：43]
[ info ] [ LANG ] C:\www\yunxi\thinkphp\lang\zh-cn.php
[ info ] [ ROUTE ] array (
  'type' => 'module',
  'module' => 
  array (
    0 => 'index',
    1 => 'index',
    2 => 'bind',
  ),
)
[ info ] [ HEADER ] array (
  'host' => 'yunxi.yunw8.com',
  'content-type' => 'application/x-www-form-urlencoded',
  'origin' => 'http://yunxi.yunw8.com',
  'accept-encoding' => 'gzip, deflate',
  'connection' => 'keep-alive',
  'upgrade-insecure-requests' => '1',
  'accept' => 'text/html,application/xhtml+xml,application/xml;q=0.9,*/*;q=0.8',
  'user-agent' => 'Mozilla/5.0 (iPhone; CPU iPhone OS 11_4 like Mac OS X) AppleWebKit/605.1.15 (KHTML, like Gecko) Mobile/15F79 MicroMessenger/6.7.4(0x1607042c) NetType/WIFI Language/zh_CN',
  'referer' => 'http://yunxi.yunw8.com/index/index/bind/openid/oqwiq0aCoU4yscrBuguBXSnQDT-w.html',
  'content-length' => '122',
  'accept-language' => 'zh-cn',
)
[ info ] [ PARAM ] array (
  'openid' => 'oqwiq0aCoU4yscrBuguBXSnQDT-w',
  'HolderName' => '贵子',
  'Telephone' => '18620143502',
  'Sex' => '男',
  'BirhtDate' => '2018-12-05',
)
[ info ] [ RUN ] app\index\controller\Index->bind[ C:\www\yunxi\application\index\controller\Index.php ]
[ info ] [ DB ] INIT sqlsrv
[ info ] [ VIEW ] C:\www\yunxi\thinkphp\tpl\dispatch_jump.tpl [ array (
  0 => 'code',
  1 => 'msg',
  2 => 'data',
  3 => 'url',
  4 => 'wait',
) ]
[ info ] [ LOG ] INIT File
---------------------------------------------------------------
[ 2018-12-10T10:58:57+08:00 ] 61.140.239.217 GET /index/index/bind/openid/oqwiq0aCoU4yscrBuguBXSnQDT-w.html
[ info ] yunxi.yunw8.com/index/index/bind/openid/oqwiq0aCoU4yscrBuguBXSnQDT-w.html [运行时间：0.121381s][吞吐率：8.24req/s] [内存消耗：2,198.27kb] [文件加载：42]
[ info ] [ LANG ] C:\www\yunxi\thinkphp\lang\zh-cn.php
[ info ] [ ROUTE ] array (
  'type' => 'module',
  'module' => 
  array (
    0 => 'index',
    1 => 'index',
    2 => 'bind',
  ),
)
[ info ] [ HEADER ] array (
  'host' => 'yunxi.yunw8.com',
  'connection' => 'keep-alive',
  'upgrade-insecure-requests' => '1',
  'accept' => 'text/html,application/xhtml+xml,application/xml;q=0.9,*/*;q=0.8',
  'user-agent' => 'Mozilla/5.0 (iPhone; CPU iPhone OS 11_4 like Mac OS X) AppleWebKit/605.1.15 (KHTML, like Gecko) Mobile/15F79 MicroMessenger/6.7.4(0x1607042c) NetType/WIFI Language/zh_CN',
  'referer' => 'http://yunxi.yunw8.com/index/index/bind.html',
  'accept-language' => 'zh-cn',
  'accept-encoding' => 'gzip, deflate',
)
[ info ] [ PARAM ] array (
  'openid' => 'oqwiq0aCoU4yscrBuguBXSnQDT-w',
)
[ info ] [ RUN ] app\index\controller\Index->bind[ C:\www\yunxi\application\index\controller\Index.php ]
[ info ] [ DB ] INIT sqlsrv
[ info ] [ VIEW ] C:\www\yunxi/application/index\view\index\bind.html [ array (
  0 => 'openid',
  1 => 'user',
) ]
[ info ] [ LOG ] INIT File
---------------------------------------------------------------
[ 2018-12-10T10:59:08+08:00 ] 140.207.54.79 POST /index/index/yanzheng?signature=7b65a3d7ad7ae123da2dda7185b450cfaee6e2d9&timestamp=1544410748&nonce=1423551682&openid=oqwiq0aCoU4yscrBuguBXSnQDT-w
[ info ] yunxi.yunw8.com/index/index/yanzheng?signature=7b65a3d7ad7ae123da2dda7185b450cfaee6e2d9&timestamp=1544410748&nonce=1423551682&openid=oqwiq0aCoU4yscrBuguBXSnQDT-w [运行时间：0.047198s][吞吐率：21.19req/s] [内存消耗：2,102.34kb] [文件加载：35]
[ info ] [ LANG ] C:\www\yunxi\thinkphp\lang\zh-cn.php
[ info ] [ ROUTE ] array (
  'type' => 'module',
  'module' => 
  array (
    0 => 'index',
    1 => 'index',
    2 => 'yanzheng',
  ),
)
[ info ] [ HEADER ] array (
  'user-agent' => 'Mozilla/4.0',
  'accept' => '*/*',
  'host' => 'yunxi.yunw8.com',
  'pragma' => 'no-cache',
  'content-length' => '348',
  'content-type' => 'text/xml',
)
[ info ] [ PARAM ] array (
  'signature' => '7b65a3d7ad7ae123da2dda7185b450cfaee6e2d9',
  'timestamp' => '1544410748',
  'nonce' => '1423551682',
  'openid' => 'oqwiq0aCoU4yscrBuguBXSnQDT-w',
)
[ info ] [ RUN ] app\index\controller\Index->yanzheng[ C:\www\yunxi\application\index\controller\Index.php ]
[ info ] [ LOG ] INIT File
---------------------------------------------------------------
[ 2018-12-10T10:59:08+08:00 ] 61.140.239.217 GET /index/index/getusers.html
[ info ] yunxi.yunw8.com/index/index/getusers.html [运行时间：0.047971s][吞吐率：20.85req/s] [内存消耗：2,072.80kb] [文件加载：36]
[ info ] [ LANG ] C:\www\yunxi\thinkphp\lang\zh-cn.php
[ info ] [ ROUTE ] array (
  'type' => 'module',
  'module' => 
  array (
    0 => 'index',
    1 => 'index',
    2 => 'getusers',
  ),
)
[ info ] [ HEADER ] array (
  'host' => 'yunxi.yunw8.com',
  'upgrade-insecure-requests' => '1',
  'accept' => 'text/html,application/xhtml+xml,application/xml;q=0.9,*/*;q=0.8',
  'user-agent' => 'Mozilla/5.0 (iPhone; CPU iPhone OS 11_4 like Mac OS X) AppleWebKit/605.1.15 (KHTML, like Gecko) Mobile/15F79 MicroMessenger/6.7.4(0x1607042c) NetType/WIFI Language/zh_CN',
  'accept-language' => 'zh-cn',
  'accept-encoding' => 'gzip, deflate',
  'connection' => 'keep-alive',
)
[ info ] [ PARAM ] array (
)
[ info ] [ RUN ] app\index\controller\Index->getUsers[ C:\www\yunxi\application\index\controller\Index.php ]
[ info ] [ LOG ] INIT File
---------------------------------------------------------------
[ 2018-12-10T10:59:09+08:00 ] 61.140.239.217 GET /index/index/getusers.html?code=001u16812WPn1V0RNl712xl8812u168h&state=wxbase
[ info ] yunxi.yunw8.com/index/index/getusers.html?code=001u16812WPn1V0RNl712xl8812u168h&state=wxbase [运行时间：1.172770s][吞吐率：0.85req/s] [内存消耗：2,923.87kb] [文件加载：43]
[ info ] [ LANG ] C:\www\yunxi\thinkphp\lang\zh-cn.php
[ info ] [ ROUTE ] array (
  'type' => 'module',
  'module' => 
  array (
    0 => 'index',
    1 => 'index',
    2 => 'getusers',
  ),
)
[ info ] [ HEADER ] array (
  'host' => 'yunxi.yunw8.com',
  'upgrade-insecure-requests' => '1',
  'accept' => 'text/html,application/xhtml+xml,application/xml;q=0.9,*/*;q=0.8',
  'user-agent' => 'Mozilla/5.0 (iPhone; CPU iPhone OS 11_4 like Mac OS X) AppleWebKit/605.1.15 (KHTML, like Gecko) Mobile/15F79 MicroMessenger/6.7.4(0x1607042c) NetType/WIFI Language/zh_CN',
  'accept-language' => 'zh-cn',
  'accept-encoding' => 'gzip, deflate',
  'connection' => 'keep-alive',
)
[ info ] [ PARAM ] array (
  'code' => '001u16812WPn1V0RNl712xl8812u168h',
  'state' => 'wxbase',
)
[ info ] [ RUN ] app\index\controller\Index->getUsers[ C:\www\yunxi\application\index\controller\Index.php ]
[ info ] [ DB ] INIT sqlsrv
[ info ] [ VIEW ] C:\www\yunxi/application/index\view\index\user.html [ array (
  0 => 'user',
  1 => 'userinfo',
) ]
[ info ] [ LOG ] INIT File
---------------------------------------------------------------
[ 2018-12-10T10:59:28+08:00 ] 61.140.239.217 GET /index/index/bind/openid/oqwiq0aCoU4yscrBuguBXSnQDT-w.html
[ info ] yunxi.yunw8.com/index/index/bind/openid/oqwiq0aCoU4yscrBuguBXSnQDT-w.html [运行时间：0.117654s][吞吐率：8.50req/s] [内存消耗：2,198.39kb] [文件加载：42]
[ info ] [ LANG ] C:\www\yunxi\thinkphp\lang\zh-cn.php
[ info ] [ ROUTE ] array (
  'type' => 'module',
  'module' => 
  array (
    0 => 'index',
    1 => 'index',
    2 => 'bind',
  ),
)
[ info ] [ HEADER ] array (
  'host' => 'yunxi.yunw8.com',
  'connection' => 'keep-alive',
  'upgrade-insecure-requests' => '1',
  'accept' => 'text/html,application/xhtml+xml,application/xml;q=0.9,*/*;q=0.8',
  'user-agent' => 'Mozilla/5.0 (iPhone; CPU iPhone OS 11_4 like Mac OS X) AppleWebKit/605.1.15 (KHTML, like Gecko) Mobile/15F79 MicroMessenger/6.7.4(0x1607042c) NetType/WIFI Language/zh_CN',
  'referer' => 'http://yunxi.yunw8.com/index/index/getusers.html?code=001u16812WPn1V0RNl712xl8812u168h&state=wxbase',
  'accept-language' => 'zh-cn',
  'accept-encoding' => 'gzip, deflate',
)
[ info ] [ PARAM ] array (
  'openid' => 'oqwiq0aCoU4yscrBuguBXSnQDT-w',
)
[ info ] [ RUN ] app\index\controller\Index->bind[ C:\www\yunxi\application\index\controller\Index.php ]
[ info ] [ DB ] INIT sqlsrv
[ info ] [ VIEW ] C:\www\yunxi/application/index\view\index\bind.html [ array (
  0 => 'openid',
  1 => 'user',
) ]
[ info ] [ LOG ] INIT File
---------------------------------------------------------------
[ 2018-12-10T10:59:31+08:00 ] 61.140.239.217 POST /index/index/bind.html
[ info ] yunxi.yunw8.com/index/index/bind.html [运行时间：0.564836s][吞吐率：1.77req/s] [内存消耗：2,247.51kb] [文件加载：46]
[ info ] [ LANG ] C:\www\yunxi\thinkphp\lang\zh-cn.php
[ info ] [ ROUTE ] array (
  'type' => 'module',
  'module' => 
  array (
    0 => 'index',
    1 => 'index',
    2 => 'bind',
  ),
)
[ info ] [ HEADER ] array (
  'host' => 'yunxi.yunw8.com',
  'content-type' => 'application/x-www-form-urlencoded',
  'origin' => 'http://yunxi.yunw8.com',
  'accept-encoding' => 'gzip, deflate',
  'connection' => 'keep-alive',
  'upgrade-insecure-requests' => '1',
  'accept' => 'text/html,application/xhtml+xml,application/xml;q=0.9,*/*;q=0.8',
  'user-agent' => 'Mozilla/5.0 (iPhone; CPU iPhone OS 11_4 like Mac OS X) AppleWebKit/605.1.15 (KHTML, like Gecko) Mobile/15F79 MicroMessenger/6.7.4(0x1607042c) NetType/WIFI Language/zh_CN',
  'referer' => 'http://yunxi.yunw8.com/index/index/bind/openid/oqwiq0aCoU4yscrBuguBXSnQDT-w.html',
  'content-length' => '139',
  'accept-language' => 'zh-cn',
)
[ info ] [ PARAM ] array (
  'openid' => 'oqwiq0aCoU4yscrBuguBXSnQDT-w',
  'HolderName' => '贵子',
  'Telephone' => '18620143502',
  'Sex' => '男',
  'BirhtDate' => '2018-12-05 00:00:00.000',
)
[ info ] [ RUN ] app\index\controller\Index->bind[ C:\www\yunxi\application\index\controller\Index.php ]
[ info ] [ DB ] INIT sqlsrv
[ info ] [ CACHE ] INIT File
[ info ] [ VIEW ] C:\www\yunxi\thinkphp\tpl\dispatch_jump.tpl [ array (
  0 => 'code',
  1 => 'msg',
  2 => 'data',
  3 => 'url',
  4 => 'wait',
) ]
[ info ] [ LOG ] INIT File
---------------------------------------------------------------
[ 2018-12-10T10:59:34+08:00 ] 61.140.239.217 GET /index/index/bind/openid/oqwiq0aCoU4yscrBuguBXSnQDT-w.html
[ info ] yunxi.yunw8.com/index/index/bind/openid/oqwiq0aCoU4yscrBuguBXSnQDT-w.html [运行时间：0.178387s][吞吐率：5.61req/s] [内存消耗：2,198.27kb] [文件加载：42]
[ info ] [ LANG ] C:\www\yunxi\thinkphp\lang\zh-cn.php
[ info ] [ ROUTE ] array (
  'type' => 'module',
  'module' => 
  array (
    0 => 'index',
    1 => 'index',
    2 => 'bind',
  ),
)
[ info ] [ HEADER ] array (
  'host' => 'yunxi.yunw8.com',
  'connection' => 'keep-alive',
  'upgrade-insecure-requests' => '1',
  'accept' => 'text/html,application/xhtml+xml,application/xml;q=0.9,*/*;q=0.8',
  'user-agent' => 'Mozilla/5.0 (iPhone; CPU iPhone OS 11_4 like Mac OS X) AppleWebKit/605.1.15 (KHTML, like Gecko) Mobile/15F79 MicroMessenger/6.7.4(0x1607042c) NetType/WIFI Language/zh_CN',
  'referer' => 'http://yunxi.yunw8.com/index/index/bind.html',
  'accept-language' => 'zh-cn',
  'accept-encoding' => 'gzip, deflate',
)
[ info ] [ PARAM ] array (
  'openid' => 'oqwiq0aCoU4yscrBuguBXSnQDT-w',
)
[ info ] [ RUN ] app\index\controller\Index->bind[ C:\www\yunxi\application\index\controller\Index.php ]
[ info ] [ DB ] INIT sqlsrv
[ info ] [ VIEW ] C:\www\yunxi/application/index\view\index\bind.html [ array (
  0 => 'openid',
  1 => 'user',
) ]
[ info ] [ LOG ] INIT File
---------------------------------------------------------------
[ 2018-12-10T10:59:54+08:00 ] 61.151.178.217 GET /index/index/bind.html
[ info ] yunxi.yunw8.com/index/index/bind.html [运行时间：0.047728s][吞吐率：20.95req/s] [内存消耗：1,579.76kb] [文件加载：39]
[ info ] [ LANG ] C:\www\yunxi\thinkphp\lang\zh-cn.php
[ info ] [ ROUTE ] array (
  'type' => 'module',
  'module' => 
  array (
    0 => 'index',
    1 => 'index',
    2 => 'bind',
  ),
)
[ info ] [ HEADER ] array (
  'user-agent' => 'Mozilla/5.0 (iPhone; CPU iPhone OS 10_2_1 like Mac OS X) AppleWebKit/602.4.6 (KHTML, like Gecko) Mobile/14D27 MicroMessenger/6.5.5 NetType/WIFI Language/en',
  'accept' => '*/*',
  'accept-language' => 'zh-CN,zh;q=0.8,en-US;q=0.6,en;q=0.4',
  'host' => 'yunxi.yunw8.com',
  'connection' => 'keep-alive',
)
[ info ] [ PARAM ] array (
)
[ info ] [ RUN ] app\index\controller\Index->bind[ C:\www\yunxi\application\index\controller\Index.php ]
[ info ] [ DB ] INIT sqlsrv
[ info ] [ LOG ] INIT File
[ error ] [0]variable type error： boolean[C:\www\yunxi\thinkphp\library\think\Response.php:316]
---------------------------------------------------------------
[ 2018-12-10T11:00:59+08:00 ] 140.207.54.80 POST /index/index/yanzheng?signature=0828860dfab3f8b2208b8670a48d9874349b4e78&timestamp=1544410859&nonce=511298226&openid=oqwiq0aCoU4yscrBuguBXSnQDT-w
[ info ] yunxi.yunw8.com/index/index/yanzheng?signature=0828860dfab3f8b2208b8670a48d9874349b4e78&timestamp=1544410859&nonce=511298226&openid=oqwiq0aCoU4yscrBuguBXSnQDT-w [运行时间：0.049039s][吞吐率：20.39req/s] [内存消耗：2,102.18kb] [文件加载：35]
[ info ] [ LANG ] C:\www\yunxi\thinkphp\lang\zh-cn.php
[ info ] [ ROUTE ] array (
  'type' => 'module',
  'module' => 
  array (
    0 => 'index',
    1 => 'index',
    2 => 'yanzheng',
  ),
)
[ info ] [ HEADER ] array (
  'user-agent' => 'Mozilla/4.0',
  'accept' => '*/*',
  'host' => 'yunxi.yunw8.com',
  'pragma' => 'no-cache',
  'content-length' => '275',
  'content-type' => 'text/xml',
)
[ info ] [ PARAM ] array (
  'signature' => '0828860dfab3f8b2208b8670a48d9874349b4e78',
  'timestamp' => '1544410859',
  'nonce' => '511298226',
  'openid' => 'oqwiq0aCoU4yscrBuguBXSnQDT-w',
)
[ info ] [ RUN ] app\index\controller\Index->yanzheng[ C:\www\yunxi\application\index\controller\Index.php ]
[ info ] [ LOG ] INIT File
---------------------------------------------------------------
[ 2018-12-10T11:01:13+08:00 ] 140.207.54.79 POST /index/index/yanzheng?signature=0b7aa4e38dd8ba8f2b1f92e210ad7886c32d67d2&timestamp=1544410873&nonce=1063911446&openid=oqwiq0aCoU4yscrBuguBXSnQDT-w
[ info ] yunxi.yunw8.com/index/index/yanzheng?signature=0b7aa4e38dd8ba8f2b1f92e210ad7886c32d67d2&timestamp=1544410873&nonce=1063911446&openid=oqwiq0aCoU4yscrBuguBXSnQDT-w [运行时间：0.048193s][吞吐率：20.75req/s] [内存消耗：2,102.16kb] [文件加载：35]
[ info ] [ LANG ] C:\www\yunxi\thinkphp\lang\zh-cn.php
[ info ] [ ROUTE ] array (
  'type' => 'module',
  'module' => 
  array (
    0 => 'index',
    1 => 'index',
    2 => 'yanzheng',
  ),
)
[ info ] [ HEADER ] array (
  'user-agent' => 'Mozilla/4.0',
  'accept' => '*/*',
  'host' => 'yunxi.yunw8.com',
  'pragma' => 'no-cache',
  'content-length' => '275',
  'content-type' => 'text/xml',
)
[ info ] [ PARAM ] array (
  'signature' => '0b7aa4e38dd8ba8f2b1f92e210ad7886c32d67d2',
  'timestamp' => '1544410873',
  'nonce' => '1063911446',
  'openid' => 'oqwiq0aCoU4yscrBuguBXSnQDT-w',
)
[ info ] [ RUN ] app\index\controller\Index->yanzheng[ C:\www\yunxi\application\index\controller\Index.php ]
[ info ] [ LOG ] INIT File
---------------------------------------------------------------
[ 2018-12-10T11:01:20+08:00 ] 140.207.54.79 POST /index/index/yanzheng?signature=8e73a95aa686b567318681b2dd0c2f1c07f10472&timestamp=1544410880&nonce=75282657&openid=oqwiq0aCoU4yscrBuguBXSnQDT-w
[ info ] yunxi.yunw8.com/index/index/yanzheng?signature=8e73a95aa686b567318681b2dd0c2f1c07f10472&timestamp=1544410880&nonce=75282657&openid=oqwiq0aCoU4yscrBuguBXSnQDT-w [运行时间：0.047012s][吞吐率：21.27req/s] [内存消耗：2,102.17kb] [文件加载：35]
[ info ] [ LANG ] C:\www\yunxi\thinkphp\lang\zh-cn.php
[ info ] [ ROUTE ] array (
  'type' => 'module',
  'module' => 
  array (
    0 => 'index',
    1 => 'index',
    2 => 'yanzheng',
  ),
)
[ info ] [ HEADER ] array (
  'user-agent' => 'Mozilla/4.0',
  'accept' => '*/*',
  'host' => 'yunxi.yunw8.com',
  'pragma' => 'no-cache',
  'content-length' => '275',
  'content-type' => 'text/xml',
)
[ info ] [ PARAM ] array (
  'signature' => '8e73a95aa686b567318681b2dd0c2f1c07f10472',
  'timestamp' => '1544410880',
  'nonce' => '75282657',
  'openid' => 'oqwiq0aCoU4yscrBuguBXSnQDT-w',
)
[ info ] [ RUN ] app\index\controller\Index->yanzheng[ C:\www\yunxi\application\index\controller\Index.php ]
[ info ] [ LOG ] INIT File
---------------------------------------------------------------
[ 2018-12-10T11:01:32+08:00 ] 140.207.54.80 POST /index/index/yanzheng?signature=1d842eb4ae9846668764b7503bf8e866346f6d93&timestamp=1544410891&nonce=1110799608&openid=oqwiq0aCoU4yscrBuguBXSnQDT-w
[ info ] yunxi.yunw8.com/index/index/yanzheng?signature=1d842eb4ae9846668764b7503bf8e866346f6d93&timestamp=1544410891&nonce=1110799608&openid=oqwiq0aCoU4yscrBuguBXSnQDT-w [运行时间：0.565159s][吞吐率：1.77req/s] [内存消耗：2,863.23kb] [文件加载：42]
[ info ] [ LANG ] C:\www\yunxi\thinkphp\lang\zh-cn.php
[ info ] [ ROUTE ] array (
  'type' => 'module',
  'module' => 
  array (
    0 => 'index',
    1 => 'index',
    2 => 'yanzheng',
  ),
)
[ info ] [ HEADER ] array (
  'user-agent' => 'Mozilla/4.0',
  'accept' => '*/*',
  'host' => 'yunxi.yunw8.com',
  'pragma' => 'no-cache',
  'content-length' => '276',
  'content-type' => 'text/xml',
)
[ info ] [ PARAM ] array (
  'signature' => '1d842eb4ae9846668764b7503bf8e866346f6d93',
  'timestamp' => '1544410891',
  'nonce' => '1110799608',
  'openid' => 'oqwiq0aCoU4yscrBuguBXSnQDT-w',
)
[ info ] [ RUN ] app\index\controller\Index->yanzheng[ C:\www\yunxi\application\index\controller\Index.php ]
[ info ] [ DB ] INIT sqlsrv
[ info ] [ LOG ] INIT File
---------------------------------------------------------------
[ 2018-12-10T11:03:37+08:00 ] 140.207.54.80 POST /index/index/yanzheng?signature=bf5c73663680e9f5b78adda222a5a3e3f0e89520&timestamp=1544411017&nonce=1300297091&openid=oqwiq0aCoU4yscrBuguBXSnQDT-w
[ info ] yunxi.yunw8.com/index/index/yanzheng?signature=bf5c73663680e9f5b78adda222a5a3e3f0e89520&timestamp=1544411017&nonce=1300297091&openid=oqwiq0aCoU4yscrBuguBXSnQDT-w [运行时间：0.047585s][吞吐率：21.02req/s] [内存消耗：2,102.34kb] [文件加载：35]
[ info ] [ LANG ] C:\www\yunxi\thinkphp\lang\zh-cn.php
[ info ] [ ROUTE ] array (
  'type' => 'module',
  'module' => 
  array (
    0 => 'index',
    1 => 'index',
    2 => 'yanzheng',
  ),
)
[ info ] [ HEADER ] array (
  'user-agent' => 'Mozilla/4.0',
  'accept' => '*/*',
  'host' => 'yunxi.yunw8.com',
  'pragma' => 'no-cache',
  'content-length' => '348',
  'content-type' => 'text/xml',
)
[ info ] [ PARAM ] array (
  'signature' => 'bf5c73663680e9f5b78adda222a5a3e3f0e89520',
  'timestamp' => '1544411017',
  'nonce' => '1300297091',
  'openid' => 'oqwiq0aCoU4yscrBuguBXSnQDT-w',
)
[ info ] [ RUN ] app\index\controller\Index->yanzheng[ C:\www\yunxi\application\index\controller\Index.php ]
[ info ] [ LOG ] INIT File
---------------------------------------------------------------
[ 2018-12-10T11:03:37+08:00 ] 61.140.239.217 GET /index/index/getusers.html
[ info ] yunxi.yunw8.com/index/index/getusers.html [运行时间：0.047050s][吞吐率：21.25req/s] [内存消耗：2,072.80kb] [文件加载：36]
[ info ] [ LANG ] C:\www\yunxi\thinkphp\lang\zh-cn.php
[ info ] [ ROUTE ] array (
  'type' => 'module',
  'module' => 
  array (
    0 => 'index',
    1 => 'index',
    2 => 'getusers',
  ),
)
[ info ] [ HEADER ] array (
  'host' => 'yunxi.yunw8.com',
  'upgrade-insecure-requests' => '1',
  'accept' => 'text/html,application/xhtml+xml,application/xml;q=0.9,*/*;q=0.8',
  'user-agent' => 'Mozilla/5.0 (iPhone; CPU iPhone OS 11_4 like Mac OS X) AppleWebKit/605.1.15 (KHTML, like Gecko) Mobile/15F79 MicroMessenger/6.7.4(0x1607042c) NetType/WIFI Language/zh_CN',
  'accept-language' => 'zh-cn',
  'accept-encoding' => 'gzip, deflate',
  'connection' => 'keep-alive',
)
[ info ] [ PARAM ] array (
)
[ info ] [ RUN ] app\index\controller\Index->getUsers[ C:\www\yunxi\application\index\controller\Index.php ]
[ info ] [ LOG ] INIT File
---------------------------------------------------------------
[ 2018-12-10T11:03:39+08:00 ] 61.140.239.217 GET /index/index/getusers.html?code=001Hj8Sy0I8yLd10t5Uy0Uy6Sy0Hj8SD&state=wxbase
[ info ] yunxi.yunw8.com/index/index/getusers.html?code=001Hj8Sy0I8yLd10t5Uy0Uy6Sy0Hj8SD&state=wxbase [运行时间：1.126609s][吞吐率：0.89req/s] [内存消耗：2,923.87kb] [文件加载：43]
[ info ] [ LANG ] C:\www\yunxi\thinkphp\lang\zh-cn.php
[ info ] [ ROUTE ] array (
  'type' => 'module',
  'module' => 
  array (
    0 => 'index',
    1 => 'index',
    2 => 'getusers',
  ),
)
[ info ] [ HEADER ] array (
  'host' => 'yunxi.yunw8.com',
  'upgrade-insecure-requests' => '1',
  'accept' => 'text/html,application/xhtml+xml,application/xml;q=0.9,*/*;q=0.8',
  'user-agent' => 'Mozilla/5.0 (iPhone; CPU iPhone OS 11_4 like Mac OS X) AppleWebKit/605.1.15 (KHTML, like Gecko) Mobile/15F79 MicroMessenger/6.7.4(0x1607042c) NetType/WIFI Language/zh_CN',
  'accept-language' => 'zh-cn',
  'accept-encoding' => 'gzip, deflate',
  'connection' => 'keep-alive',
)
[ info ] [ PARAM ] array (
  'code' => '001Hj8Sy0I8yLd10t5Uy0Uy6Sy0Hj8SD',
  'state' => 'wxbase',
)
[ info ] [ RUN ] app\index\controller\Index->getUsers[ C:\www\yunxi\application\index\controller\Index.php ]
[ info ] [ DB ] INIT sqlsrv
[ info ] [ VIEW ] C:\www\yunxi/application/index\view\index\user.html [ array (
  0 => 'user',
  1 => 'userinfo',
) ]
[ info ] [ LOG ] INIT File
---------------------------------------------------------------
[ 2018-12-10T12:47:07+08:00 ] 183.136.190.62 GET /
[ info ] yunxi.yunw8.com/ [运行时间：0.035120s][吞吐率：28.47req/s] [内存消耗：1,296.96kb] [文件加载：32]
[ info ] [ LANG ] C:\www\yunxi\thinkphp\lang\zh-cn.php
[ info ] [ ROUTE ] array (
  'type' => 'module',
  'module' => 
  array (
    0 => '',
    1 => NULL,
    2 => NULL,
  ),
)
[ info ] [ HEADER ] array (
  'host' => 'yunxi.yunw8.com',
  'user-agent' => 'Mozilla/5.0 (Windows NT 6.1) AppleWebKit/537.36 (KHTML, like Gecko) Chrome/35.0.1916.153 Safari/537.36',
  'accept' => 'text/html,application/xhtml+xml,application/xml;q=0.9,image/webp,*/*;q=0.8',
  'accept-encoding' => '',
  'accept-language' => 'zh-CN,zh;q=0.8',
  'cache-control' => 'max-age=0',
  'connection' => 'close',
)
[ info ] [ PARAM ] array (
)
[ info ] [ RUN ] app\index\controller\Index->index[ C:\www\yunxi\application\index\controller\Index.php ]
[ info ] [ LOG ] INIT File
---------------------------------------------------------------
[ 2018-12-10T22:49:15+08:00 ] 47.97.73.152 GET /index.php/?s=index/%5Cthink%5Capp/invokefunction&function=call_user_func&vars[0]=md5&vars[1]=1
[ info ] yunxi.yunw8.com/index.php/?s=index/%5Cthink%5Capp/invokefunction&function=call_user_func&vars[0]=md5&vars[1]=1 [运行时间：0.043735s][吞吐率：22.86req/s] [内存消耗：1,050.06kb] [文件加载：29]
[ info ] [ LANG ] C:\www\yunxi\thinkphp\lang\zh-cn.php
[ info ] [ ROUTE ] array (
  'type' => 'module',
  'module' => 
  array (
    0 => 'index',
    1 => '\\think\\app',
    2 => 'invokefunction',
  ),
)
[ info ] [ HEADER ] array (
  'host' => 'yunxi.yunw8.com',
  'user-agent' => 'Mozilla/5.0 (Windows NT 10.0; Win64; x64) AppleWebKit/537.36 (KHTML, like Gecko) Chrome/66.6.2333.33 Safari/537.36',
  'accept-encoding' => 'gzip, deflate',
  'accept' => '*/*',
  'connection' => 'keep-alive',
  'accept-language' => 'zh-CN,zh;q=0.8',
)
[ info ] [ PARAM ] array (
  'function' => 'call_user_func',
  'vars' => 
  array (
    0 => 'md5',
    1 => '1',
  ),
)
[ info ] [ RUN ] think\App->invokeFunction[ C:\www\yunxi\thinkphp\library\think\App.php ]
[ info ] [ LOG ] INIT File
[ error ] [0]方法参数错误:...[C:\www\yunxi\thinkphp\library\think\App.php:431]
---------------------------------------------------------------
[ 2018-12-10T22:49:15+08:00 ] 47.97.73.152 GET /index.php/?s=user/%5Cthink%5Capp/invokefunction&function=call_user_func&vars[0]=md5&vars[1]=1
[ info ] yunxi.yunw8.com/index.php/?s=user/%5Cthink%5Capp/invokefunction&function=call_user_func&vars[0]=md5&vars[1]=1 [运行时间：0.032630s][吞吐率：30.65req/s] [内存消耗：1,056.00kb] [文件加载：30]
[ info ] [ LANG ] C:\www\yunxi\thinkphp\lang\zh-cn.php
[ info ] [ ROUTE ] array (
  'type' => 'module',
  'module' => 
  array (
    0 => 'user',
    1 => '\\think\\app',
    2 => 'invokefunction',
  ),
)
[ info ] [ HEADER ] array (
  'host' => 'yunxi.yunw8.com',
  'user-agent' => 'Mozilla/5.0 (Windows NT 10.0; Win64; x64) AppleWebKit/537.36 (KHTML, like Gecko) Chrome/66.6.2333.33 Safari/537.36',
  'accept-encoding' => 'gzip, deflate',
  'accept' => '*/*',
  'connection' => 'keep-alive',
  'accept-language' => 'zh-CN,zh;q=0.8',
)
[ info ] [ PARAM ] array (
  'function' => 'call_user_func',
  'vars' => 
  array (
    0 => 'md5',
    1 => '1',
  ),
)
[ info ] [ LOG ] INIT File
---------------------------------------------------------------
[ 2018-12-10T22:49:15+08:00 ] 47.97.73.152 GET /index.php/?s=admin/%5Cthink%5Capp/invokefunction&function=call_user_func&vars[0]=md5&vars[1]=1
[ info ] yunxi.yunw8.com/index.php/?s=admin/%5Cthink%5Capp/invokefunction&function=call_user_func&vars[0]=md5&vars[1]=1 [运行时间：0.033593s][吞吐率：29.77req/s] [内存消耗：1,056.02kb] [文件加载：30]
[ info ] [ LANG ] C:\www\yunxi\thinkphp\lang\zh-cn.php
[ info ] [ ROUTE ] array (
  'type' => 'module',
  'module' => 
  array (
    0 => 'admin',
    1 => '\\think\\app',
    2 => 'invokefunction',
  ),
)
[ info ] [ HEADER ] array (
  'host' => 'yunxi.yunw8.com',
  'user-agent' => 'Mozilla/5.0 (Windows NT 10.0; Win64; x64) AppleWebKit/537.36 (KHTML, like Gecko) Chrome/66.6.2333.33 Safari/537.36',
  'accept-encoding' => 'gzip, deflate',
  'accept' => '*/*',
  'connection' => 'keep-alive',
  'accept-language' => 'zh-CN,zh;q=0.8',
)
[ info ] [ PARAM ] array (
  'function' => 'call_user_func',
  'vars' => 
  array (
    0 => 'md5',
    1 => '1',
  ),
)
[ info ] [ LOG ] INIT File
---------------------------------------------------------------
[ 2018-12-10T22:49:15+08:00 ] 47.97.73.152 GET /index.php/?s=install/%5Cthink%5Capp/invokefunction&function=call_user_func&vars[0]=md5&vars[1]=1
[ info ] yunxi.yunw8.com/index.php/?s=install/%5Cthink%5Capp/invokefunction&function=call_user_func&vars[0]=md5&vars[1]=1 [运行时间：0.032746s][吞吐率：30.54req/s] [内存消耗：1,056.04kb] [文件加载：30]
[ info ] [ LANG ] C:\www\yunxi\thinkphp\lang\zh-cn.php
[ info ] [ ROUTE ] array (
  'type' => 'module',
  'module' => 
  array (
    0 => 'install',
    1 => '\\think\\app',
    2 => 'invokefunction',
  ),
)
[ info ] [ HEADER ] array (
  'host' => 'yunxi.yunw8.com',
  'user-agent' => 'Mozilla/5.0 (Windows NT 10.0; Win64; x64) AppleWebKit/537.36 (KHTML, like Gecko) Chrome/66.6.2333.33 Safari/537.36',
  'accept-encoding' => 'gzip, deflate',
  'accept' => '*/*',
  'connection' => 'keep-alive',
  'accept-language' => 'zh-CN,zh;q=0.8',
)
[ info ] [ PARAM ] array (
  'function' => 'call_user_func',
  'vars' => 
  array (
    0 => 'md5',
    1 => '1',
  ),
)
[ info ] [ LOG ] INIT File
