---------------------------------------------------------------
[ 2018-08-08T13:47:25+08:00 ] 183.136.190.62 GET /
[ info ] yunxi.yunw8.com/ [运行时间：0.037771s][吞吐率：26.48req/s] [内存消耗：1,296.95kb] [文件加载：32]
[ info ] [ LANG ] C:\www\yunxi\thinkphp\lang\zh-cn.php
[ info ] [ ROUTE ] array (
  'type' => 'module',
  'module' => 
  array (
    0 => '',
    1 => NULL,
    2 => NULL,
  ),
)
[ info ] [ HEADER ] array (
  'host' => 'yunxi.yunw8.com',
  'user-agent' => 'Mozilla/5.0 (Windows NT 6.1) AppleWebKit/537.36 (KHTML, like Gecko) Chrome/35.0.1916.153 Safari/537.36',
  'accept' => 'text/html,application/xhtml+xml,application/xml;q=0.9,image/webp,*/*;q=0.8',
  'accept-encoding' => '',
  'accept-language' => 'zh-CN,zh;q=0.8',
  'cache-control' => 'max-age=0',
  'connection' => 'close',
)
[ info ] [ PARAM ] array (
)
[ info ] [ RUN ] app\index\controller\Index->index[ C:\www\yunxi\application\index\controller\Index.php ]
[ info ] [ LOG ] INIT File
---------------------------------------------------------------
[ 2018-08-08T22:48:27+08:00 ] 140.207.54.80 POST /index/index/yanzheng?signature=7b0db55f32a54f76c7a58c378a3b06a793ddbc9f&timestamp=1533739706&nonce=2054609143&openid=oqwiq0QbSmSexOUT6pSSQsGDEdQo
[ info ] yunxi.yunw8.com/index/index/yanzheng?signature=7b0db55f32a54f76c7a58c378a3b06a793ddbc9f&timestamp=1533739706&nonce=2054609143&openid=oqwiq0QbSmSexOUT6pSSQsGDEdQo [运行时间：0.046715s][吞吐率：21.41req/s] [内存消耗：2,102.16kb] [文件加载：35]
[ info ] [ LANG ] C:\www\yunxi\thinkphp\lang\zh-cn.php
[ info ] [ ROUTE ] array (
  'type' => 'module',
  'module' => 
  array (
    0 => 'index',
    1 => 'index',
    2 => 'yanzheng',
  ),
)
[ info ] [ HEADER ] array (
  'user-agent' => 'Mozilla/4.0',
  'accept' => '*/*',
  'host' => 'yunxi.yunw8.com',
  'pragma' => 'no-cache',
  'content-length' => '275',
  'content-type' => 'text/xml',
)
[ info ] [ PARAM ] array (
  'signature' => '7b0db55f32a54f76c7a58c378a3b06a793ddbc9f',
  'timestamp' => '1533739706',
  'nonce' => '2054609143',
  'openid' => 'oqwiq0QbSmSexOUT6pSSQsGDEdQo',
)
[ info ] [ RUN ] app\index\controller\Index->yanzheng[ C:\www\yunxi\application\index\controller\Index.php ]
[ info ] [ LOG ] INIT File
---------------------------------------------------------------
[ 2018-08-08T22:48:40+08:00 ] 140.207.54.80 POST /index/index/yanzheng?signature=9ef14021fb689601e01c2e2a418ba603d65d21bf&timestamp=1533739720&nonce=2031369815&openid=oqwiq0QbSmSexOUT6pSSQsGDEdQo
[ info ] yunxi.yunw8.com/index/index/yanzheng?signature=9ef14021fb689601e01c2e2a418ba603d65d21bf&timestamp=1533739720&nonce=2031369815&openid=oqwiq0QbSmSexOUT6pSSQsGDEdQo [运行时间：0.045547s][吞吐率：21.96req/s] [内存消耗：2,102.16kb] [文件加载：35]
[ info ] [ LANG ] C:\www\yunxi\thinkphp\lang\zh-cn.php
[ info ] [ ROUTE ] array (
  'type' => 'module',
  'module' => 
  array (
    0 => 'index',
    1 => 'index',
    2 => 'yanzheng',
  ),
)
[ info ] [ HEADER ] array (
  'user-agent' => 'Mozilla/4.0',
  'accept' => '*/*',
  'host' => 'yunxi.yunw8.com',
  'pragma' => 'no-cache',
  'content-length' => '275',
  'content-type' => 'text/xml',
)
[ info ] [ PARAM ] array (
  'signature' => '9ef14021fb689601e01c2e2a418ba603d65d21bf',
  'timestamp' => '1533739720',
  'nonce' => '2031369815',
  'openid' => 'oqwiq0QbSmSexOUT6pSSQsGDEdQo',
)
[ info ] [ RUN ] app\index\controller\Index->yanzheng[ C:\www\yunxi\application\index\controller\Index.php ]
[ info ] [ LOG ] INIT File
---------------------------------------------------------------
[ 2018-08-08T22:48:49+08:00 ] 140.207.54.80 POST /index/index/yanzheng?signature=2cb3b0c07922ef86d2f157a1ad1020858f77e2ac&timestamp=1533739729&nonce=1506478340&openid=oqwiq0QbSmSexOUT6pSSQsGDEdQo
[ info ] yunxi.yunw8.com/index/index/yanzheng?signature=2cb3b0c07922ef86d2f157a1ad1020858f77e2ac&timestamp=1533739729&nonce=1506478340&openid=oqwiq0QbSmSexOUT6pSSQsGDEdQo [运行时间：0.044100s][吞吐率：22.68req/s] [内存消耗：2,102.16kb] [文件加载：35]
[ info ] [ LANG ] C:\www\yunxi\thinkphp\lang\zh-cn.php
[ info ] [ ROUTE ] array (
  'type' => 'module',
  'module' => 
  array (
    0 => 'index',
    1 => 'index',
    2 => 'yanzheng',
  ),
)
[ info ] [ HEADER ] array (
  'user-agent' => 'Mozilla/4.0',
  'accept' => '*/*',
  'host' => 'yunxi.yunw8.com',
  'pragma' => 'no-cache',
  'content-length' => '275',
  'content-type' => 'text/xml',
)
[ info ] [ PARAM ] array (
  'signature' => '2cb3b0c07922ef86d2f157a1ad1020858f77e2ac',
  'timestamp' => '1533739729',
  'nonce' => '1506478340',
  'openid' => 'oqwiq0QbSmSexOUT6pSSQsGDEdQo',
)
[ info ] [ RUN ] app\index\controller\Index->yanzheng[ C:\www\yunxi\application\index\controller\Index.php ]
[ info ] [ LOG ] INIT File
---------------------------------------------------------------
[ 2018-08-08T23:39:37+08:00 ] 171.43.186.57 HEAD /
[ info ] yunxi.yunw8.com/ [运行时间：0.042876s][吞吐率：23.32req/s] [内存消耗：1,295.55kb] [文件加载：32]
[ info ] [ LANG ] C:\www\yunxi\thinkphp\lang\zh-cn.php
[ info ] [ ROUTE ] array (
  'type' => 'module',
  'module' => 
  array (
    0 => '',
    1 => NULL,
    2 => NULL,
  ),
)
[ info ] [ HEADER ] array (
  'user-agent' => 'curl/7.29.0',
  'accept' => '*/*',
  'host' => 'yunxi.yunw8.com',
)
[ info ] [ PARAM ] array (
)
[ info ] [ RUN ] app\index\controller\Index->index[ C:\www\yunxi\application\index\controller\Index.php ]
[ info ] [ LOG ] INIT File
