---------------------------------------------------------------
[ 2018-08-20T14:26:58+08:00 ] 183.136.190.62 GET /
[ info ] yunxi.yunw8.com/ [运行时间：0.060478s][吞吐率：16.53req/s] [内存消耗：1,296.95kb] [文件加载：32]
[ info ] [ LANG ] C:\www\yunxi\thinkphp\lang\zh-cn.php
[ info ] [ ROUTE ] array (
  'type' => 'module',
  'module' => 
  array (
    0 => '',
    1 => NULL,
    2 => NULL,
  ),
)
[ info ] [ HEADER ] array (
  'host' => 'yunxi.yunw8.com',
  'user-agent' => 'Mozilla/5.0 (Windows NT 6.1) AppleWebKit/537.36 (KHTML, like Gecko) Chrome/35.0.1916.153 Safari/537.36',
  'accept' => 'text/html,application/xhtml+xml,application/xml;q=0.9,image/webp,*/*;q=0.8',
  'accept-encoding' => '',
  'accept-language' => 'zh-CN,zh;q=0.8',
  'cache-control' => 'max-age=0',
  'connection' => 'close',
)
[ info ] [ PARAM ] array (
)
[ info ] [ RUN ] app\index\controller\Index->index[ C:\www\yunxi\application\index\controller\Index.php ]
[ info ] [ LOG ] INIT File
---------------------------------------------------------------
[ 2018-08-20T22:28:12+08:00 ] 140.207.54.80 POST /index/index/yanzheng?signature=c826d99d3dded6499baef595bfb9937f872ec582&timestamp=1534775292&nonce=1583879374&openid=oqwiq0QhIlMAcU8VqiRvhkFIVmMw
[ info ] yunxi.yunw8.com/index/index/yanzheng?signature=c826d99d3dded6499baef595bfb9937f872ec582&timestamp=1534775292&nonce=1583879374&openid=oqwiq0QhIlMAcU8VqiRvhkFIVmMw [运行时间：0.056458s][吞吐率：17.71req/s] [内存消耗：2,102.63kb] [文件加载：35]
[ info ] [ LANG ] C:\www\yunxi\thinkphp\lang\zh-cn.php
[ info ] [ ROUTE ] array (
  'type' => 'module',
  'module' => 
  array (
    0 => 'index',
    1 => 'index',
    2 => 'yanzheng',
  ),
)
[ info ] [ HEADER ] array (
  'user-agent' => 'Mozilla/4.0',
  'accept' => '*/*',
  'host' => 'yunxi.yunw8.com',
  'pragma' => 'no-cache',
  'content-length' => '278',
  'content-type' => 'text/xml',
)
[ info ] [ PARAM ] array (
  'signature' => 'c826d99d3dded6499baef595bfb9937f872ec582',
  'timestamp' => '1534775292',
  'nonce' => '1583879374',
  'openid' => 'oqwiq0QhIlMAcU8VqiRvhkFIVmMw',
)
[ info ] [ RUN ] app\index\controller\Index->yanzheng[ C:\www\yunxi\application\index\controller\Index.php ]
[ info ] [ LOG ] INIT File
---------------------------------------------------------------
[ 2018-08-20T22:28:25+08:00 ] 140.207.54.79 POST /index/index/yanzheng?signature=b2469b59648740a4650d5179dee5bdb56d37e2b2&timestamp=1534775305&nonce=659388432&openid=oqwiq0QhIlMAcU8VqiRvhkFIVmMw
[ info ] yunxi.yunw8.com/index/index/yanzheng?signature=b2469b59648740a4650d5179dee5bdb56d37e2b2&timestamp=1534775305&nonce=659388432&openid=oqwiq0QhIlMAcU8VqiRvhkFIVmMw [运行时间：0.049718s][吞吐率：20.11req/s] [内存消耗：2,102.18kb] [文件加载：35]
[ info ] [ LANG ] C:\www\yunxi\thinkphp\lang\zh-cn.php
[ info ] [ ROUTE ] array (
  'type' => 'module',
  'module' => 
  array (
    0 => 'index',
    1 => 'index',
    2 => 'yanzheng',
  ),
)
[ info ] [ HEADER ] array (
  'user-agent' => 'Mozilla/4.0',
  'accept' => '*/*',
  'host' => 'yunxi.yunw8.com',
  'pragma' => 'no-cache',
  'content-length' => '275',
  'content-type' => 'text/xml',
)
[ info ] [ PARAM ] array (
  'signature' => 'b2469b59648740a4650d5179dee5bdb56d37e2b2',
  'timestamp' => '1534775305',
  'nonce' => '659388432',
  'openid' => 'oqwiq0QhIlMAcU8VqiRvhkFIVmMw',
)
[ info ] [ RUN ] app\index\controller\Index->yanzheng[ C:\www\yunxi\application\index\controller\Index.php ]
[ info ] [ LOG ] INIT File
---------------------------------------------------------------
[ 2018-08-20T22:28:31+08:00 ] 140.207.54.80 POST /index/index/yanzheng?signature=7a45dc1131556f75178c35530f7de14a5d168b9b&timestamp=1534775311&nonce=1740483525&openid=oqwiq0QhIlMAcU8VqiRvhkFIVmMw
[ info ] yunxi.yunw8.com/index/index/yanzheng?signature=7a45dc1131556f75178c35530f7de14a5d168b9b&timestamp=1534775311&nonce=1740483525&openid=oqwiq0QhIlMAcU8VqiRvhkFIVmMw [运行时间：0.049296s][吞吐率：20.29req/s] [内存消耗：2,102.16kb] [文件加载：35]
[ info ] [ LANG ] C:\www\yunxi\thinkphp\lang\zh-cn.php
[ info ] [ ROUTE ] array (
  'type' => 'module',
  'module' => 
  array (
    0 => 'index',
    1 => 'index',
    2 => 'yanzheng',
  ),
)
[ info ] [ HEADER ] array (
  'user-agent' => 'Mozilla/4.0',
  'accept' => '*/*',
  'host' => 'yunxi.yunw8.com',
  'pragma' => 'no-cache',
  'content-length' => '275',
  'content-type' => 'text/xml',
)
[ info ] [ PARAM ] array (
  'signature' => '7a45dc1131556f75178c35530f7de14a5d168b9b',
  'timestamp' => '1534775311',
  'nonce' => '1740483525',
  'openid' => 'oqwiq0QhIlMAcU8VqiRvhkFIVmMw',
)
[ info ] [ RUN ] app\index\controller\Index->yanzheng[ C:\www\yunxi\application\index\controller\Index.php ]
[ info ] [ LOG ] INIT File
---------------------------------------------------------------
[ 2018-08-20T22:28:44+08:00 ] 140.207.54.80 POST /index/index/yanzheng?signature=8a9ad112b328f821b04f509d57cee0d8779981ff&timestamp=1534775324&nonce=148289437&openid=oqwiq0QhIlMAcU8VqiRvhkFIVmMw
[ info ] yunxi.yunw8.com/index/index/yanzheng?signature=8a9ad112b328f821b04f509d57cee0d8779981ff&timestamp=1534775324&nonce=148289437&openid=oqwiq0QhIlMAcU8VqiRvhkFIVmMw [运行时间：0.052299s][吞吐率：19.12req/s] [内存消耗：2,102.74kb] [文件加载：35]
[ info ] [ LANG ] C:\www\yunxi\thinkphp\lang\zh-cn.php
[ info ] [ ROUTE ] array (
  'type' => 'module',
  'module' => 
  array (
    0 => 'index',
    1 => 'index',
    2 => 'yanzheng',
  ),
)
[ info ] [ HEADER ] array (
  'user-agent' => 'Mozilla/4.0',
  'accept' => '*/*',
  'host' => 'yunxi.yunw8.com',
  'pragma' => 'no-cache',
  'content-length' => '280',
  'content-type' => 'text/xml',
)
[ info ] [ PARAM ] array (
  'signature' => '8a9ad112b328f821b04f509d57cee0d8779981ff',
  'timestamp' => '1534775324',
  'nonce' => '148289437',
  'openid' => 'oqwiq0QhIlMAcU8VqiRvhkFIVmMw',
)
[ info ] [ RUN ] app\index\controller\Index->yanzheng[ C:\www\yunxi\application\index\controller\Index.php ]
[ info ] [ LOG ] INIT File
