---------------------------------------------------------------
[ 2018-08-21T13:35:04+08:00 ] 183.136.190.62 GET /
[ info ] yunxi.yunw8.com/ [运行时间：0.045376s][吞吐率：22.04req/s] [内存消耗：1,296.95kb] [文件加载：32]
[ info ] [ LANG ] C:\www\yunxi\thinkphp\lang\zh-cn.php
[ info ] [ ROUTE ] array (
  'type' => 'module',
  'module' => 
  array (
    0 => '',
    1 => NULL,
    2 => NULL,
  ),
)
[ info ] [ HEADER ] array (
  'host' => 'yunxi.yunw8.com',
  'user-agent' => 'Mozilla/5.0 (Windows NT 6.1) AppleWebKit/537.36 (KHTML, like Gecko) Chrome/35.0.1916.153 Safari/537.36',
  'accept' => 'text/html,application/xhtml+xml,application/xml;q=0.9,image/webp,*/*;q=0.8',
  'accept-encoding' => '',
  'accept-language' => 'zh-CN,zh;q=0.8',
  'cache-control' => 'max-age=0',
  'connection' => 'close',
)
[ info ] [ PARAM ] array (
)
[ info ] [ RUN ] app\index\controller\Index->index[ C:\www\yunxi\application\index\controller\Index.php ]
[ info ] [ LOG ] INIT File
---------------------------------------------------------------
[ 2018-08-21T14:58:30+08:00 ] 140.207.54.76 POST /index/index/yanzheng?signature=c3bed898b7afd521b997f60e817b8c13f351dd78&timestamp=1534834710&nonce=87492470&openid=oqwiq0WVCkgmfKMn5Kilzx2w1LIs
[ info ] yunxi.yunw8.com/index/index/yanzheng?signature=c3bed898b7afd521b997f60e817b8c13f351dd78&timestamp=1534834710&nonce=87492470&openid=oqwiq0WVCkgmfKMn5Kilzx2w1LIs [运行时间：0.052946s][吞吐率：18.89req/s] [内存消耗：2,102.17kb] [文件加载：35]
[ info ] [ LANG ] C:\www\yunxi\thinkphp\lang\zh-cn.php
[ info ] [ ROUTE ] array (
  'type' => 'module',
  'module' => 
  array (
    0 => 'index',
    1 => 'index',
    2 => 'yanzheng',
  ),
)
[ info ] [ HEADER ] array (
  'user-agent' => 'Mozilla/4.0',
  'accept' => '*/*',
  'host' => 'yunxi.yunw8.com',
  'pragma' => 'no-cache',
  'content-length' => '275',
  'content-type' => 'text/xml',
)
[ info ] [ PARAM ] array (
  'signature' => 'c3bed898b7afd521b997f60e817b8c13f351dd78',
  'timestamp' => '1534834710',
  'nonce' => '87492470',
  'openid' => 'oqwiq0WVCkgmfKMn5Kilzx2w1LIs',
)
[ info ] [ RUN ] app\index\controller\Index->yanzheng[ C:\www\yunxi\application\index\controller\Index.php ]
[ info ] [ LOG ] INIT File
---------------------------------------------------------------
[ 2018-08-21T14:58:34+08:00 ] 140.207.54.75 POST /index/index/yanzheng?signature=09fc13edd545b54bc09f9451087f775108191252&timestamp=1534834713&nonce=498904472&openid=oqwiq0WVCkgmfKMn5Kilzx2w1LIs
[ info ] yunxi.yunw8.com/index/index/yanzheng?signature=09fc13edd545b54bc09f9451087f775108191252&timestamp=1534834713&nonce=498904472&openid=oqwiq0WVCkgmfKMn5Kilzx2w1LIs [运行时间：0.503700s][吞吐率：1.99req/s] [内存消耗：2,862.67kb] [文件加载：42]
[ info ] [ LANG ] C:\www\yunxi\thinkphp\lang\zh-cn.php
[ info ] [ ROUTE ] array (
  'type' => 'module',
  'module' => 
  array (
    0 => 'index',
    1 => 'index',
    2 => 'yanzheng',
  ),
)
[ info ] [ HEADER ] array (
  'user-agent' => 'Mozilla/4.0',
  'accept' => '*/*',
  'host' => 'yunxi.yunw8.com',
  'pragma' => 'no-cache',
  'content-length' => '276',
  'content-type' => 'text/xml',
)
[ info ] [ PARAM ] array (
  'signature' => '09fc13edd545b54bc09f9451087f775108191252',
  'timestamp' => '1534834713',
  'nonce' => '498904472',
  'openid' => 'oqwiq0WVCkgmfKMn5Kilzx2w1LIs',
)
[ info ] [ RUN ] app\index\controller\Index->yanzheng[ C:\www\yunxi\application\index\controller\Index.php ]
[ info ] [ DB ] INIT sqlsrv
[ info ] [ LOG ] INIT File
---------------------------------------------------------------
[ 2018-08-21T15:19:44+08:00 ] 106.14.167.211 GET /
[ info ] yunxi.yunw8.com/ [运行时间：0.040482s][吞吐率：24.70req/s] [内存消耗：1,296.17kb] [文件加载：32]
[ info ] [ LANG ] C:\www\yunxi\thinkphp\lang\zh-cn.php
[ info ] [ ROUTE ] array (
  'type' => 'module',
  'module' => 
  array (
    0 => '',
    1 => NULL,
    2 => NULL,
  ),
)
[ info ] [ HEADER ] array (
  'user-agent' => 'Mozilla/5.0 (X11; Ubuntu; Linux x86_64; rv:36.0) Gecko/20100101 Firefox/36.0',
  'host' => 'yunxi.yunw8.com',
  'accept' => 'text/html, image/gif, image/jpeg, *; q=.2, */*; q=.2',
  'connection' => 'keep-alive',
)
[ info ] [ PARAM ] array (
)
[ info ] [ RUN ] app\index\controller\Index->index[ C:\www\yunxi\application\index\controller\Index.php ]
[ info ] [ LOG ] INIT File
