---------------------------------------------------------------
[ 2018-11-06T14:06:07+08:00 ] 115.192.171.88 GET /index/index/jilu/CardsCode/18989864879.html
[ info ] yunxi.yunw8.com/index/index/jilu/CardsCode/18989864879.html [运行时间：1.081517s][吞吐率：0.92req/s] [内存消耗：2,313.16kb] [文件加载：45]
[ info ] [ LANG ] C:\www\yunxi\thinkphp\lang\zh-cn.php
[ info ] [ ROUTE ] array (
  'type' => 'module',
  'module' => 
  array (
    0 => 'index',
    1 => 'index',
    2 => 'jilu',
  ),
)
[ info ] [ HEADER ] array (
  'accept' => 'text/html,application/xhtml+xml,application/xml;q=0.9,image/webp,image/apng,image/wxpic,image/sharpp,image/apng,image/tpg,*/*;q=0.8',
  'accept-encoding' => 'gzip',
  'accept-language' => 'zh-CN,en-US;q=0.8',
  'connection' => 'close',
  'host' => 'yunxi.yunw8.com',
  'user-agent' => 'Mozilla/5.0 (Linux; Android 8.0; EVA-AL10 Build/HUAWEIEVA-AL10; wv) AppleWebKit/537.36 (KHTML, like Gecko) Version/4.0 Chrome/57.0.2987.132 MQQBrowser/6.2 TBS/044306 Mobile Safari/537.36 MicroMessenger/6.7.3.1360(0x26070337) NetType/WIFI Language/zh_CN Process/tools',
  'x-forwarded-for' => '115.192.171.88',
  'x-forwarded-for-pound' => '115.192.171.88',
)
[ info ] [ PARAM ] array (
  'CardsCode' => '18989864879',
)
[ info ] [ RUN ] app\index\controller\Index->jilu[ C:\www\yunxi\application\index\controller\Index.php ]
[ info ] [ DB ] INIT sqlsrv
[ info ] [ VIEW ] C:\www\yunxi/application/index\view\index\jilu.html [ array (
  0 => 'list',
  1 => 'page',
) ]
[ info ] [ LOG ] INIT File
---------------------------------------------------------------
[ 2018-11-06T14:06:18+08:00 ] 115.192.171.88 GET /index/index/getusers.html
[ info ] yunxi.yunw8.com/index/index/getusers.html [运行时间：0.046186s][吞吐率：21.65req/s] [内存消耗：2,073.73kb] [文件加载：36]
[ info ] [ LANG ] C:\www\yunxi\thinkphp\lang\zh-cn.php
[ info ] [ ROUTE ] array (
  'type' => 'module',
  'module' => 
  array (
    0 => 'index',
    1 => 'index',
    2 => 'getusers',
  ),
)
[ info ] [ HEADER ] array (
  'accept' => 'text/html,application/xhtml+xml,application/xml;q=0.9,image/webp,image/apng,image/wxpic,image/sharpp,image/apng,image/tpg,*/*;q=0.8',
  'accept-encoding' => 'gzip',
  'accept-language' => 'zh-CN,en-US;q=0.8',
  'connection' => 'close',
  'host' => 'yunxi.yunw8.com',
  'user-agent' => 'Mozilla/5.0 (Linux; Android 8.0; EVA-AL10 Build/HUAWEIEVA-AL10; wv) AppleWebKit/537.36 (KHTML, like Gecko) Version/4.0 Chrome/57.0.2987.132 MQQBrowser/6.2 TBS/044306 Mobile Safari/537.36 MicroMessenger/6.7.3.1360(0x26070337) NetType/WIFI Language/zh_CN Process/tools',
  'x-forwarded-for' => '115.192.171.88',
  'x-forwarded-for-pound' => '115.192.171.88',
)
[ info ] [ PARAM ] array (
)
[ info ] [ RUN ] app\index\controller\Index->getUsers[ C:\www\yunxi\application\index\controller\Index.php ]
[ info ] [ LOG ] INIT File
---------------------------------------------------------------
[ 2018-11-06T14:06:20+08:00 ] 115.192.171.88 GET /index/index/getusers.html?code=071B6agI0tVE2i2UqGgI02t3gI0B6ag4&state=wxbase
[ info ] yunxi.yunw8.com/index/index/getusers.html?code=071B6agI0tVE2i2UqGgI02t3gI0B6ag4&state=wxbase [运行时间：1.390908s][吞吐率：0.72req/s] [内存消耗：2,924.69kb] [文件加载：43]
[ info ] [ LANG ] C:\www\yunxi\thinkphp\lang\zh-cn.php
[ info ] [ ROUTE ] array (
  'type' => 'module',
  'module' => 
  array (
    0 => 'index',
    1 => 'index',
    2 => 'getusers',
  ),
)
[ info ] [ HEADER ] array (
  'accept' => 'text/html,application/xhtml+xml,application/xml;q=0.9,image/webp,image/apng,image/wxpic,image/sharpp,image/apng,image/tpg,*/*;q=0.8',
  'accept-encoding' => 'gzip',
  'accept-language' => 'zh-CN,en-US;q=0.8',
  'connection' => 'close',
  'host' => 'yunxi.yunw8.com',
  'user-agent' => 'Mozilla/5.0 (Linux; Android 8.0; EVA-AL10 Build/HUAWEIEVA-AL10; wv) AppleWebKit/537.36 (KHTML, like Gecko) Version/4.0 Chrome/57.0.2987.132 MQQBrowser/6.2 TBS/044306 Mobile Safari/537.36 MicroMessenger/6.7.3.1360(0x26070337) NetType/WIFI Language/zh_CN Process/tools',
  'x-forwarded-for' => '115.192.171.88',
  'x-forwarded-for-pound' => '115.192.171.88',
)
[ info ] [ PARAM ] array (
  'code' => '071B6agI0tVE2i2UqGgI02t3gI0B6ag4',
  'state' => 'wxbase',
)
[ info ] [ RUN ] app\index\controller\Index->getUsers[ C:\www\yunxi\application\index\controller\Index.php ]
[ info ] [ DB ] INIT sqlsrv
[ info ] [ VIEW ] C:\www\yunxi/application/index\view\index\user.html [ array (
  0 => 'user',
  1 => 'userinfo',
) ]
[ info ] [ LOG ] INIT File
---------------------------------------------------------------
[ 2018-11-06T14:06:52+08:00 ] 140.207.54.79 POST /index/index/yanzheng?signature=9e6d1f615201a301ced483f4561526b3adb06cca&timestamp=1541484412&nonce=1006807006&openid=oqwiq0b9p-VHRSvbS4QJyHJA9NyI
[ info ] yunxi.yunw8.com/index/index/yanzheng?signature=9e6d1f615201a301ced483f4561526b3adb06cca&timestamp=1541484412&nonce=1006807006&openid=oqwiq0b9p-VHRSvbS4QJyHJA9NyI [运行时间：0.048044s][吞吐率：20.81req/s] [内存消耗：2,102.16kb] [文件加载：35]
[ info ] [ LANG ] C:\www\yunxi\thinkphp\lang\zh-cn.php
[ info ] [ ROUTE ] array (
  'type' => 'module',
  'module' => 
  array (
    0 => 'index',
    1 => 'index',
    2 => 'yanzheng',
  ),
)
[ info ] [ HEADER ] array (
  'user-agent' => 'Mozilla/4.0',
  'accept' => '*/*',
  'host' => 'yunxi.yunw8.com',
  'pragma' => 'no-cache',
  'content-length' => '275',
  'content-type' => 'text/xml',
)
[ info ] [ PARAM ] array (
  'signature' => '9e6d1f615201a301ced483f4561526b3adb06cca',
  'timestamp' => '1541484412',
  'nonce' => '1006807006',
  'openid' => 'oqwiq0b9p-VHRSvbS4QJyHJA9NyI',
)
[ info ] [ RUN ] app\index\controller\Index->yanzheng[ C:\www\yunxi\application\index\controller\Index.php ]
[ info ] [ LOG ] INIT File
---------------------------------------------------------------
[ 2018-11-06T14:06:58+08:00 ] 140.207.54.80 POST /index/index/yanzheng?signature=3f66af2f49f2ac47df3e03eb23e8ce74f59065cc&timestamp=1541484417&nonce=1113294971&openid=oqwiq0b9p-VHRSvbS4QJyHJA9NyI
[ info ] yunxi.yunw8.com/index/index/yanzheng?signature=3f66af2f49f2ac47df3e03eb23e8ce74f59065cc&timestamp=1541484417&nonce=1113294971&openid=oqwiq0b9p-VHRSvbS4QJyHJA9NyI [运行时间：0.216286s][吞吐率：4.62req/s] [内存消耗：2,924.41kb] [文件加载：43]
[ info ] [ LANG ] C:\www\yunxi\thinkphp\lang\zh-cn.php
[ info ] [ ROUTE ] array (
  'type' => 'module',
  'module' => 
  array (
    0 => 'index',
    1 => 'index',
    2 => 'yanzheng',
  ),
)
[ info ] [ HEADER ] array (
  'user-agent' => 'Mozilla/4.0',
  'accept' => '*/*',
  'host' => 'yunxi.yunw8.com',
  'pragma' => 'no-cache',
  'content-length' => '276',
  'content-type' => 'text/xml',
)
[ info ] [ PARAM ] array (
  'signature' => '3f66af2f49f2ac47df3e03eb23e8ce74f59065cc',
  'timestamp' => '1541484417',
  'nonce' => '1113294971',
  'openid' => 'oqwiq0b9p-VHRSvbS4QJyHJA9NyI',
)
[ info ] [ RUN ] app\index\controller\Index->yanzheng[ C:\www\yunxi\application\index\controller\Index.php ]
[ info ] [ DB ] INIT sqlsrv
[ info ] [ LOG ] INIT File
---------------------------------------------------------------
[ 2018-11-06T14:07:02+08:00 ] 140.207.54.79 POST /index/index/yanzheng?signature=35e0ce4b22d6adb412d26322db079fae925038db&timestamp=1541484422&nonce=1676878329&openid=oqwiq0b9p-VHRSvbS4QJyHJA9NyI
[ info ] yunxi.yunw8.com/index/index/yanzheng?signature=35e0ce4b22d6adb412d26322db079fae925038db&timestamp=1541484422&nonce=1676878329&openid=oqwiq0b9p-VHRSvbS4QJyHJA9NyI [运行时间：0.047964s][吞吐率：20.85req/s] [内存消耗：2,102.16kb] [文件加载：35]
[ info ] [ LANG ] C:\www\yunxi\thinkphp\lang\zh-cn.php
[ info ] [ ROUTE ] array (
  'type' => 'module',
  'module' => 
  array (
    0 => 'index',
    1 => 'index',
    2 => 'yanzheng',
  ),
)
[ info ] [ HEADER ] array (
  'user-agent' => 'Mozilla/4.0',
  'accept' => '*/*',
  'host' => 'yunxi.yunw8.com',
  'pragma' => 'no-cache',
  'content-length' => '275',
  'content-type' => 'text/xml',
)
[ info ] [ PARAM ] array (
  'signature' => '35e0ce4b22d6adb412d26322db079fae925038db',
  'timestamp' => '1541484422',
  'nonce' => '1676878329',
  'openid' => 'oqwiq0b9p-VHRSvbS4QJyHJA9NyI',
)
[ info ] [ RUN ] app\index\controller\Index->yanzheng[ C:\www\yunxi\application\index\controller\Index.php ]
[ info ] [ LOG ] INIT File
---------------------------------------------------------------
[ 2018-11-06T14:07:06+08:00 ] 61.151.178.163 GET /index/index/jilu/CardsCode/18989864879.html
[ info ] yunxi.yunw8.com/index/index/jilu/CardsCode/18989864879.html [运行时间：0.281694s][吞吐率：3.55req/s] [内存消耗：2,311.98kb] [文件加载：45]
[ info ] [ LANG ] C:\www\yunxi\thinkphp\lang\zh-cn.php
[ info ] [ ROUTE ] array (
  'type' => 'module',
  'module' => 
  array (
    0 => 'index',
    1 => 'index',
    2 => 'jilu',
  ),
)
[ info ] [ HEADER ] array (
  'user-agent' => 'Mozilla/5.0 (Linux; Android 4.4.4; HUAWEI ALE-CL00 Build/HuaweiALE-CL00; wv) AppleWebKit/537.36 (KHTML, like Gecko) Version/4.0 Chrome/53.0.2785.49 Mobile MQQBrowser/6.2 TBS/043024 Safari/537.36 MicroMessenger/6.5.4.1000 NetType/4G Language/zh_CN',
  'accept' => '*/*',
  'accept-language' => 'zh-CN,zh;q=0.8,en-US;q=0.6,en;q=0.4',
  'host' => 'yunxi.yunw8.com',
  'connection' => 'keep-alive',
)
[ info ] [ PARAM ] array (
  'CardsCode' => '18989864879',
)
[ info ] [ RUN ] app\index\controller\Index->jilu[ C:\www\yunxi\application\index\controller\Index.php ]
[ info ] [ DB ] INIT sqlsrv
[ info ] [ VIEW ] C:\www\yunxi/application/index\view\index\jilu.html [ array (
  0 => 'list',
  1 => 'page',
) ]
[ info ] [ LOG ] INIT File
---------------------------------------------------------------
[ 2018-11-06T14:07:07+08:00 ] 140.207.54.80 POST /index/index/yanzheng?signature=b80bc7ecbdea289604c5814b532cf609616411be&timestamp=1541484427&nonce=237355935&openid=oqwiq0b9p-VHRSvbS4QJyHJA9NyI
[ info ] yunxi.yunw8.com/index/index/yanzheng?signature=b80bc7ecbdea289604c5814b532cf609616411be&timestamp=1541484427&nonce=237355935&openid=oqwiq0b9p-VHRSvbS4QJyHJA9NyI [运行时间：0.055149s][吞吐率：18.13req/s] [内存消耗：2,102.18kb] [文件加载：35]
[ info ] [ LANG ] C:\www\yunxi\thinkphp\lang\zh-cn.php
[ info ] [ ROUTE ] array (
  'type' => 'module',
  'module' => 
  array (
    0 => 'index',
    1 => 'index',
    2 => 'yanzheng',
  ),
)
[ info ] [ HEADER ] array (
  'user-agent' => 'Mozilla/4.0',
  'accept' => '*/*',
  'host' => 'yunxi.yunw8.com',
  'pragma' => 'no-cache',
  'content-length' => '275',
  'content-type' => 'text/xml',
)
[ info ] [ PARAM ] array (
  'signature' => 'b80bc7ecbdea289604c5814b532cf609616411be',
  'timestamp' => '1541484427',
  'nonce' => '237355935',
  'openid' => 'oqwiq0b9p-VHRSvbS4QJyHJA9NyI',
)
[ info ] [ RUN ] app\index\controller\Index->yanzheng[ C:\www\yunxi\application\index\controller\Index.php ]
[ info ] [ LOG ] INIT File
---------------------------------------------------------------
[ 2018-11-06T14:07:11+08:00 ] 140.207.54.80 POST /index/index/yanzheng?signature=0907ca54453a4690c0b816363f9ba8737b36ca72&timestamp=1541484431&nonce=1735688110&openid=oqwiq0b9p-VHRSvbS4QJyHJA9NyI
[ info ] yunxi.yunw8.com/index/index/yanzheng?signature=0907ca54453a4690c0b816363f9ba8737b36ca72&timestamp=1541484431&nonce=1735688110&openid=oqwiq0b9p-VHRSvbS4QJyHJA9NyI [运行时间：0.043662s][吞吐率：22.90req/s] [内存消耗：2,102.16kb] [文件加载：35]
[ info ] [ LANG ] C:\www\yunxi\thinkphp\lang\zh-cn.php
[ info ] [ ROUTE ] array (
  'type' => 'module',
  'module' => 
  array (
    0 => 'index',
    1 => 'index',
    2 => 'yanzheng',
  ),
)
[ info ] [ HEADER ] array (
  'user-agent' => 'Mozilla/4.0',
  'accept' => '*/*',
  'host' => 'yunxi.yunw8.com',
  'pragma' => 'no-cache',
  'content-length' => '275',
  'content-type' => 'text/xml',
)
[ info ] [ PARAM ] array (
  'signature' => '0907ca54453a4690c0b816363f9ba8737b36ca72',
  'timestamp' => '1541484431',
  'nonce' => '1735688110',
  'openid' => 'oqwiq0b9p-VHRSvbS4QJyHJA9NyI',
)
[ info ] [ RUN ] app\index\controller\Index->yanzheng[ C:\www\yunxi\application\index\controller\Index.php ]
[ info ] [ LOG ] INIT File
---------------------------------------------------------------
[ 2018-11-06T14:07:12+08:00 ] 140.207.54.79 POST /index/index/yanzheng?signature=ee5173a1fb148e4eb8273040e60c953d17935f2f&timestamp=1541484432&nonce=447167848&openid=oqwiq0b9p-VHRSvbS4QJyHJA9NyI
[ info ] yunxi.yunw8.com/index/index/yanzheng?signature=ee5173a1fb148e4eb8273040e60c953d17935f2f&timestamp=1541484432&nonce=447167848&openid=oqwiq0b9p-VHRSvbS4QJyHJA9NyI [运行时间：0.047613s][吞吐率：21.00req/s] [内存消耗：2,102.18kb] [文件加载：35]
[ info ] [ LANG ] C:\www\yunxi\thinkphp\lang\zh-cn.php
[ info ] [ ROUTE ] array (
  'type' => 'module',
  'module' => 
  array (
    0 => 'index',
    1 => 'index',
    2 => 'yanzheng',
  ),
)
[ info ] [ HEADER ] array (
  'user-agent' => 'Mozilla/4.0',
  'accept' => '*/*',
  'host' => 'yunxi.yunw8.com',
  'pragma' => 'no-cache',
  'content-length' => '275',
  'content-type' => 'text/xml',
)
[ info ] [ PARAM ] array (
  'signature' => 'ee5173a1fb148e4eb8273040e60c953d17935f2f',
  'timestamp' => '1541484432',
  'nonce' => '447167848',
  'openid' => 'oqwiq0b9p-VHRSvbS4QJyHJA9NyI',
)
[ info ] [ RUN ] app\index\controller\Index->yanzheng[ C:\www\yunxi\application\index\controller\Index.php ]
[ info ] [ LOG ] INIT File
---------------------------------------------------------------
[ 2018-11-06T14:07:13+08:00 ] 140.207.54.80 POST /index/index/yanzheng?signature=a06d399a46b83432cbd540deab51fc420b20ffc1&timestamp=1541484433&nonce=1265179378&openid=oqwiq0b9p-VHRSvbS4QJyHJA9NyI
[ info ] yunxi.yunw8.com/index/index/yanzheng?signature=a06d399a46b83432cbd540deab51fc420b20ffc1&timestamp=1541484433&nonce=1265179378&openid=oqwiq0b9p-VHRSvbS4QJyHJA9NyI [运行时间：0.043375s][吞吐率：23.05req/s] [内存消耗：2,102.16kb] [文件加载：35]
[ info ] [ LANG ] C:\www\yunxi\thinkphp\lang\zh-cn.php
[ info ] [ ROUTE ] array (
  'type' => 'module',
  'module' => 
  array (
    0 => 'index',
    1 => 'index',
    2 => 'yanzheng',
  ),
)
[ info ] [ HEADER ] array (
  'user-agent' => 'Mozilla/4.0',
  'accept' => '*/*',
  'host' => 'yunxi.yunw8.com',
  'pragma' => 'no-cache',
  'content-length' => '275',
  'content-type' => 'text/xml',
)
[ info ] [ PARAM ] array (
  'signature' => 'a06d399a46b83432cbd540deab51fc420b20ffc1',
  'timestamp' => '1541484433',
  'nonce' => '1265179378',
  'openid' => 'oqwiq0b9p-VHRSvbS4QJyHJA9NyI',
)
[ info ] [ RUN ] app\index\controller\Index->yanzheng[ C:\www\yunxi\application\index\controller\Index.php ]
[ info ] [ LOG ] INIT File
---------------------------------------------------------------
[ 2018-11-06T14:07:14+08:00 ] 140.207.54.80 POST /index/index/yanzheng?signature=c625f58343715192426b45f2490bcf41747c82d9&timestamp=1541484434&nonce=1384844419&openid=oqwiq0b9p-VHRSvbS4QJyHJA9NyI
[ info ] yunxi.yunw8.com/index/index/yanzheng?signature=c625f58343715192426b45f2490bcf41747c82d9&timestamp=1541484434&nonce=1384844419&openid=oqwiq0b9p-VHRSvbS4QJyHJA9NyI [运行时间：0.046661s][吞吐率：21.43req/s] [内存消耗：2,102.16kb] [文件加载：35]
[ info ] [ LANG ] C:\www\yunxi\thinkphp\lang\zh-cn.php
[ info ] [ ROUTE ] array (
  'type' => 'module',
  'module' => 
  array (
    0 => 'index',
    1 => 'index',
    2 => 'yanzheng',
  ),
)
[ info ] [ HEADER ] array (
  'user-agent' => 'Mozilla/4.0',
  'accept' => '*/*',
  'host' => 'yunxi.yunw8.com',
  'pragma' => 'no-cache',
  'content-length' => '275',
  'content-type' => 'text/xml',
)
[ info ] [ PARAM ] array (
  'signature' => 'c625f58343715192426b45f2490bcf41747c82d9',
  'timestamp' => '1541484434',
  'nonce' => '1384844419',
  'openid' => 'oqwiq0b9p-VHRSvbS4QJyHJA9NyI',
)
[ info ] [ RUN ] app\index\controller\Index->yanzheng[ C:\www\yunxi\application\index\controller\Index.php ]
[ info ] [ LOG ] INIT File
---------------------------------------------------------------
[ 2018-11-06T14:07:16+08:00 ] 140.207.54.80 POST /index/index/yanzheng?signature=ed57fe8eb543f0647389e9c91b82b93a1ef38268&timestamp=1541484436&nonce=122722446&openid=oqwiq0b9p-VHRSvbS4QJyHJA9NyI
[ info ] yunxi.yunw8.com/index/index/yanzheng?signature=ed57fe8eb543f0647389e9c91b82b93a1ef38268&timestamp=1541484436&nonce=122722446&openid=oqwiq0b9p-VHRSvbS4QJyHJA9NyI [运行时间：0.049998s][吞吐率：20.00req/s] [内存消耗：2,102.18kb] [文件加载：35]
[ info ] [ LANG ] C:\www\yunxi\thinkphp\lang\zh-cn.php
[ info ] [ ROUTE ] array (
  'type' => 'module',
  'module' => 
  array (
    0 => 'index',
    1 => 'index',
    2 => 'yanzheng',
  ),
)
[ info ] [ HEADER ] array (
  'user-agent' => 'Mozilla/4.0',
  'accept' => '*/*',
  'host' => 'yunxi.yunw8.com',
  'pragma' => 'no-cache',
  'content-length' => '275',
  'content-type' => 'text/xml',
)
[ info ] [ PARAM ] array (
  'signature' => 'ed57fe8eb543f0647389e9c91b82b93a1ef38268',
  'timestamp' => '1541484436',
  'nonce' => '122722446',
  'openid' => 'oqwiq0b9p-VHRSvbS4QJyHJA9NyI',
)
[ info ] [ RUN ] app\index\controller\Index->yanzheng[ C:\www\yunxi\application\index\controller\Index.php ]
[ info ] [ LOG ] INIT File
---------------------------------------------------------------
[ 2018-11-06T14:07:17+08:00 ] 101.89.29.78 GET /index/index/getusers.html
[ info ] yunxi.yunw8.com/index/index/getusers.html [运行时间：0.047345s][吞吐率：21.12req/s] [内存消耗：2,072.25kb] [文件加载：36]
[ info ] [ LANG ] C:\www\yunxi\thinkphp\lang\zh-cn.php
[ info ] [ ROUTE ] array (
  'type' => 'module',
  'module' => 
  array (
    0 => 'index',
    1 => 'index',
    2 => 'getusers',
  ),
)
[ info ] [ HEADER ] array (
  'user-agent' => 'Mozilla/5.0 (iPhone; CPU iPhone OS 10_2_1 like Mac OS X) AppleWebKit/602.4.6 (KHTML, like Gecko) Mobile/14D27 MicroMessenger/6.5.5 NetType/WIFI Language/en',
  'accept' => '*/*',
  'accept-language' => 'zh-CN,zh;q=0.8,en-US;q=0.6,en;q=0.4',
  'host' => 'yunxi.yunw8.com',
  'connection' => 'keep-alive',
)
[ info ] [ PARAM ] array (
)
[ info ] [ RUN ] app\index\controller\Index->getUsers[ C:\www\yunxi\application\index\controller\Index.php ]
[ info ] [ LOG ] INIT File
---------------------------------------------------------------
[ 2018-11-06T14:07:18+08:00 ] 140.207.54.80 POST /index/index/yanzheng?signature=e076b036761eb66df0f881769f5dbab429860a81&timestamp=1541484437&nonce=49244461&openid=oqwiq0b9p-VHRSvbS4QJyHJA9NyI
[ info ] yunxi.yunw8.com/index/index/yanzheng?signature=e076b036761eb66df0f881769f5dbab429860a81&timestamp=1541484437&nonce=49244461&openid=oqwiq0b9p-VHRSvbS4QJyHJA9NyI [运行时间：0.046503s][吞吐率：21.50req/s] [内存消耗：2,102.17kb] [文件加载：35]
[ info ] [ LANG ] C:\www\yunxi\thinkphp\lang\zh-cn.php
[ info ] [ ROUTE ] array (
  'type' => 'module',
  'module' => 
  array (
    0 => 'index',
    1 => 'index',
    2 => 'yanzheng',
  ),
)
[ info ] [ HEADER ] array (
  'user-agent' => 'Mozilla/4.0',
  'accept' => '*/*',
  'host' => 'yunxi.yunw8.com',
  'pragma' => 'no-cache',
  'content-length' => '275',
  'content-type' => 'text/xml',
)
[ info ] [ PARAM ] array (
  'signature' => 'e076b036761eb66df0f881769f5dbab429860a81',
  'timestamp' => '1541484437',
  'nonce' => '49244461',
  'openid' => 'oqwiq0b9p-VHRSvbS4QJyHJA9NyI',
)
[ info ] [ RUN ] app\index\controller\Index->yanzheng[ C:\www\yunxi\application\index\controller\Index.php ]
[ info ] [ LOG ] INIT File
---------------------------------------------------------------
[ 2018-11-06T14:27:32+08:00 ] 183.136.190.62 GET /
[ info ] yunxi.yunw8.com/ [运行时间：0.038423s][吞吐率：26.03req/s] [内存消耗：1,296.96kb] [文件加载：32]
[ info ] [ LANG ] C:\www\yunxi\thinkphp\lang\zh-cn.php
[ info ] [ ROUTE ] array (
  'type' => 'module',
  'module' => 
  array (
    0 => '',
    1 => NULL,
    2 => NULL,
  ),
)
[ info ] [ HEADER ] array (
  'host' => 'yunxi.yunw8.com',
  'user-agent' => 'Mozilla/5.0 (Windows NT 6.1) AppleWebKit/537.36 (KHTML, like Gecko) Chrome/35.0.1916.153 Safari/537.36',
  'accept' => 'text/html,application/xhtml+xml,application/xml;q=0.9,image/webp,*/*;q=0.8',
  'accept-encoding' => '',
  'accept-language' => 'zh-CN,zh;q=0.8',
  'cache-control' => 'max-age=0',
  'connection' => 'close',
)
[ info ] [ PARAM ] array (
)
[ info ] [ RUN ] app\index\controller\Index->index[ C:\www\yunxi\application\index\controller\Index.php ]
[ info ] [ LOG ] INIT File
