---------------------------------------------------------------
[ 2018-11-19T09:47:31+08:00 ] 140.207.54.76 POST /index/index/yanzheng?signature=1d344bcfbb678c04c4cfd30e4b072e5538667672&timestamp=1542592051&nonce=963263641&openid=oqwiq0fd79ZP_9fxaPgDhIF2k--c
[ info ] yunxi.yunw8.com/index/index/yanzheng?signature=1d344bcfbb678c04c4cfd30e4b072e5538667672&timestamp=1542592051&nonce=963263641&openid=oqwiq0fd79ZP_9fxaPgDhIF2k--c [运行时间：0.047161s][吞吐率：21.20req/s] [内存消耗：2,102.17kb] [文件加载：35]
[ info ] [ LANG ] C:\www\yunxi\thinkphp\lang\zh-cn.php
[ info ] [ ROUTE ] array (
  'type' => 'module',
  'module' => 
  array (
    0 => 'index',
    1 => 'index',
    2 => 'yanzheng',
  ),
)
[ info ] [ HEADER ] array (
  'user-agent' => 'Mozilla/4.0',
  'accept' => '*/*',
  'host' => 'yunxi.yunw8.com',
  'pragma' => 'no-cache',
  'content-length' => '275',
  'content-type' => 'text/xml',
)
[ info ] [ PARAM ] array (
  'signature' => '1d344bcfbb678c04c4cfd30e4b072e5538667672',
  'timestamp' => '1542592051',
  'nonce' => '963263641',
  'openid' => 'oqwiq0fd79ZP_9fxaPgDhIF2k--c',
)
[ info ] [ RUN ] app\index\controller\Index->yanzheng[ C:\www\yunxi\application\index\controller\Index.php ]
[ info ] [ LOG ] INIT File
---------------------------------------------------------------
[ 2018-11-19T09:47:39+08:00 ] 140.207.54.76 POST /index/index/yanzheng?signature=69ba78bc5c04aff736df4a3b85340a1aba7eca2f&timestamp=1542592059&nonce=721492634&openid=oqwiq0fd79ZP_9fxaPgDhIF2k--c
[ info ] yunxi.yunw8.com/index/index/yanzheng?signature=69ba78bc5c04aff736df4a3b85340a1aba7eca2f&timestamp=1542592059&nonce=721492634&openid=oqwiq0fd79ZP_9fxaPgDhIF2k--c [运行时间：0.044937s][吞吐率：22.25req/s] [内存消耗：2,102.18kb] [文件加载：35]
[ info ] [ LANG ] C:\www\yunxi\thinkphp\lang\zh-cn.php
[ info ] [ ROUTE ] array (
  'type' => 'module',
  'module' => 
  array (
    0 => 'index',
    1 => 'index',
    2 => 'yanzheng',
  ),
)
[ info ] [ HEADER ] array (
  'user-agent' => 'Mozilla/4.0',
  'accept' => '*/*',
  'host' => 'yunxi.yunw8.com',
  'pragma' => 'no-cache',
  'content-length' => '275',
  'content-type' => 'text/xml',
)
[ info ] [ PARAM ] array (
  'signature' => '69ba78bc5c04aff736df4a3b85340a1aba7eca2f',
  'timestamp' => '1542592059',
  'nonce' => '721492634',
  'openid' => 'oqwiq0fd79ZP_9fxaPgDhIF2k--c',
)
[ info ] [ RUN ] app\index\controller\Index->yanzheng[ C:\www\yunxi\application\index\controller\Index.php ]
[ info ] [ LOG ] INIT File
---------------------------------------------------------------
[ 2018-11-19T14:31:13+08:00 ] 183.136.190.62 GET /
[ info ] yunxi.yunw8.com/ [运行时间：0.047983s][吞吐率：20.84req/s] [内存消耗：1,296.96kb] [文件加载：32]
[ info ] [ LANG ] C:\www\yunxi\thinkphp\lang\zh-cn.php
[ info ] [ ROUTE ] array (
  'type' => 'module',
  'module' => 
  array (
    0 => '',
    1 => NULL,
    2 => NULL,
  ),
)
[ info ] [ HEADER ] array (
  'host' => 'yunxi.yunw8.com',
  'user-agent' => 'Mozilla/5.0 (Windows NT 6.1) AppleWebKit/537.36 (KHTML, like Gecko) Chrome/35.0.1916.153 Safari/537.36',
  'accept' => 'text/html,application/xhtml+xml,application/xml;q=0.9,image/webp,*/*;q=0.8',
  'accept-encoding' => '',
  'accept-language' => 'zh-CN,zh;q=0.8',
  'cache-control' => 'max-age=0',
  'connection' => 'close',
)
[ info ] [ PARAM ] array (
)
[ info ] [ RUN ] app\index\controller\Index->index[ C:\www\yunxi\application\index\controller\Index.php ]
[ info ] [ LOG ] INIT File
