---------------------------------------------------------------
[ 2018-09-06T13:39:11+08:00 ] 183.136.190.62 GET /
[ info ] yunxi.yunw8.com/ [运行时间：0.039089s][吞吐率：25.58req/s] [内存消耗：1,296.95kb] [文件加载：32]
[ info ] [ LANG ] C:\www\yunxi\thinkphp\lang\zh-cn.php
[ info ] [ ROUTE ] array (
  'type' => 'module',
  'module' => 
  array (
    0 => '',
    1 => NULL,
    2 => NULL,
  ),
)
[ info ] [ HEADER ] array (
  'host' => 'yunxi.yunw8.com',
  'user-agent' => 'Mozilla/5.0 (Windows NT 6.1) AppleWebKit/537.36 (KHTML, like Gecko) Chrome/35.0.1916.153 Safari/537.36',
  'accept' => 'text/html,application/xhtml+xml,application/xml;q=0.9,image/webp,*/*;q=0.8',
  'accept-encoding' => '',
  'accept-language' => 'zh-CN,zh;q=0.8',
  'cache-control' => 'max-age=0',
  'connection' => 'close',
)
[ info ] [ PARAM ] array (
)
[ info ] [ RUN ] app\index\controller\Index->index[ C:\www\yunxi\application\index\controller\Index.php ]
[ info ] [ LOG ] INIT File
---------------------------------------------------------------
[ 2018-09-06T21:56:00+08:00 ] 140.207.54.76 POST /index/index/yanzheng?signature=a9c0760af75c3fd34816acb12427678ee0d77c1a&timestamp=1536242160&nonce=698983624&openid=oqwiq0ULD1AFr4QjEbohUqu3SjSM
[ info ] yunxi.yunw8.com/index/index/yanzheng?signature=a9c0760af75c3fd34816acb12427678ee0d77c1a&timestamp=1536242160&nonce=698983624&openid=oqwiq0ULD1AFr4QjEbohUqu3SjSM [运行时间：0.050015s][吞吐率：19.99req/s] [内存消耗：2,102.74kb] [文件加载：35]
[ info ] [ LANG ] C:\www\yunxi\thinkphp\lang\zh-cn.php
[ info ] [ ROUTE ] array (
  'type' => 'module',
  'module' => 
  array (
    0 => 'index',
    1 => 'index',
    2 => 'yanzheng',
  ),
)
[ info ] [ HEADER ] array (
  'user-agent' => 'Mozilla/4.0',
  'accept' => '*/*',
  'host' => 'yunxi.yunw8.com',
  'pragma' => 'no-cache',
  'content-length' => '280',
  'content-type' => 'text/xml',
)
[ info ] [ PARAM ] array (
  'signature' => 'a9c0760af75c3fd34816acb12427678ee0d77c1a',
  'timestamp' => '1536242160',
  'nonce' => '698983624',
  'openid' => 'oqwiq0ULD1AFr4QjEbohUqu3SjSM',
)
[ info ] [ RUN ] app\index\controller\Index->yanzheng[ C:\www\yunxi\application\index\controller\Index.php ]
[ info ] [ LOG ] INIT File
