---------------------------------------------------------------
[ 2018-09-19T11:44:50+08:00 ] 140.207.54.79 POST /index/index/yanzheng?signature=baa4587a81e4641c10ce4bc67a93290da098f7f3&timestamp=1537328690&nonce=86089976&openid=oqwiq0TPgOOUAQRTbvPxpqELcF3Q
[ info ] yunxi.yunw8.com/index/index/yanzheng?signature=baa4587a81e4641c10ce4bc67a93290da098f7f3&timestamp=1537328690&nonce=86089976&openid=oqwiq0TPgOOUAQRTbvPxpqELcF3Q [运行时间：0.055736s][吞吐率：17.94req/s] [内存消耗：2,102.63kb] [文件加载：35]
[ info ] [ LANG ] C:\www\yunxi\thinkphp\lang\zh-cn.php
[ info ] [ ROUTE ] array (
  'type' => 'module',
  'module' => 
  array (
    0 => 'index',
    1 => 'index',
    2 => 'yanzheng',
  ),
)
[ info ] [ HEADER ] array (
  'user-agent' => 'Mozilla/4.0',
  'accept' => '*/*',
  'host' => 'yunxi.yunw8.com',
  'pragma' => 'no-cache',
  'content-length' => '278',
  'content-type' => 'text/xml',
)
[ info ] [ PARAM ] array (
  'signature' => 'baa4587a81e4641c10ce4bc67a93290da098f7f3',
  'timestamp' => '1537328690',
  'nonce' => '86089976',
  'openid' => 'oqwiq0TPgOOUAQRTbvPxpqELcF3Q',
)
[ info ] [ RUN ] app\index\controller\Index->yanzheng[ C:\www\yunxi\application\index\controller\Index.php ]
[ info ] [ LOG ] INIT File
---------------------------------------------------------------
[ 2018-09-19T11:45:02+08:00 ] 140.207.54.79 POST /index/index/yanzheng?signature=6195dfedd091d79a4d84d1cd2f02d76a5605bc59&timestamp=1537328702&nonce=750858377&openid=oqwiq0TPgOOUAQRTbvPxpqELcF3Q
[ info ] yunxi.yunw8.com/index/index/yanzheng?signature=6195dfedd091d79a4d84d1cd2f02d76a5605bc59&timestamp=1537328702&nonce=750858377&openid=oqwiq0TPgOOUAQRTbvPxpqELcF3Q [运行时间：0.063851s][吞吐率：15.66req/s] [内存消耗：2,102.18kb] [文件加载：35]
[ info ] [ LANG ] C:\www\yunxi\thinkphp\lang\zh-cn.php
[ info ] [ ROUTE ] array (
  'type' => 'module',
  'module' => 
  array (
    0 => 'index',
    1 => 'index',
    2 => 'yanzheng',
  ),
)
[ info ] [ HEADER ] array (
  'user-agent' => 'Mozilla/4.0',
  'accept' => '*/*',
  'host' => 'yunxi.yunw8.com',
  'pragma' => 'no-cache',
  'content-length' => '275',
  'content-type' => 'text/xml',
)
[ info ] [ PARAM ] array (
  'signature' => '6195dfedd091d79a4d84d1cd2f02d76a5605bc59',
  'timestamp' => '1537328702',
  'nonce' => '750858377',
  'openid' => 'oqwiq0TPgOOUAQRTbvPxpqELcF3Q',
)
[ info ] [ RUN ] app\index\controller\Index->yanzheng[ C:\www\yunxi\application\index\controller\Index.php ]
[ info ] [ LOG ] INIT File
---------------------------------------------------------------
[ 2018-09-19T11:54:11+08:00 ] 140.207.54.79 POST /index/index/yanzheng?signature=23e985654acff8a3c686a6c89d6313ac98774b3b&timestamp=1537329250&nonce=2121131375&openid=oqwiq0TPgOOUAQRTbvPxpqELcF3Q
[ info ] yunxi.yunw8.com/index/index/yanzheng?signature=23e985654acff8a3c686a6c89d6313ac98774b3b&timestamp=1537329250&nonce=2121131375&openid=oqwiq0TPgOOUAQRTbvPxpqELcF3Q [运行时间：0.051571s][吞吐率：19.39req/s] [内存消耗：2,102.76kb] [文件加载：35]
[ info ] [ LANG ] C:\www\yunxi\thinkphp\lang\zh-cn.php
[ info ] [ ROUTE ] array (
  'type' => 'module',
  'module' => 
  array (
    0 => 'index',
    1 => 'index',
    2 => 'yanzheng',
  ),
)
[ info ] [ HEADER ] array (
  'user-agent' => 'Mozilla/4.0',
  'accept' => '*/*',
  'host' => 'yunxi.yunw8.com',
  'pragma' => 'no-cache',
  'content-length' => '280',
  'content-type' => 'text/xml',
)
[ info ] [ PARAM ] array (
  'signature' => '23e985654acff8a3c686a6c89d6313ac98774b3b',
  'timestamp' => '1537329250',
  'nonce' => '2121131375',
  'openid' => 'oqwiq0TPgOOUAQRTbvPxpqELcF3Q',
)
[ info ] [ RUN ] app\index\controller\Index->yanzheng[ C:\www\yunxi\application\index\controller\Index.php ]
[ info ] [ LOG ] INIT File
---------------------------------------------------------------
[ 2018-09-19T15:33:32+08:00 ] 183.136.190.62 GET /
[ info ] yunxi.yunw8.com/ [运行时间：0.057514s][吞吐率：17.39req/s] [内存消耗：1,296.96kb] [文件加载：32]
[ info ] [ LANG ] C:\www\yunxi\thinkphp\lang\zh-cn.php
[ info ] [ ROUTE ] array (
  'type' => 'module',
  'module' => 
  array (
    0 => '',
    1 => NULL,
    2 => NULL,
  ),
)
[ info ] [ HEADER ] array (
  'host' => 'yunxi.yunw8.com',
  'user-agent' => 'Mozilla/5.0 (Windows NT 6.1) AppleWebKit/537.36 (KHTML, like Gecko) Chrome/35.0.1916.153 Safari/537.36',
  'accept' => 'text/html,application/xhtml+xml,application/xml;q=0.9,image/webp,*/*;q=0.8',
  'accept-encoding' => '',
  'accept-language' => 'zh-CN,zh;q=0.8',
  'cache-control' => 'max-age=0',
  'connection' => 'close',
)
[ info ] [ PARAM ] array (
)
[ info ] [ RUN ] app\index\controller\Index->index[ C:\www\yunxi\application\index\controller\Index.php ]
[ info ] [ LOG ] INIT File
