---------------------------------------------------------------
[ 2018-09-29T02:22:41+08:00 ] 140.207.54.80 POST /index/index/yanzheng?signature=9ade49ab2c7c9fa7e70a49089e2575be03adb68c&timestamp=1538158961&nonce=665631111&openid=oqwiq0TadysC54PT8vclEstLL2Tg
[ info ] yunxi.yunw8.com/index/index/yanzheng?signature=9ade49ab2c7c9fa7e70a49089e2575be03adb68c&timestamp=1538158961&nonce=665631111&openid=oqwiq0TadysC54PT8vclEstLL2Tg [运行时间：0.057068s][吞吐率：17.52req/s] [内存消耗：2,102.26kb] [文件加载：35]
[ info ] [ LANG ] C:\www\yunxi\thinkphp\lang\zh-cn.php
[ info ] [ ROUTE ] array (
  'type' => 'module',
  'module' => 
  array (
    0 => 'index',
    1 => 'index',
    2 => 'yanzheng',
  ),
)
[ info ] [ HEADER ] array (
  'user-agent' => 'Mozilla/4.0',
  'accept' => '*/*',
  'host' => 'yunxi.yunw8.com',
  'pragma' => 'no-cache',
  'content-length' => '285',
  'content-type' => 'text/xml',
)
[ info ] [ PARAM ] array (
  'signature' => '9ade49ab2c7c9fa7e70a49089e2575be03adb68c',
  'timestamp' => '1538158961',
  'nonce' => '665631111',
  'openid' => 'oqwiq0TadysC54PT8vclEstLL2Tg',
)
[ info ] [ RUN ] app\index\controller\Index->yanzheng[ C:\www\yunxi\application\index\controller\Index.php ]
[ info ] [ LOG ] INIT File
---------------------------------------------------------------
[ 2018-09-29T15:14:24+08:00 ] 183.136.190.62 GET /
[ info ] yunxi.yunw8.com/ [运行时间：0.042122s][吞吐率：23.74req/s] [内存消耗：1,296.96kb] [文件加载：32]
[ info ] [ LANG ] C:\www\yunxi\thinkphp\lang\zh-cn.php
[ info ] [ ROUTE ] array (
  'type' => 'module',
  'module' => 
  array (
    0 => '',
    1 => NULL,
    2 => NULL,
  ),
)
[ info ] [ HEADER ] array (
  'host' => 'yunxi.yunw8.com',
  'user-agent' => 'Mozilla/5.0 (Windows NT 6.1) AppleWebKit/537.36 (KHTML, like Gecko) Chrome/35.0.1916.153 Safari/537.36',
  'accept' => 'text/html,application/xhtml+xml,application/xml;q=0.9,image/webp,*/*;q=0.8',
  'accept-encoding' => '',
  'accept-language' => 'zh-CN,zh;q=0.8',
  'cache-control' => 'max-age=0',
  'connection' => 'close',
)
[ info ] [ PARAM ] array (
)
[ info ] [ RUN ] app\index\controller\Index->index[ C:\www\yunxi\application\index\controller\Index.php ]
[ info ] [ LOG ] INIT File
