---------------------------------------------------------------
[ 2018-06-14T09:05:30+08:00 ] 106.11.225.54 GET /
[ info ] yunxi.yunw8.com/ [运行时间：0.345969s][吞吐率：2.89req/s] [内存消耗：1,296.95kb] [文件加载：32]
[ info ] [ LANG ] C:\www\yunxi\thinkphp\lang\zh-cn.php
[ info ] [ ROUTE ] array (
  'type' => 'module',
  'module' => 
  array (
    0 => '',
    1 => NULL,
    2 => NULL,
  ),
)
[ info ] [ HEADER ] array (
  'accept-encoding' => 'gzip',
  'user-agent' => 'Mozilla/5.0 (iPad; CPU OS 9_1 like Mac OS X) AppleWebKit/601.1.46 (KHTML, like Gecko) Version/9.0 Mobile/13B143 Safari/601.1',
  'cache-control' => 'no-cache',
  'pragma' => 'no-cache',
  'host' => 'yunxi.yunw8.com',
  'accept' => 'text/html, image/gif, image/jpeg, *; q=.2, */*; q=.2',
  'connection' => 'keep-alive',
)
[ info ] [ PARAM ] array (
)
[ info ] [ RUN ] app\index\controller\Index->index[ C:\www\yunxi\application\index\controller\Index.php ]
[ info ] [ LOG ] INIT File
---------------------------------------------------------------
[ 2018-06-14T09:31:32+08:00 ] 61.140.238.56 GET /index/index/getusers.html
[ info ] yunxi.yunw8.com/index/index/getusers.html [运行时间：0.372280s][吞吐率：2.69req/s] [内存消耗：2,072.84kb] [文件加载：36]
[ info ] [ LANG ] C:\www\yunxi\thinkphp\lang\zh-cn.php
[ info ] [ ROUTE ] array (
  'type' => 'module',
  'module' => 
  array (
    0 => 'index',
    1 => 'index',
    2 => 'getusers',
  ),
)
[ info ] [ HEADER ] array (
  'host' => 'yunxi.yunw8.com',
  'upgrade-insecure-requests' => '1',
  'accept' => 'text/html,application/xhtml+xml,application/xml;q=0.9,*/*;q=0.8',
  'user-agent' => 'Mozilla/5.0 (iPhone; CPU iPhone OS 11_4 like Mac OS X) AppleWebKit/605.1.15 (KHTML, like Gecko) Mobile/15F79 MicroMessenger/6.6.7 NetType/WIFI Language/zh_CN',
  'accept-language' => 'zh-cn',
  'accept-encoding' => 'gzip, deflate',
  'connection' => 'keep-alive',
)
[ info ] [ PARAM ] array (
)
[ info ] [ RUN ] app\index\controller\Index->getUsers[ C:\www\yunxi\application\index\controller\Index.php ]
[ info ] [ LOG ] INIT File
---------------------------------------------------------------
[ 2018-06-14T09:31:32+08:00 ] 140.207.54.79 POST /index/index/yanzheng?signature=feb0bc0596242b81acb0131dc843258217b6f15d&timestamp=1528939892&nonce=726639757&openid=oqwiq0Sjx2J8uUER2Z7fYsDsRAfE
[ info ] yunxi.yunw8.com/index/index/yanzheng?signature=feb0bc0596242b81acb0131dc843258217b6f15d&timestamp=1528939892&nonce=726639757&openid=oqwiq0Sjx2J8uUER2Z7fYsDsRAfE [运行时间：0.437472s][吞吐率：2.29req/s] [内存消耗：2,102.34kb] [文件加载：35]
[ info ] [ LANG ] C:\www\yunxi\thinkphp\lang\zh-cn.php
[ info ] [ ROUTE ] array (
  'type' => 'module',
  'module' => 
  array (
    0 => 'index',
    1 => 'index',
    2 => 'yanzheng',
  ),
)
[ info ] [ HEADER ] array (
  'user-agent' => 'Mozilla/4.0',
  'accept' => '*/*',
  'host' => 'yunxi.yunw8.com',
  'pragma' => 'no-cache',
  'content-length' => '348',
  'content-type' => 'text/xml',
)
[ info ] [ PARAM ] array (
  'signature' => 'feb0bc0596242b81acb0131dc843258217b6f15d',
  'timestamp' => '1528939892',
  'nonce' => '726639757',
  'openid' => 'oqwiq0Sjx2J8uUER2Z7fYsDsRAfE',
)
[ info ] [ RUN ] app\index\controller\Index->yanzheng[ C:\www\yunxi\application\index\controller\Index.php ]
[ info ] [ LOG ] INIT File
---------------------------------------------------------------
[ 2018-06-14T09:31:35+08:00 ] 61.140.238.56 GET /index/index/getusers.html?code=021cPpY32ikFuN0KqXY326hBY32cPpYN&state=wxbase
[ info ] yunxi.yunw8.com/index/index/getusers.html?code=021cPpY32ikFuN0KqXY326hBY32cPpYN&state=wxbase [运行时间：2.161936s][吞吐率：0.46req/s] [内存消耗：2,923.81kb] [文件加载：43]
[ info ] [ LANG ] C:\www\yunxi\thinkphp\lang\zh-cn.php
[ info ] [ ROUTE ] array (
  'type' => 'module',
  'module' => 
  array (
    0 => 'index',
    1 => 'index',
    2 => 'getusers',
  ),
)
[ info ] [ HEADER ] array (
  'host' => 'yunxi.yunw8.com',
  'upgrade-insecure-requests' => '1',
  'accept' => 'text/html,application/xhtml+xml,application/xml;q=0.9,*/*;q=0.8',
  'user-agent' => 'Mozilla/5.0 (iPhone; CPU iPhone OS 11_4 like Mac OS X) AppleWebKit/605.1.15 (KHTML, like Gecko) Mobile/15F79 MicroMessenger/6.6.7 NetType/WIFI Language/zh_CN',
  'accept-language' => 'zh-cn',
  'accept-encoding' => 'gzip, deflate',
  'connection' => 'keep-alive',
)
[ info ] [ PARAM ] array (
  'code' => '021cPpY32ikFuN0KqXY326hBY32cPpYN',
  'state' => 'wxbase',
)
[ info ] [ RUN ] app\index\controller\Index->getUsers[ C:\www\yunxi\application\index\controller\Index.php ]
[ info ] [ DB ] INIT sqlsrv
[ info ] [ VIEW ] C:\www\yunxi/application/index\view\index\user.html [ array (
  0 => 'user',
  1 => 'userinfo',
) ]
[ info ] [ LOG ] INIT File
---------------------------------------------------------------
[ 2018-06-14T12:56:40+08:00 ] 183.136.190.62 GET /
[ info ] yunxi.yunw8.com/ [运行时间：0.929095s][吞吐率：1.08req/s] [内存消耗：1,296.96kb] [文件加载：32]
[ info ] [ LANG ] C:\www\yunxi\thinkphp\lang\zh-cn.php
[ info ] [ ROUTE ] array (
  'type' => 'module',
  'module' => 
  array (
    0 => '',
    1 => NULL,
    2 => NULL,
  ),
)
[ info ] [ HEADER ] array (
  'host' => 'yunxi.yunw8.com',
  'user-agent' => 'Mozilla/5.0 (Windows NT 6.1) AppleWebKit/537.36 (KHTML, like Gecko) Chrome/35.0.1916.153 Safari/537.36',
  'accept' => 'text/html,application/xhtml+xml,application/xml;q=0.9,image/webp,*/*;q=0.8',
  'accept-encoding' => '',
  'accept-language' => 'zh-CN,zh;q=0.8',
  'cache-control' => 'max-age=0',
  'connection' => 'close',
)
[ info ] [ PARAM ] array (
)
[ info ] [ RUN ] app\index\controller\Index->index[ C:\www\yunxi\application\index\controller\Index.php ]
[ info ] [ LOG ] INIT File
---------------------------------------------------------------
[ 2018-06-14T23:59:28+08:00 ] 140.207.54.75 POST /index/index/yanzheng?signature=3a36c4522b1f1b462513ba4da8792aff5ae840b8&timestamp=1528991968&nonce=944615668&openid=oqwiq0TJJTdydLoNMdAtjwT7WkCU
[ info ] yunxi.yunw8.com/index/index/yanzheng?signature=3a36c4522b1f1b462513ba4da8792aff5ae840b8&timestamp=1528991968&nonce=944615668&openid=oqwiq0TJJTdydLoNMdAtjwT7WkCU [运行时间：0.669056s][吞吐率：1.49req/s] [内存消耗：2,102.65kb] [文件加载：35]
[ info ] [ LANG ] C:\www\yunxi\thinkphp\lang\zh-cn.php
[ info ] [ ROUTE ] array (
  'type' => 'module',
  'module' => 
  array (
    0 => 'index',
    1 => 'index',
    2 => 'yanzheng',
  ),
)
[ info ] [ HEADER ] array (
  'user-agent' => 'Mozilla/4.0',
  'accept' => '*/*',
  'host' => 'yunxi.yunw8.com',
  'pragma' => 'no-cache',
  'content-length' => '278',
  'content-type' => 'text/xml',
)
[ info ] [ PARAM ] array (
  'signature' => '3a36c4522b1f1b462513ba4da8792aff5ae840b8',
  'timestamp' => '1528991968',
  'nonce' => '944615668',
  'openid' => 'oqwiq0TJJTdydLoNMdAtjwT7WkCU',
)
[ info ] [ RUN ] app\index\controller\Index->yanzheng[ C:\www\yunxi\application\index\controller\Index.php ]
[ info ] [ LOG ] INIT File
---------------------------------------------------------------
[ 2018-06-14T23:59:32+08:00 ] 140.207.54.75 POST /index/index/yanzheng?signature=329d7296766bfe5139cfd3b5af9a4d774984b68b&timestamp=1528991972&nonce=343338301&openid=oqwiq0TJJTdydLoNMdAtjwT7WkCU
[ info ] yunxi.yunw8.com/index/index/yanzheng?signature=329d7296766bfe5139cfd3b5af9a4d774984b68b&timestamp=1528991972&nonce=343338301&openid=oqwiq0TJJTdydLoNMdAtjwT7WkCU [运行时间：0.070927s][吞吐率：14.10req/s] [内存消耗：2,102.18kb] [文件加载：35]
[ info ] [ LANG ] C:\www\yunxi\thinkphp\lang\zh-cn.php
[ info ] [ ROUTE ] array (
  'type' => 'module',
  'module' => 
  array (
    0 => 'index',
    1 => 'index',
    2 => 'yanzheng',
  ),
)
[ info ] [ HEADER ] array (
  'user-agent' => 'Mozilla/4.0',
  'accept' => '*/*',
  'host' => 'yunxi.yunw8.com',
  'pragma' => 'no-cache',
  'content-length' => '275',
  'content-type' => 'text/xml',
)
[ info ] [ PARAM ] array (
  'signature' => '329d7296766bfe5139cfd3b5af9a4d774984b68b',
  'timestamp' => '1528991972',
  'nonce' => '343338301',
  'openid' => 'oqwiq0TJJTdydLoNMdAtjwT7WkCU',
)
[ info ] [ RUN ] app\index\controller\Index->yanzheng[ C:\www\yunxi\application\index\controller\Index.php ]
[ info ] [ LOG ] INIT File
---------------------------------------------------------------
[ 2018-06-14T23:59:40+08:00 ] 140.207.54.75 POST /index/index/yanzheng?signature=00a7948448e4ca0f86cb9452b849072a39a818a2&timestamp=1528991980&nonce=712462348&openid=oqwiq0TJJTdydLoNMdAtjwT7WkCU
[ info ] yunxi.yunw8.com/index/index/yanzheng?signature=00a7948448e4ca0f86cb9452b849072a39a818a2&timestamp=1528991980&nonce=712462348&openid=oqwiq0TJJTdydLoNMdAtjwT7WkCU [运行时间：0.073144s][吞吐率：13.67req/s] [内存消耗：2,102.18kb] [文件加载：35]
[ info ] [ LANG ] C:\www\yunxi\thinkphp\lang\zh-cn.php
[ info ] [ ROUTE ] array (
  'type' => 'module',
  'module' => 
  array (
    0 => 'index',
    1 => 'index',
    2 => 'yanzheng',
  ),
)
[ info ] [ HEADER ] array (
  'user-agent' => 'Mozilla/4.0',
  'accept' => '*/*',
  'host' => 'yunxi.yunw8.com',
  'pragma' => 'no-cache',
  'content-length' => '275',
  'content-type' => 'text/xml',
)
[ info ] [ PARAM ] array (
  'signature' => '00a7948448e4ca0f86cb9452b849072a39a818a2',
  'timestamp' => '1528991980',
  'nonce' => '712462348',
  'openid' => 'oqwiq0TJJTdydLoNMdAtjwT7WkCU',
)
[ info ] [ RUN ] app\index\controller\Index->yanzheng[ C:\www\yunxi\application\index\controller\Index.php ]
[ info ] [ LOG ] INIT File
