---------------------------------------------------------------
[ 2018-06-24T09:51:25+08:00 ] 106.11.225.111 GET /
[ info ] yunxi.yunw8.com/ [运行时间：0.384198s][吞吐率：2.60req/s] [内存消耗：1,296.95kb] [文件加载：32]
[ info ] [ LANG ] C:\www\yunxi\thinkphp\lang\zh-cn.php
[ info ] [ ROUTE ] array (
  'type' => 'module',
  'module' => 
  array (
    0 => '',
    1 => NULL,
    2 => NULL,
  ),
)
[ info ] [ HEADER ] array (
  'accept-encoding' => 'gzip',
  'user-agent' => 'Mozilla/5.0 (iPad; CPU OS 9_1 like Mac OS X) AppleWebKit/601.1.46 (KHTML, like Gecko) Version/9.0 Mobile/13B143 Safari/601.1',
  'cache-control' => 'no-cache',
  'pragma' => 'no-cache',
  'host' => 'yunxi.yunw8.com',
  'accept' => 'text/html, image/gif, image/jpeg, *; q=.2, */*; q=.2',
  'connection' => 'keep-alive',
)
[ info ] [ PARAM ] array (
)
[ info ] [ RUN ] app\index\controller\Index->index[ C:\www\yunxi\application\index\controller\Index.php ]
[ info ] [ LOG ] INIT File
---------------------------------------------------------------
[ 2018-06-24T13:45:47+08:00 ] 183.136.190.62 GET /
[ info ] yunxi.yunw8.com/ [运行时间：0.026132s][吞吐率：38.27req/s] [内存消耗：1,296.96kb] [文件加载：32]
[ info ] [ LANG ] C:\www\yunxi\thinkphp\lang\zh-cn.php
[ info ] [ ROUTE ] array (
  'type' => 'module',
  'module' => 
  array (
    0 => '',
    1 => NULL,
    2 => NULL,
  ),
)
[ info ] [ HEADER ] array (
  'host' => 'yunxi.yunw8.com',
  'user-agent' => 'Mozilla/5.0 (Windows NT 6.1) AppleWebKit/537.36 (KHTML, like Gecko) Chrome/35.0.1916.153 Safari/537.36',
  'accept' => 'text/html,application/xhtml+xml,application/xml;q=0.9,image/webp,*/*;q=0.8',
  'accept-encoding' => '',
  'accept-language' => 'zh-CN,zh;q=0.8',
  'cache-control' => 'max-age=0',
  'connection' => 'close',
)
[ info ] [ PARAM ] array (
)
[ info ] [ RUN ] app\index\controller\Index->index[ C:\www\yunxi\application\index\controller\Index.php ]
[ info ] [ LOG ] INIT File
---------------------------------------------------------------
[ 2018-06-24T15:47:27+08:00 ] 223.166.222.109 POST /index/index/yanzheng?signature=c2c756c089327d7ab7d24aaed6366a0841563af1&timestamp=1529826447&nonce=1234387128&openid=oqwiq0TsO1XPsbWAYfG553_xc7ps
[ info ] yunxi.yunw8.com/index/index/yanzheng?signature=c2c756c089327d7ab7d24aaed6366a0841563af1&timestamp=1529826447&nonce=1234387128&openid=oqwiq0TsO1XPsbWAYfG553_xc7ps [运行时间：0.662569s][吞吐率：1.51req/s] [内存消耗：2,102.63kb] [文件加载：35]
[ info ] [ LANG ] C:\www\yunxi\thinkphp\lang\zh-cn.php
[ info ] [ ROUTE ] array (
  'type' => 'module',
  'module' => 
  array (
    0 => 'index',
    1 => 'index',
    2 => 'yanzheng',
  ),
)
[ info ] [ HEADER ] array (
  'user-agent' => 'Mozilla/4.0',
  'accept' => '*/*',
  'host' => 'yunxi.yunw8.com',
  'pragma' => 'no-cache',
  'content-length' => '278',
  'content-type' => 'text/xml',
)
[ info ] [ PARAM ] array (
  'signature' => 'c2c756c089327d7ab7d24aaed6366a0841563af1',
  'timestamp' => '1529826447',
  'nonce' => '1234387128',
  'openid' => 'oqwiq0TsO1XPsbWAYfG553_xc7ps',
)
[ info ] [ RUN ] app\index\controller\Index->yanzheng[ C:\www\yunxi\application\index\controller\Index.php ]
[ info ] [ LOG ] INIT File
---------------------------------------------------------------
[ 2018-06-24T15:54:36+08:00 ] 223.166.222.109 POST /index/index/yanzheng?signature=d89252ea433ce04a16ddf27aef44c59a922b96a5&timestamp=1529826876&nonce=1948455522&openid=oqwiq0TsO1XPsbWAYfG553_xc7ps
[ info ] yunxi.yunw8.com/index/index/yanzheng?signature=d89252ea433ce04a16ddf27aef44c59a922b96a5&timestamp=1529826876&nonce=1948455522&openid=oqwiq0TsO1XPsbWAYfG553_xc7ps [运行时间：0.034195s][吞吐率：29.24req/s] [内存消耗：2,102.16kb] [文件加载：35]
[ info ] [ LANG ] C:\www\yunxi\thinkphp\lang\zh-cn.php
[ info ] [ ROUTE ] array (
  'type' => 'module',
  'module' => 
  array (
    0 => 'index',
    1 => 'index',
    2 => 'yanzheng',
  ),
)
[ info ] [ HEADER ] array (
  'user-agent' => 'Mozilla/4.0',
  'accept' => '*/*',
  'host' => 'yunxi.yunw8.com',
  'pragma' => 'no-cache',
  'content-length' => '275',
  'content-type' => 'text/xml',
)
[ info ] [ PARAM ] array (
  'signature' => 'd89252ea433ce04a16ddf27aef44c59a922b96a5',
  'timestamp' => '1529826876',
  'nonce' => '1948455522',
  'openid' => 'oqwiq0TsO1XPsbWAYfG553_xc7ps',
)
[ info ] [ RUN ] app\index\controller\Index->yanzheng[ C:\www\yunxi\application\index\controller\Index.php ]
[ info ] [ LOG ] INIT File
---------------------------------------------------------------
[ 2018-06-24T15:55:48+08:00 ] 223.166.222.109 POST /index/index/yanzheng?signature=a1a9f2ed54fa621be48af35251ca2c4785ba07ff&timestamp=1529826948&nonce=2025459798&openid=oqwiq0TsO1XPsbWAYfG553_xc7ps
[ info ] yunxi.yunw8.com/index/index/yanzheng?signature=a1a9f2ed54fa621be48af35251ca2c4785ba07ff&timestamp=1529826948&nonce=2025459798&openid=oqwiq0TsO1XPsbWAYfG553_xc7ps [运行时间：0.035750s][吞吐率：27.97req/s] [内存消耗：2,102.16kb] [文件加载：35]
[ info ] [ LANG ] C:\www\yunxi\thinkphp\lang\zh-cn.php
[ info ] [ ROUTE ] array (
  'type' => 'module',
  'module' => 
  array (
    0 => 'index',
    1 => 'index',
    2 => 'yanzheng',
  ),
)
[ info ] [ HEADER ] array (
  'user-agent' => 'Mozilla/4.0',
  'accept' => '*/*',
  'host' => 'yunxi.yunw8.com',
  'pragma' => 'no-cache',
  'content-length' => '275',
  'content-type' => 'text/xml',
)
[ info ] [ PARAM ] array (
  'signature' => 'a1a9f2ed54fa621be48af35251ca2c4785ba07ff',
  'timestamp' => '1529826948',
  'nonce' => '2025459798',
  'openid' => 'oqwiq0TsO1XPsbWAYfG553_xc7ps',
)
[ info ] [ RUN ] app\index\controller\Index->yanzheng[ C:\www\yunxi\application\index\controller\Index.php ]
[ info ] [ LOG ] INIT File
---------------------------------------------------------------
[ 2018-06-24T15:55:51+08:00 ] 223.166.222.109 POST /index/index/yanzheng?signature=f1faac2ce8f6faf2ba436d0263c5a2073fa5cc2c&timestamp=1529826950&nonce=162753663&openid=oqwiq0TsO1XPsbWAYfG553_xc7ps
[ info ] yunxi.yunw8.com/index/index/yanzheng?signature=f1faac2ce8f6faf2ba436d0263c5a2073fa5cc2c&timestamp=1529826950&nonce=162753663&openid=oqwiq0TsO1XPsbWAYfG553_xc7ps [运行时间：0.034721s][吞吐率：28.80req/s] [内存消耗：2,102.18kb] [文件加载：35]
[ info ] [ LANG ] C:\www\yunxi\thinkphp\lang\zh-cn.php
[ info ] [ ROUTE ] array (
  'type' => 'module',
  'module' => 
  array (
    0 => 'index',
    1 => 'index',
    2 => 'yanzheng',
  ),
)
[ info ] [ HEADER ] array (
  'user-agent' => 'Mozilla/4.0',
  'accept' => '*/*',
  'host' => 'yunxi.yunw8.com',
  'pragma' => 'no-cache',
  'content-length' => '275',
  'content-type' => 'text/xml',
)
[ info ] [ PARAM ] array (
  'signature' => 'f1faac2ce8f6faf2ba436d0263c5a2073fa5cc2c',
  'timestamp' => '1529826950',
  'nonce' => '162753663',
  'openid' => 'oqwiq0TsO1XPsbWAYfG553_xc7ps',
)
[ info ] [ RUN ] app\index\controller\Index->yanzheng[ C:\www\yunxi\application\index\controller\Index.php ]
[ info ] [ LOG ] INIT File
---------------------------------------------------------------
[ 2018-06-24T15:55:56+08:00 ] 112.10.114.23 GET /index/index/getusers.html
[ info ] yunxi.yunw8.com/index/index/getusers.html [运行时间：0.050249s][吞吐率：19.90req/s] [内存消耗：2,072.84kb] [文件加载：36]
[ info ] [ LANG ] C:\www\yunxi\thinkphp\lang\zh-cn.php
[ info ] [ ROUTE ] array (
  'type' => 'module',
  'module' => 
  array (
    0 => 'index',
    1 => 'index',
    2 => 'getusers',
  ),
)
[ info ] [ HEADER ] array (
  'host' => 'yunxi.yunw8.com',
  'upgrade-insecure-requests' => '1',
  'accept' => 'text/html,application/xhtml+xml,application/xml;q=0.9,*/*;q=0.8',
  'user-agent' => 'Mozilla/5.0 (iPhone; CPU iPhone OS 11_2_5 like Mac OS X) AppleWebKit/604.5.6 (KHTML, like Gecko) Mobile/15D60 MicroMessenger/6.6.7 NetType/WIFI Language/zh_CN',
  'accept-language' => 'zh-cn',
  'accept-encoding' => 'gzip, deflate',
  'connection' => 'keep-alive',
)
[ info ] [ PARAM ] array (
)
[ info ] [ RUN ] app\index\controller\Index->getUsers[ C:\www\yunxi\application\index\controller\Index.php ]
[ info ] [ LOG ] INIT File
---------------------------------------------------------------
[ 2018-06-24T15:55:58+08:00 ] 112.10.114.23 GET /index/index/getusers.html?code=081k30TL0Qfjj42KSTQL0wr0TL0k30Tj&state=wxbase
[ info ] yunxi.yunw8.com/index/index/getusers.html?code=081k30TL0Qfjj42KSTQL0wr0TL0k30Tj&state=wxbase [运行时间：1.475030s][吞吐率：0.68req/s] [内存消耗：2,920.73kb] [文件加载：43]
[ info ] [ LANG ] C:\www\yunxi\thinkphp\lang\zh-cn.php
[ info ] [ ROUTE ] array (
  'type' => 'module',
  'module' => 
  array (
    0 => 'index',
    1 => 'index',
    2 => 'getusers',
  ),
)
[ info ] [ HEADER ] array (
  'host' => 'yunxi.yunw8.com',
  'upgrade-insecure-requests' => '1',
  'accept' => 'text/html,application/xhtml+xml,application/xml;q=0.9,*/*;q=0.8',
  'user-agent' => 'Mozilla/5.0 (iPhone; CPU iPhone OS 11_2_5 like Mac OS X) AppleWebKit/604.5.6 (KHTML, like Gecko) Mobile/15D60 MicroMessenger/6.6.7 NetType/WIFI Language/zh_CN',
  'accept-language' => 'zh-cn',
  'accept-encoding' => 'gzip, deflate',
  'connection' => 'keep-alive',
)
[ info ] [ PARAM ] array (
  'code' => '081k30TL0Qfjj42KSTQL0wr0TL0k30Tj',
  'state' => 'wxbase',
)
[ info ] [ RUN ] app\index\controller\Index->getUsers[ C:\www\yunxi\application\index\controller\Index.php ]
[ info ] [ DB ] INIT sqlsrv
[ info ] [ VIEW ] C:\www\yunxi/application/index\view\index\user.html [ array (
  0 => 'user',
  1 => 'userinfo',
) ]
[ info ] [ LOG ] INIT File
---------------------------------------------------------------
[ 2018-06-24T15:56:56+08:00 ] 101.226.79.225 GET /index/index/getusers.html
[ info ] yunxi.yunw8.com/index/index/getusers.html [运行时间：0.032043s][吞吐率：31.21req/s] [内存消耗：2,072.27kb] [文件加载：36]
[ info ] [ LANG ] C:\www\yunxi\thinkphp\lang\zh-cn.php
[ info ] [ ROUTE ] array (
  'type' => 'module',
  'module' => 
  array (
    0 => 'index',
    1 => 'index',
    2 => 'getusers',
  ),
)
[ info ] [ HEADER ] array (
  'user-agent' => 'Mozilla/5.0 (iPhone; CPU iPhone OS 10_2_1 like Mac OS X) AppleWebKit/602.4.6 (KHTML, like Gecko) Mobile/14D27 MicroMessenger/6.5.5 NetType/WIFI Language/zh_CN',
  'accept' => '*/*',
  'accept-language' => 'zh-CN,zh;q=0.8,en-US;q=0.6,en;q=0.4',
  'host' => 'yunxi.yunw8.com',
  'connection' => 'keep-alive',
)
[ info ] [ PARAM ] array (
)
[ info ] [ RUN ] app\index\controller\Index->getUsers[ C:\www\yunxi\application\index\controller\Index.php ]
[ info ] [ LOG ] INIT File
