---------------------------------------------------------------
[ 2018-05-08T09:27:57+08:00 ] 106.11.227.156 GET /
[ info ] yunxi.yunw8.com/ [运行时间：0.638094s][吞吐率：1.57req/s] [内存消耗：1,283.35kb] [文件加载：32]
[ info ] [ LANG ] C:\www\yunxi\thinkphp\lang\zh-cn.php
[ info ] [ ROUTE ] array (
  'type' => 'module',
  'module' => 
  array (
    0 => '',
    1 => NULL,
    2 => NULL,
  ),
)
[ info ] [ HEADER ] array (
  'accept-encoding' => 'gzip',
  'user-agent' => 'Mozilla/5.0 (iPad; CPU OS 9_1 like Mac OS X) AppleWebKit/601.1.46 (KHTML, like Gecko) Version/9.0 Mobile/13B143 Safari/601.1',
  'cache-control' => 'no-cache',
  'pragma' => 'no-cache',
  'host' => 'yunxi.yunw8.com',
  'accept' => 'text/html, image/gif, image/jpeg, *; q=.2, */*; q=.2',
  'connection' => 'keep-alive',
)
[ info ] [ PARAM ] array (
)
[ info ] [ RUN ] app\index\controller\Index->index[ C:\www\yunxi\application\index\controller\Index.php ]
[ info ] [ LOG ] INIT File
---------------------------------------------------------------
[ 2018-05-08T09:55:04+08:00 ] 103.7.30.71 POST /index/index/yanzheng?signature=76c0b8a1190f75ff70311352af7b39e38ad26140&timestamp=1525744503&nonce=1499714536&openid=oqwiq0Sjx2J8uUER2Z7fYsDsRAfE
[ info ] yunxi.yunw8.com/index/index/yanzheng?signature=76c0b8a1190f75ff70311352af7b39e38ad26140&timestamp=1525744503&nonce=1499714536&openid=oqwiq0Sjx2J8uUER2Z7fYsDsRAfE [运行时间：0.486399s][吞吐率：2.06req/s] [内存消耗：2,849.09kb] [文件加载：42]
[ info ] [ LANG ] C:\www\yunxi\thinkphp\lang\zh-cn.php
[ info ] [ ROUTE ] array (
  'type' => 'module',
  'module' => 
  array (
    0 => 'index',
    1 => 'index',
    2 => 'yanzheng',
  ),
)
[ info ] [ HEADER ] array (
  'user-agent' => 'Mozilla/4.0',
  'accept' => '*/*',
  'host' => 'yunxi.yunw8.com',
  'pragma' => 'no-cache',
  'content-length' => '276',
  'content-type' => 'text/xml',
)
[ info ] [ PARAM ] array (
  'signature' => '76c0b8a1190f75ff70311352af7b39e38ad26140',
  'timestamp' => '1525744503',
  'nonce' => '1499714536',
  'openid' => 'oqwiq0Sjx2J8uUER2Z7fYsDsRAfE',
)
[ info ] [ RUN ] app\index\controller\Index->yanzheng[ C:\www\yunxi\application\index\controller\Index.php ]
[ info ] [ DB ] INIT sqlsrv
[ info ] [ LOG ] INIT File
---------------------------------------------------------------
[ 2018-05-08T09:55:07+08:00 ] 103.7.30.71 POST /index/index/yanzheng?signature=4b4a249e2448a599ac52fd58bf6fb23824ba3fad&timestamp=1525744507&nonce=330306901&openid=oqwiq0Sjx2J8uUER2Z7fYsDsRAfE
[ info ] yunxi.yunw8.com/index/index/yanzheng?signature=4b4a249e2448a599ac52fd58bf6fb23824ba3fad&timestamp=1525744507&nonce=330306901&openid=oqwiq0Sjx2J8uUER2Z7fYsDsRAfE [运行时间：0.139634s][吞吐率：7.16req/s] [内存消耗：2,900.80kb] [文件加载：42]
[ info ] [ LANG ] C:\www\yunxi\thinkphp\lang\zh-cn.php
[ info ] [ ROUTE ] array (
  'type' => 'module',
  'module' => 
  array (
    0 => 'index',
    1 => 'index',
    2 => 'yanzheng',
  ),
)
[ info ] [ HEADER ] array (
  'user-agent' => 'Mozilla/4.0',
  'accept' => '*/*',
  'host' => 'yunxi.yunw8.com',
  'pragma' => 'no-cache',
  'content-length' => '276',
  'content-type' => 'text/xml',
)
[ info ] [ PARAM ] array (
  'signature' => '4b4a249e2448a599ac52fd58bf6fb23824ba3fad',
  'timestamp' => '1525744507',
  'nonce' => '330306901',
  'openid' => 'oqwiq0Sjx2J8uUER2Z7fYsDsRAfE',
)
[ info ] [ RUN ] app\index\controller\Index->yanzheng[ C:\www\yunxi\application\index\controller\Index.php ]
[ info ] [ DB ] INIT sqlsrv
[ info ] [ LOG ] INIT File
---------------------------------------------------------------
[ 2018-05-08T09:55:11+08:00 ] 103.7.30.71 POST /index/index/yanzheng?signature=df535eff36a59c54d80866fbe84ce7fbf76efb91&timestamp=1525744511&nonce=585919331&openid=oqwiq0Sjx2J8uUER2Z7fYsDsRAfE
[ info ] yunxi.yunw8.com/index/index/yanzheng?signature=df535eff36a59c54d80866fbe84ce7fbf76efb91&timestamp=1525744511&nonce=585919331&openid=oqwiq0Sjx2J8uUER2Z7fYsDsRAfE [运行时间：0.196416s][吞吐率：5.09req/s] [内存消耗：2,900.85kb] [文件加载：42]
[ info ] [ LANG ] C:\www\yunxi\thinkphp\lang\zh-cn.php
[ info ] [ ROUTE ] array (
  'type' => 'module',
  'module' => 
  array (
    0 => 'index',
    1 => 'index',
    2 => 'yanzheng',
  ),
)
[ info ] [ HEADER ] array (
  'user-agent' => 'Mozilla/4.0',
  'accept' => '*/*',
  'host' => 'yunxi.yunw8.com',
  'pragma' => 'no-cache',
  'content-length' => '276',
  'content-type' => 'text/xml',
)
[ info ] [ PARAM ] array (
  'signature' => 'df535eff36a59c54d80866fbe84ce7fbf76efb91',
  'timestamp' => '1525744511',
  'nonce' => '585919331',
  'openid' => 'oqwiq0Sjx2J8uUER2Z7fYsDsRAfE',
)
[ info ] [ RUN ] app\index\controller\Index->yanzheng[ C:\www\yunxi\application\index\controller\Index.php ]
[ info ] [ DB ] INIT sqlsrv
[ info ] [ LOG ] INIT File
