---------------------------------------------------------------
[ 2018-05-15T06:12:53+08:00 ] 101.132.182.68 GET /
[ info ] yunxi.yunw8.com/ [运行时间：0.520442s][吞吐率：1.92req/s] [内存消耗：1,282.55kb] [文件加载：32]
[ info ] [ LANG ] C:\www\yunxi\thinkphp\lang\zh-cn.php
[ info ] [ ROUTE ] array (
  'type' => 'module',
  'module' => 
  array (
    0 => '',
    1 => NULL,
    2 => NULL,
  ),
)
[ info ] [ HEADER ] array (
  'user-agent' => 'Mozilla/5.0 (X11; Ubuntu; Linux x86_64; rv:36.0) Gecko/20100101 Firefox/36.0',
  'host' => 'yunxi.yunw8.com',
  'accept' => 'text/html, image/gif, image/jpeg, *; q=.2, */*; q=.2',
  'connection' => 'keep-alive',
)
[ info ] [ PARAM ] array (
)
[ info ] [ RUN ] app\index\controller\Index->index[ C:\www\yunxi\application\index\controller\Index.php ]
[ info ] [ LOG ] INIT File
---------------------------------------------------------------
[ 2018-05-15T08:30:52+08:00 ] 106.11.227.51 GET /
[ info ] yunxi.yunw8.com/ [运行时间：0.475982s][吞吐率：2.10req/s] [内存消耗：1,283.36kb] [文件加载：32]
[ info ] [ LANG ] C:\www\yunxi\thinkphp\lang\zh-cn.php
[ info ] [ ROUTE ] array (
  'type' => 'module',
  'module' => 
  array (
    0 => '',
    1 => NULL,
    2 => NULL,
  ),
)
[ info ] [ HEADER ] array (
  'accept-encoding' => 'gzip',
  'user-agent' => 'Mozilla/5.0 (iPad; CPU OS 9_1 like Mac OS X) AppleWebKit/601.1.46 (KHTML, like Gecko) Version/9.0 Mobile/13B143 Safari/601.1',
  'cache-control' => 'no-cache',
  'pragma' => 'no-cache',
  'host' => 'yunxi.yunw8.com',
  'accept' => 'text/html, image/gif, image/jpeg, *; q=.2, */*; q=.2',
  'connection' => 'keep-alive',
)
[ info ] [ PARAM ] array (
)
[ info ] [ RUN ] app\index\controller\Index->index[ C:\www\yunxi\application\index\controller\Index.php ]
[ info ] [ LOG ] INIT File
---------------------------------------------------------------
[ 2018-05-15T20:22:17+08:00 ] 103.7.30.71 POST /index/index/yanzheng?signature=96d5aab0a411cbdf27da70729646dd824f05144f&timestamp=1526386935&nonce=2024474540&openid=oqwiq0b9p-VHRSvbS4QJyHJA9NyI
[ info ] yunxi.yunw8.com/index/index/yanzheng?signature=96d5aab0a411cbdf27da70729646dd824f05144f&timestamp=1526386935&nonce=2024474540&openid=oqwiq0b9p-VHRSvbS4QJyHJA9NyI [运行时间：1.110863s][吞吐率：0.90req/s] [内存消耗：2,900.87kb] [文件加载：42]
[ info ] [ LANG ] C:\www\yunxi\thinkphp\lang\zh-cn.php
[ info ] [ ROUTE ] array (
  'type' => 'module',
  'module' => 
  array (
    0 => 'index',
    1 => 'index',
    2 => 'yanzheng',
  ),
)
[ info ] [ HEADER ] array (
  'user-agent' => 'Mozilla/4.0',
  'accept' => '*/*',
  'host' => 'yunxi.yunw8.com',
  'pragma' => 'no-cache',
  'content-length' => '276',
  'content-type' => 'text/xml',
)
[ info ] [ PARAM ] array (
  'signature' => '96d5aab0a411cbdf27da70729646dd824f05144f',
  'timestamp' => '1526386935',
  'nonce' => '2024474540',
  'openid' => 'oqwiq0b9p-VHRSvbS4QJyHJA9NyI',
)
[ info ] [ RUN ] app\index\controller\Index->yanzheng[ C:\www\yunxi\application\index\controller\Index.php ]
[ info ] [ DB ] INIT sqlsrv
[ info ] [ LOG ] INIT File
---------------------------------------------------------------
[ 2018-05-15T20:22:24+08:00 ] 103.7.30.71 POST /index/index/yanzheng?signature=b0690a42fd00c59f073d2e3bae920183ee85a3cd&timestamp=1526386943&nonce=1264565357&openid=oqwiq0b9p-VHRSvbS4QJyHJA9NyI
[ info ] yunxi.yunw8.com/index/index/yanzheng?signature=b0690a42fd00c59f073d2e3bae920183ee85a3cd&timestamp=1526386943&nonce=1264565357&openid=oqwiq0b9p-VHRSvbS4QJyHJA9NyI [运行时间：0.113749s][吞吐率：8.79req/s] [内存消耗：2,900.84kb] [文件加载：42]
[ info ] [ LANG ] C:\www\yunxi\thinkphp\lang\zh-cn.php
[ info ] [ ROUTE ] array (
  'type' => 'module',
  'module' => 
  array (
    0 => 'index',
    1 => 'index',
    2 => 'yanzheng',
  ),
)
[ info ] [ HEADER ] array (
  'user-agent' => 'Mozilla/4.0',
  'accept' => '*/*',
  'host' => 'yunxi.yunw8.com',
  'pragma' => 'no-cache',
  'content-length' => '276',
  'content-type' => 'text/xml',
)
[ info ] [ PARAM ] array (
  'signature' => 'b0690a42fd00c59f073d2e3bae920183ee85a3cd',
  'timestamp' => '1526386943',
  'nonce' => '1264565357',
  'openid' => 'oqwiq0b9p-VHRSvbS4QJyHJA9NyI',
)
[ info ] [ RUN ] app\index\controller\Index->yanzheng[ C:\www\yunxi\application\index\controller\Index.php ]
[ info ] [ DB ] INIT sqlsrv
[ info ] [ LOG ] INIT File
---------------------------------------------------------------
[ 2018-05-15T20:22:27+08:00 ] 103.7.30.71 POST /index/index/yanzheng?signature=c7e8e14ec3daddf885b0edc69fc174ad06ab472a&timestamp=1526386946&nonce=1318266536&openid=oqwiq0b9p-VHRSvbS4QJyHJA9NyI
[ info ] yunxi.yunw8.com/index/index/yanzheng?signature=c7e8e14ec3daddf885b0edc69fc174ad06ab472a&timestamp=1526386946&nonce=1318266536&openid=oqwiq0b9p-VHRSvbS4QJyHJA9NyI [运行时间：0.263222s][吞吐率：3.80req/s] [内存消耗：2,849.08kb] [文件加载：42]
[ info ] [ LANG ] C:\www\yunxi\thinkphp\lang\zh-cn.php
[ info ] [ ROUTE ] array (
  'type' => 'module',
  'module' => 
  array (
    0 => 'index',
    1 => 'index',
    2 => 'yanzheng',
  ),
)
[ info ] [ HEADER ] array (
  'user-agent' => 'Mozilla/4.0',
  'accept' => '*/*',
  'host' => 'yunxi.yunw8.com',
  'pragma' => 'no-cache',
  'content-length' => '276',
  'content-type' => 'text/xml',
)
[ info ] [ PARAM ] array (
  'signature' => 'c7e8e14ec3daddf885b0edc69fc174ad06ab472a',
  'timestamp' => '1526386946',
  'nonce' => '1318266536',
  'openid' => 'oqwiq0b9p-VHRSvbS4QJyHJA9NyI',
)
[ info ] [ RUN ] app\index\controller\Index->yanzheng[ C:\www\yunxi\application\index\controller\Index.php ]
[ info ] [ DB ] INIT sqlsrv
[ info ] [ LOG ] INIT File
---------------------------------------------------------------
[ 2018-05-15T20:22:30+08:00 ] 103.7.30.71 POST /index/index/yanzheng?signature=364e6bdada9b7c329312c2619b11a84086a1ac0b&timestamp=1526386950&nonce=1135547759&openid=oqwiq0b9p-VHRSvbS4QJyHJA9NyI
[ info ] yunxi.yunw8.com/index/index/yanzheng?signature=364e6bdada9b7c329312c2619b11a84086a1ac0b&timestamp=1526386950&nonce=1135547759&openid=oqwiq0b9p-VHRSvbS4QJyHJA9NyI [运行时间：0.135115s][吞吐率：7.40req/s] [内存消耗：2,900.85kb] [文件加载：42]
[ info ] [ LANG ] C:\www\yunxi\thinkphp\lang\zh-cn.php
[ info ] [ ROUTE ] array (
  'type' => 'module',
  'module' => 
  array (
    0 => 'index',
    1 => 'index',
    2 => 'yanzheng',
  ),
)
[ info ] [ HEADER ] array (
  'user-agent' => 'Mozilla/4.0',
  'accept' => '*/*',
  'host' => 'yunxi.yunw8.com',
  'pragma' => 'no-cache',
  'content-length' => '276',
  'content-type' => 'text/xml',
)
[ info ] [ PARAM ] array (
  'signature' => '364e6bdada9b7c329312c2619b11a84086a1ac0b',
  'timestamp' => '1526386950',
  'nonce' => '1135547759',
  'openid' => 'oqwiq0b9p-VHRSvbS4QJyHJA9NyI',
)
[ info ] [ RUN ] app\index\controller\Index->yanzheng[ C:\www\yunxi\application\index\controller\Index.php ]
[ info ] [ DB ] INIT sqlsrv
[ info ] [ LOG ] INIT File
---------------------------------------------------------------
[ 2018-05-15T20:22:36+08:00 ] 115.198.249.199 GET /index/index/bind/openid/oqwiq0b9p-VHRSvbS4QJyHJA9NyI.html
[ info ] yunxi.yunw8.com/index/index/bind/openid/oqwiq0b9p-VHRSvbS4QJyHJA9NyI.html [运行时间：0.123708s][吞吐率：8.08req/s] [内存消耗：2,182.25kb] [文件加载：42]
[ info ] [ LANG ] C:\www\yunxi\thinkphp\lang\zh-cn.php
[ info ] [ ROUTE ] array (
  'type' => 'module',
  'module' => 
  array (
    0 => 'index',
    1 => 'index',
    2 => 'bind',
  ),
)
[ info ] [ HEADER ] array (
  'accept' => 'text/html,application/xhtml+xml,application/xml;q=0.9,image/webp,image/apng,image/wxpic,image/sharpp,image/apng,*/*;q=0.8',
  'accept-encoding' => 'gzip',
  'accept-language' => 'zh-CN,en-US;q=0.8',
  'connection' => 'close',
  'host' => 'yunxi.yunw8.com',
  'user-agent' => 'Mozilla/5.0 (Linux; Android 7.0; EVA-AL10 Build/HUAWEIEVA-AL10; wv) AppleWebKit/537.36 (KHTML, like Gecko) Version/4.0 Chrome/57.0.2987.132 MQQBrowser/6.2 TBS/044030 Mobile Safari/537.36 MicroMessenger/6.6.6.1300(0x26060632) NetType/WIFI Language/zh_CN',
  'x-forwarded-for' => '115.198.249.199',
  'x-forwarded-for-pound' => '115.198.249.199',
)
[ info ] [ PARAM ] array (
  'openid' => 'oqwiq0b9p-VHRSvbS4QJyHJA9NyI',
)
[ info ] [ RUN ] app\index\controller\Index->bind[ C:\www\yunxi\application\index\controller\Index.php ]
[ info ] [ DB ] INIT sqlsrv
[ info ] [ VIEW ] C:\www\yunxi/application/index\view\index\bind.html [ array (
  0 => 'openid',
  1 => 'user',
) ]
[ info ] [ LOG ] INIT File
---------------------------------------------------------------
[ 2018-05-15T20:23:09+08:00 ] 115.198.249.199 POST /index/index/bind.html
[ info ] yunxi.yunw8.com/index/index/bind.html [运行时间：0.264319s][吞吐率：3.78req/s] [内存消耗：2,146.52kb] [文件加载：43]
[ info ] [ LANG ] C:\www\yunxi\thinkphp\lang\zh-cn.php
[ info ] [ ROUTE ] array (
  'type' => 'module',
  'module' => 
  array (
    0 => 'index',
    1 => 'index',
    2 => 'bind',
  ),
)
[ info ] [ HEADER ] array (
  'accept' => 'text/html,application/xhtml+xml,application/xml;q=0.9,image/webp,image/apng,image/wxpic,image/sharpp,image/apng,*/*;q=0.8',
  'accept-encoding' => 'gzip',
  'accept-language' => 'zh-CN,en-US;q=0.8',
  'cache-control' => 'max-age=0',
  'connection' => 'close',
  'content-length' => '122',
  'content-type' => 'application/x-www-form-urlencoded',
  'host' => 'yunxi.yunw8.com',
  'origin' => 'http://yunxi.yunw8.com',
  'referer' => 'http://yunxi.yunw8.com/index/index/bind/openid/oqwiq0b9p-VHRSvbS4QJyHJA9NyI.html',
  'user-agent' => 'Mozilla/5.0 (Linux; Android 7.0; EVA-AL10 Build/HUAWEIEVA-AL10; wv) AppleWebKit/537.36 (KHTML, like Gecko) Version/4.0 Chrome/57.0.2987.132 MQQBrowser/6.2 TBS/044030 Mobile Safari/537.36 MicroMessenger/6.6.6.1300(0x26060632) NetType/WIFI Language/zh_CN',
  'x-forwarded-for' => '115.198.249.199',
  'x-forwarded-for-pound' => '115.198.249.199',
)
[ info ] [ PARAM ] array (
  'openid' => 'oqwiq0b9p-VHRSvbS4QJyHJA9NyI',
  'HolderName' => '周军',
  'Telephone' => '13376827551',
  'Sex' => '男',
  'BirhtDate' => '2018-04-19',
)
[ info ] [ RUN ] app\index\controller\Index->bind[ C:\www\yunxi\application\index\controller\Index.php ]
[ info ] [ DB ] INIT sqlsrv
[ info ] [ VIEW ] C:\www\yunxi\thinkphp\tpl\dispatch_jump.tpl [ array (
  0 => 'code',
  1 => 'msg',
  2 => 'data',
  3 => 'url',
  4 => 'wait',
) ]
[ info ] [ LOG ] INIT File
---------------------------------------------------------------
[ 2018-05-15T20:23:12+08:00 ] 115.198.249.199 GET /index/index/bind/openid/oqwiq0b9p-VHRSvbS4QJyHJA9NyI.html
[ info ] yunxi.yunw8.com/index/index/bind/openid/oqwiq0b9p-VHRSvbS4QJyHJA9NyI.html [运行时间：0.115776s][吞吐率：8.64req/s] [内存消耗：2,185.35kb] [文件加载：42]
[ info ] [ LANG ] C:\www\yunxi\thinkphp\lang\zh-cn.php
[ info ] [ ROUTE ] array (
  'type' => 'module',
  'module' => 
  array (
    0 => 'index',
    1 => 'index',
    2 => 'bind',
  ),
)
[ info ] [ HEADER ] array (
  'accept' => 'text/html,application/xhtml+xml,application/xml;q=0.9,image/webp,image/apng,image/wxpic,image/sharpp,image/apng,*/*;q=0.8',
  'accept-encoding' => 'gzip',
  'accept-language' => 'zh-CN,en-US;q=0.8',
  'connection' => 'close',
  'host' => 'yunxi.yunw8.com',
  'user-agent' => 'Mozilla/5.0 (Linux; Android 7.0; EVA-AL10 Build/HUAWEIEVA-AL10; wv) AppleWebKit/537.36 (KHTML, like Gecko) Version/4.0 Chrome/57.0.2987.132 MQQBrowser/6.2 TBS/044030 Mobile Safari/537.36 MicroMessenger/6.6.6.1300(0x26060632) NetType/WIFI Language/zh_CN',
  'x-forwarded-for' => '115.198.249.199',
  'x-forwarded-for-pound' => '115.198.249.199',
)
[ info ] [ PARAM ] array (
  'openid' => 'oqwiq0b9p-VHRSvbS4QJyHJA9NyI',
)
[ info ] [ RUN ] app\index\controller\Index->bind[ C:\www\yunxi\application\index\controller\Index.php ]
[ info ] [ DB ] INIT sqlsrv
[ info ] [ VIEW ] C:\www\yunxi/application/index\view\index\bind.html [ array (
  0 => 'openid',
  1 => 'user',
) ]
[ info ] [ LOG ] INIT File
---------------------------------------------------------------
[ 2018-05-15T20:23:18+08:00 ] 103.7.30.71 POST /index/index/yanzheng?signature=ba91f6a5ca688c956b4eea1fb463d7753396ef74&timestamp=1526386997&nonce=1079337279&openid=oqwiq0b9p-VHRSvbS4QJyHJA9NyI
[ info ] yunxi.yunw8.com/index/index/yanzheng?signature=ba91f6a5ca688c956b4eea1fb463d7753396ef74&timestamp=1526386997&nonce=1079337279&openid=oqwiq0b9p-VHRSvbS4QJyHJA9NyI [运行时间：0.125375s][吞吐率：7.98req/s] [内存消耗：2,839.84kb] [文件加载：41]
[ info ] [ LANG ] C:\www\yunxi\thinkphp\lang\zh-cn.php
[ info ] [ ROUTE ] array (
  'type' => 'module',
  'module' => 
  array (
    0 => 'index',
    1 => 'index',
    2 => 'yanzheng',
  ),
)
[ info ] [ HEADER ] array (
  'user-agent' => 'Mozilla/4.0',
  'accept' => '*/*',
  'host' => 'yunxi.yunw8.com',
  'pragma' => 'no-cache',
  'content-length' => '276',
  'content-type' => 'text/xml',
)
[ info ] [ PARAM ] array (
  'signature' => 'ba91f6a5ca688c956b4eea1fb463d7753396ef74',
  'timestamp' => '1526386997',
  'nonce' => '1079337279',
  'openid' => 'oqwiq0b9p-VHRSvbS4QJyHJA9NyI',
)
[ info ] [ RUN ] app\index\controller\Index->yanzheng[ C:\www\yunxi\application\index\controller\Index.php ]
[ info ] [ DB ] INIT sqlsrv
[ info ] [ LOG ] INIT File
---------------------------------------------------------------
[ 2018-05-15T20:23:28+08:00 ] 103.7.30.71 POST /index/index/yanzheng?signature=da7aaa6c1abf181fe773cd5364ee90a2ab81d316&timestamp=1526387007&nonce=1353738804&openid=oqwiq0b9p-VHRSvbS4QJyHJA9NyI
[ info ] yunxi.yunw8.com/index/index/yanzheng?signature=da7aaa6c1abf181fe773cd5364ee90a2ab81d316&timestamp=1526387007&nonce=1353738804&openid=oqwiq0b9p-VHRSvbS4QJyHJA9NyI [运行时间：0.211820s][吞吐率：4.72req/s] [内存消耗：2,849.66kb] [文件加载：42]
[ info ] [ LANG ] C:\www\yunxi\thinkphp\lang\zh-cn.php
[ info ] [ ROUTE ] array (
  'type' => 'module',
  'module' => 
  array (
    0 => 'index',
    1 => 'index',
    2 => 'yanzheng',
  ),
)
[ info ] [ HEADER ] array (
  'user-agent' => 'Mozilla/4.0',
  'accept' => '*/*',
  'host' => 'yunxi.yunw8.com',
  'pragma' => 'no-cache',
  'content-length' => '276',
  'content-type' => 'text/xml',
)
[ info ] [ PARAM ] array (
  'signature' => 'da7aaa6c1abf181fe773cd5364ee90a2ab81d316',
  'timestamp' => '1526387007',
  'nonce' => '1353738804',
  'openid' => 'oqwiq0b9p-VHRSvbS4QJyHJA9NyI',
)
[ info ] [ RUN ] app\index\controller\Index->yanzheng[ C:\www\yunxi\application\index\controller\Index.php ]
[ info ] [ DB ] INIT sqlsrv
[ info ] [ LOG ] INIT File
---------------------------------------------------------------
[ 2018-05-15T20:23:36+08:00 ] 61.151.225.242 GET /index/index/bind/openid/oqwiq0b9p-VHRSvbS4QJyHJA9NyI.html
[ info ] yunxi.yunw8.com/index/index/bind/openid/oqwiq0b9p-VHRSvbS4QJyHJA9NyI.html [运行时间：0.104004s][吞吐率：9.62req/s] [内存消耗：2,184.04kb] [文件加载：42]
[ info ] [ LANG ] C:\www\yunxi\thinkphp\lang\zh-cn.php
[ info ] [ ROUTE ] array (
  'type' => 'module',
  'module' => 
  array (
    0 => 'index',
    1 => 'index',
    2 => 'bind',
  ),
)
[ info ] [ HEADER ] array (
  'user-agent' => 'Mozilla/5.0 (Linux; Android 4.4.4; Coolpad Y82-520 Build/KTU84P) AppleWebKit/537.36 (KHTML, like Gecko) Version/4.0 Chrome/33.0.0.0 Mobile Safari/537.36 MicroMessenger/6.5.4.1000 NetType/4G Language/zh_CN',
  'accept' => '*/*',
  'accept-language' => 'zh-CN,zh;q=0.8,en-US;q=0.6,en;q=0.4',
  'host' => 'yunxi.yunw8.com',
  'connection' => 'keep-alive',
)
[ info ] [ PARAM ] array (
  'openid' => 'oqwiq0b9p-VHRSvbS4QJyHJA9NyI',
)
[ info ] [ RUN ] app\index\controller\Index->bind[ C:\www\yunxi\application\index\controller\Index.php ]
[ info ] [ DB ] INIT sqlsrv
[ info ] [ VIEW ] C:\www\yunxi/application/index\view\index\bind.html [ array (
  0 => 'openid',
  1 => 'user',
) ]
[ info ] [ LOG ] INIT File
---------------------------------------------------------------
[ 2018-05-15T20:24:09+08:00 ] 101.227.131.247 GET /index/index/bind.html
[ info ] yunxi.yunw8.com/index/index/bind.html [运行时间：0.126699s][吞吐率：7.89req/s] [内存消耗：1,566.48kb] [文件加载：39]
[ info ] [ LANG ] C:\www\yunxi\thinkphp\lang\zh-cn.php
[ info ] [ ROUTE ] array (
  'type' => 'module',
  'module' => 
  array (
    0 => 'index',
    1 => 'index',
    2 => 'bind',
  ),
)
[ info ] [ HEADER ] array (
  'user-agent' => 'Mozilla/5.0 (Linux; Android 6.0.1; OPPO R9s Build/MMB29M) AppleWebKit/537.36 (KHTML, like Gecko) Version/4.0 Chrome/37.0.0.0 Mobile MQQBrowser/6.9 TBS/036906 Safari/537.36 MicroMessenger/6.5.4.1000 NetType/4G Language/zh_CN',
  'accept' => '*/*',
  'accept-language' => 'zh-CN,zh;q=0.8,en-US;q=0.6,en;q=0.4',
  'host' => 'yunxi.yunw8.com',
  'connection' => 'keep-alive',
)
[ info ] [ PARAM ] array (
)
[ info ] [ RUN ] app\index\controller\Index->bind[ C:\www\yunxi\application\index\controller\Index.php ]
[ info ] [ DB ] INIT sqlsrv
[ info ] [ LOG ] INIT File
[ error ] [0]variable type error： boolean[C:\www\yunxi\thinkphp\library\think\Response.php:316]
---------------------------------------------------------------
[ 2018-05-15T20:24:13+08:00 ] 103.7.30.71 POST /index/index/yanzheng?signature=78ffd7802d6e0be15558d6542d042cd8175a8cb1&timestamp=1526387053&nonce=259194849&openid=oqwiq0b9p-VHRSvbS4QJyHJA9NyI
[ info ] yunxi.yunw8.com/index/index/yanzheng?signature=78ffd7802d6e0be15558d6542d042cd8175a8cb1&timestamp=1526387053&nonce=259194849&openid=oqwiq0b9p-VHRSvbS4QJyHJA9NyI [运行时间：0.108900s][吞吐率：9.18req/s] [内存消耗：2,839.82kb] [文件加载：41]
[ info ] [ LANG ] C:\www\yunxi\thinkphp\lang\zh-cn.php
[ info ] [ ROUTE ] array (
  'type' => 'module',
  'module' => 
  array (
    0 => 'index',
    1 => 'index',
    2 => 'yanzheng',
  ),
)
[ info ] [ HEADER ] array (
  'user-agent' => 'Mozilla/4.0',
  'accept' => '*/*',
  'host' => 'yunxi.yunw8.com',
  'pragma' => 'no-cache',
  'content-length' => '276',
  'content-type' => 'text/xml',
)
[ info ] [ PARAM ] array (
  'signature' => '78ffd7802d6e0be15558d6542d042cd8175a8cb1',
  'timestamp' => '1526387053',
  'nonce' => '259194849',
  'openid' => 'oqwiq0b9p-VHRSvbS4QJyHJA9NyI',
)
[ info ] [ RUN ] app\index\controller\Index->yanzheng[ C:\www\yunxi\application\index\controller\Index.php ]
[ info ] [ DB ] INIT sqlsrv
[ info ] [ LOG ] INIT File
---------------------------------------------------------------
[ 2018-05-15T20:25:03+08:00 ] 103.7.30.71 POST /index/index/yanzheng?signature=fd45eb8fda0b55886bb3ad026aef754273a6ad91&timestamp=1526387103&nonce=1691658867&openid=oqwiq0b9p-VHRSvbS4QJyHJA9NyI
[ info ] yunxi.yunw8.com/index/index/yanzheng?signature=fd45eb8fda0b55886bb3ad026aef754273a6ad91&timestamp=1526387103&nonce=1691658867&openid=oqwiq0b9p-VHRSvbS4QJyHJA9NyI [运行时间：0.121999s][吞吐率：8.20req/s] [内存消耗：2,900.99kb] [文件加载：42]
[ info ] [ LANG ] C:\www\yunxi\thinkphp\lang\zh-cn.php
[ info ] [ ROUTE ] array (
  'type' => 'module',
  'module' => 
  array (
    0 => 'index',
    1 => 'index',
    2 => 'yanzheng',
  ),
)
[ info ] [ HEADER ] array (
  'user-agent' => 'Mozilla/4.0',
  'accept' => '*/*',
  'host' => 'yunxi.yunw8.com',
  'pragma' => 'no-cache',
  'content-length' => '276',
  'content-type' => 'text/xml',
)
[ info ] [ PARAM ] array (
  'signature' => 'fd45eb8fda0b55886bb3ad026aef754273a6ad91',
  'timestamp' => '1526387103',
  'nonce' => '1691658867',
  'openid' => 'oqwiq0b9p-VHRSvbS4QJyHJA9NyI',
)
[ info ] [ RUN ] app\index\controller\Index->yanzheng[ C:\www\yunxi\application\index\controller\Index.php ]
[ info ] [ DB ] INIT sqlsrv
[ info ] [ LOG ] INIT File
---------------------------------------------------------------
[ 2018-05-15T20:25:05+08:00 ] 103.7.30.71 POST /index/index/yanzheng?signature=bb70a1417e9acc82d1ce0a0ac9fe94748b0aa1ca&timestamp=1526387105&nonce=1369576296&openid=oqwiq0b9p-VHRSvbS4QJyHJA9NyI
[ info ] yunxi.yunw8.com/index/index/yanzheng?signature=bb70a1417e9acc82d1ce0a0ac9fe94748b0aa1ca&timestamp=1526387105&nonce=1369576296&openid=oqwiq0b9p-VHRSvbS4QJyHJA9NyI [运行时间：0.112396s][吞吐率：8.90req/s] [内存消耗：2,839.82kb] [文件加载：41]
[ info ] [ LANG ] C:\www\yunxi\thinkphp\lang\zh-cn.php
[ info ] [ ROUTE ] array (
  'type' => 'module',
  'module' => 
  array (
    0 => 'index',
    1 => 'index',
    2 => 'yanzheng',
  ),
)
[ info ] [ HEADER ] array (
  'user-agent' => 'Mozilla/4.0',
  'accept' => '*/*',
  'host' => 'yunxi.yunw8.com',
  'pragma' => 'no-cache',
  'content-length' => '276',
  'content-type' => 'text/xml',
)
[ info ] [ PARAM ] array (
  'signature' => 'bb70a1417e9acc82d1ce0a0ac9fe94748b0aa1ca',
  'timestamp' => '1526387105',
  'nonce' => '1369576296',
  'openid' => 'oqwiq0b9p-VHRSvbS4QJyHJA9NyI',
)
[ info ] [ RUN ] app\index\controller\Index->yanzheng[ C:\www\yunxi\application\index\controller\Index.php ]
[ info ] [ DB ] INIT sqlsrv
[ info ] [ LOG ] INIT File
---------------------------------------------------------------
[ 2018-05-15T20:25:09+08:00 ] 103.7.30.71 POST /index/index/yanzheng?signature=8384f19951b6e1d6925ea6e229e728438a263c0d&timestamp=1526387109&nonce=661504919&openid=oqwiq0b9p-VHRSvbS4QJyHJA9NyI
[ info ] yunxi.yunw8.com/index/index/yanzheng?signature=8384f19951b6e1d6925ea6e229e728438a263c0d&timestamp=1526387109&nonce=661504919&openid=oqwiq0b9p-VHRSvbS4QJyHJA9NyI [运行时间：0.137566s][吞吐率：7.27req/s] [内存消耗：2,839.80kb] [文件加载：41]
[ info ] [ LANG ] C:\www\yunxi\thinkphp\lang\zh-cn.php
[ info ] [ ROUTE ] array (
  'type' => 'module',
  'module' => 
  array (
    0 => 'index',
    1 => 'index',
    2 => 'yanzheng',
  ),
)
[ info ] [ HEADER ] array (
  'user-agent' => 'Mozilla/4.0',
  'accept' => '*/*',
  'host' => 'yunxi.yunw8.com',
  'pragma' => 'no-cache',
  'content-length' => '276',
  'content-type' => 'text/xml',
)
[ info ] [ PARAM ] array (
  'signature' => '8384f19951b6e1d6925ea6e229e728438a263c0d',
  'timestamp' => '1526387109',
  'nonce' => '661504919',
  'openid' => 'oqwiq0b9p-VHRSvbS4QJyHJA9NyI',
)
[ info ] [ RUN ] app\index\controller\Index->yanzheng[ C:\www\yunxi\application\index\controller\Index.php ]
[ info ] [ DB ] INIT sqlsrv
[ info ] [ LOG ] INIT File
---------------------------------------------------------------
[ 2018-05-15T20:25:20+08:00 ] 103.7.30.71 POST /index/index/yanzheng?signature=e304bcc2e8cecf5e52999d879901103001e0833d&timestamp=1526387119&nonce=1026352897&openid=oqwiq0b9p-VHRSvbS4QJyHJA9NyI
[ info ] yunxi.yunw8.com/index/index/yanzheng?signature=e304bcc2e8cecf5e52999d879901103001e0833d&timestamp=1526387119&nonce=1026352897&openid=oqwiq0b9p-VHRSvbS4QJyHJA9NyI [运行时间：0.210992s][吞吐率：4.74req/s] [内存消耗：2,849.66kb] [文件加载：42]
[ info ] [ LANG ] C:\www\yunxi\thinkphp\lang\zh-cn.php
[ info ] [ ROUTE ] array (
  'type' => 'module',
  'module' => 
  array (
    0 => 'index',
    1 => 'index',
    2 => 'yanzheng',
  ),
)
[ info ] [ HEADER ] array (
  'user-agent' => 'Mozilla/4.0',
  'accept' => '*/*',
  'host' => 'yunxi.yunw8.com',
  'pragma' => 'no-cache',
  'content-length' => '276',
  'content-type' => 'text/xml',
)
[ info ] [ PARAM ] array (
  'signature' => 'e304bcc2e8cecf5e52999d879901103001e0833d',
  'timestamp' => '1526387119',
  'nonce' => '1026352897',
  'openid' => 'oqwiq0b9p-VHRSvbS4QJyHJA9NyI',
)
[ info ] [ RUN ] app\index\controller\Index->yanzheng[ C:\www\yunxi\application\index\controller\Index.php ]
[ info ] [ DB ] INIT sqlsrv
[ info ] [ LOG ] INIT File
---------------------------------------------------------------
[ 2018-05-15T20:25:35+08:00 ] 103.7.30.71 POST /index/index/yanzheng?signature=5a079f886f34637ac599795dab351873acb117b9&timestamp=1526387134&nonce=712956845&openid=oqwiq0b9p-VHRSvbS4QJyHJA9NyI
[ info ] yunxi.yunw8.com/index/index/yanzheng?signature=5a079f886f34637ac599795dab351873acb117b9&timestamp=1526387134&nonce=712956845&openid=oqwiq0b9p-VHRSvbS4QJyHJA9NyI [运行时间：0.049640s][吞吐率：20.15req/s] [内存消耗：2,089.05kb] [文件加载：35]
[ info ] [ LANG ] C:\www\yunxi\thinkphp\lang\zh-cn.php
[ info ] [ ROUTE ] array (
  'type' => 'module',
  'module' => 
  array (
    0 => 'index',
    1 => 'index',
    2 => 'yanzheng',
  ),
)
[ info ] [ HEADER ] array (
  'user-agent' => 'Mozilla/4.0',
  'accept' => '*/*',
  'host' => 'yunxi.yunw8.com',
  'pragma' => 'no-cache',
  'content-length' => '274',
  'content-type' => 'text/xml',
)
[ info ] [ PARAM ] array (
  'signature' => '5a079f886f34637ac599795dab351873acb117b9',
  'timestamp' => '1526387134',
  'nonce' => '712956845',
  'openid' => 'oqwiq0b9p-VHRSvbS4QJyHJA9NyI',
)
[ info ] [ RUN ] app\index\controller\Index->yanzheng[ C:\www\yunxi\application\index\controller\Index.php ]
[ info ] [ LOG ] INIT File
---------------------------------------------------------------
[ 2018-05-15T21:00:48+08:00 ] 103.7.30.71 POST /index/index/yanzheng?signature=877414f6838b5e518ac03610385a3ea63a5a15db&timestamp=1526389247&nonce=1288498110&openid=oqwiq0UYaesYfwmFE8jw5rp6y-L4
[ info ] yunxi.yunw8.com/index/index/yanzheng?signature=877414f6838b5e518ac03610385a3ea63a5a15db&timestamp=1526389247&nonce=1288498110&openid=oqwiq0UYaesYfwmFE8jw5rp6y-L4 [运行时间：0.178416s][吞吐率：5.60req/s] [内存消耗：2,900.87kb] [文件加载：42]
[ info ] [ LANG ] C:\www\yunxi\thinkphp\lang\zh-cn.php
[ info ] [ ROUTE ] array (
  'type' => 'module',
  'module' => 
  array (
    0 => 'index',
    1 => 'index',
    2 => 'yanzheng',
  ),
)
[ info ] [ HEADER ] array (
  'user-agent' => 'Mozilla/4.0',
  'accept' => '*/*',
  'host' => 'yunxi.yunw8.com',
  'pragma' => 'no-cache',
  'content-length' => '276',
  'content-type' => 'text/xml',
)
[ info ] [ PARAM ] array (
  'signature' => '877414f6838b5e518ac03610385a3ea63a5a15db',
  'timestamp' => '1526389247',
  'nonce' => '1288498110',
  'openid' => 'oqwiq0UYaesYfwmFE8jw5rp6y-L4',
)
[ info ] [ RUN ] app\index\controller\Index->yanzheng[ C:\www\yunxi\application\index\controller\Index.php ]
[ info ] [ DB ] INIT sqlsrv
[ info ] [ LOG ] INIT File
---------------------------------------------------------------
[ 2018-05-15T21:00:55+08:00 ] 112.17.239.119 GET /index/index/bind/openid/oqwiq0UYaesYfwmFE8jw5rp6y-L4.html
[ info ] yunxi.yunw8.com/index/index/bind/openid/oqwiq0UYaesYfwmFE8jw5rp6y-L4.html [运行时间：0.113683s][吞吐率：8.80req/s] [内存消耗：2,182.23kb] [文件加载：42]
[ info ] [ LANG ] C:\www\yunxi\thinkphp\lang\zh-cn.php
[ info ] [ ROUTE ] array (
  'type' => 'module',
  'module' => 
  array (
    0 => 'index',
    1 => 'index',
    2 => 'bind',
  ),
)
[ info ] [ HEADER ] array (
  'accept' => 'text/html,application/xhtml+xml,application/xml;q=0.9,image/webp,image/apng,image/wxpic,image/sharpp,image/apng,*/*;q=0.8',
  'accept-encoding' => 'gzip',
  'accept-language' => 'zh-CN,zh-CN;q=0.8,en-US;q=0.6',
  'connection' => 'close',
  'host' => 'yunxi.yunw8.com',
  'user-agent' => 'Mozilla/5.0 (Linux; Android 7.0; MHA-AL00 Build/HUAWEIMHA-AL00; wv) AppleWebKit/537.36 (KHTML, like Gecko) Version/4.0 Chrome/57.0.2987.132 MQQBrowser/6.2 TBS/44068 Mobile Safari/537.36 MicroMessenger/6.5.23.1180 NetType/4G Language/zh_CN',
  'x-forwarded-for' => '112.17.239.119',
  'x-forwarded-for-pound' => '112.17.239.119',
)
[ info ] [ PARAM ] array (
  'openid' => 'oqwiq0UYaesYfwmFE8jw5rp6y-L4',
)
[ info ] [ RUN ] app\index\controller\Index->bind[ C:\www\yunxi\application\index\controller\Index.php ]
[ info ] [ DB ] INIT sqlsrv
[ info ] [ VIEW ] C:\www\yunxi/application/index\view\index\bind.html [ array (
  0 => 'openid',
  1 => 'user',
) ]
[ info ] [ LOG ] INIT File
---------------------------------------------------------------
[ 2018-05-15T21:00:56+08:00 ] 58.247.212.98 GET /
[ info ] yunxi.yunw8.com/ [运行时间：0.030395s][吞吐率：32.90req/s] [内存消耗：1,283.79kb] [文件加载：32]
[ info ] [ LANG ] C:\www\yunxi\thinkphp\lang\zh-cn.php
[ info ] [ ROUTE ] array (
  'type' => 'module',
  'module' => 
  array (
    0 => '',
    1 => NULL,
    2 => NULL,
  ),
)
[ info ] [ HEADER ] array (
  'accept' => 'text/vnd.wap.wml,text/html,application/vnd.wap.xhtml+xml,application/xhtml+xml',
  'accept-charset' => 'gb2312,iso8859-1,utf-8',
  'accept-encoding' => 'gzip,deflate',
  'connection' => 'close',
  'content-length' => '0',
  'host' => 'yunxi.yunw8.com',
  'q-ua' => 'KQB22_GA/220020&KMTT_3/200020&JV2&151920&SunMicrosystemswtk&0&4309&V3',
  'user-agent' => 'Mozilla/5.0 (Windows; U; Windows NT 5.1; zh-CN; rv:1.9b4) Gecko/2008030317 Firefox/3.0b4',
)
[ info ] [ PARAM ] array (
)
[ info ] [ RUN ] app\index\controller\Index->index[ C:\www\yunxi\application\index\controller\Index.php ]
[ info ] [ LOG ] INIT File
---------------------------------------------------------------
[ 2018-05-15T21:00:56+08:00 ] 223.167.152.124 GET /
[ info ] yunxi.yunw8.com/ [运行时间：0.055029s][吞吐率：18.17req/s] [内存消耗：1,283.79kb] [文件加载：32]
[ info ] [ LANG ] C:\www\yunxi\thinkphp\lang\zh-cn.php
[ info ] [ ROUTE ] array (
  'type' => 'module',
  'module' => 
  array (
    0 => '',
    1 => NULL,
    2 => NULL,
  ),
)
[ info ] [ HEADER ] array (
  'accept' => 'text/vnd.wap.wml,text/html,application/vnd.wap.xhtml+xml,application/xhtml+xml',
  'accept-charset' => 'gb2312,iso8859-1,utf-8',
  'accept-encoding' => 'gzip,deflate',
  'connection' => 'close',
  'content-length' => '0',
  'host' => 'yunxi.yunw8.com',
  'q-ua' => 'KQB22_GA/220020&KMTT_3/200020&JV2&151920&SunMicrosystemswtk&0&4309&V3',
  'user-agent' => 'Mozilla/5.0 (Windows; U; Windows NT 5.1; zh-CN; rv:1.9b4) Gecko/2008030317 Firefox/3.0b4',
)
[ info ] [ PARAM ] array (
)
[ info ] [ RUN ] app\index\controller\Index->index[ C:\www\yunxi\application\index\controller\Index.php ]
[ info ] [ LOG ] INIT File
---------------------------------------------------------------
[ 2018-05-15T21:00:56+08:00 ] 223.166.151.233 GET /
[ info ] yunxi.yunw8.com/ [运行时间：0.076764s][吞吐率：13.03req/s] [内存消耗：1,283.79kb] [文件加载：32]
[ info ] [ LANG ] C:\www\yunxi\thinkphp\lang\zh-cn.php
[ info ] [ ROUTE ] array (
  'type' => 'module',
  'module' => 
  array (
    0 => '',
    1 => NULL,
    2 => NULL,
  ),
)
[ info ] [ HEADER ] array (
  'accept' => 'text/vnd.wap.wml,text/html,application/vnd.wap.xhtml+xml,application/xhtml+xml',
  'accept-charset' => 'gb2312,iso8859-1,utf-8',
  'accept-encoding' => 'gzip,deflate',
  'connection' => 'close',
  'content-length' => '0',
  'host' => 'yunxi.yunw8.com',
  'q-ua' => 'KQB22_GA/220020&KMTT_3/200020&JV2&151920&SunMicrosystemswtk&0&4309&V3',
  'user-agent' => 'Mozilla/5.0 (Windows; U; Windows NT 5.1; zh-CN; rv:1.9b4) Gecko/2008030317 Firefox/3.0b4',
)
[ info ] [ PARAM ] array (
)
[ info ] [ RUN ] app\index\controller\Index->index[ C:\www\yunxi\application\index\controller\Index.php ]
[ info ] [ LOG ] INIT File
---------------------------------------------------------------
[ 2018-05-15T21:00:56+08:00 ] 58.247.212.98 GET /
[ info ] yunxi.yunw8.com/ [运行时间：0.027660s][吞吐率：36.15req/s] [内存消耗：1,283.79kb] [文件加载：32]
[ info ] [ LANG ] C:\www\yunxi\thinkphp\lang\zh-cn.php
[ info ] [ ROUTE ] array (
  'type' => 'module',
  'module' => 
  array (
    0 => '',
    1 => NULL,
    2 => NULL,
  ),
)
[ info ] [ HEADER ] array (
  'accept' => 'text/vnd.wap.wml,text/html,application/vnd.wap.xhtml+xml,application/xhtml+xml',
  'accept-charset' => 'gb2312,iso8859-1,utf-8',
  'accept-encoding' => 'gzip,deflate',
  'connection' => 'close',
  'content-length' => '0',
  'host' => 'yunxi.yunw8.com',
  'q-ua' => 'KQB22_GA/220020&KMTT_3/200020&JV2&151920&SunMicrosystemswtk&0&4309&V3',
  'user-agent' => 'Mozilla/5.0 (Windows; U; Windows NT 5.1; zh-CN; rv:1.9b4) Gecko/2008030317 Firefox/3.0b4',
)
[ info ] [ PARAM ] array (
)
[ info ] [ RUN ] app\index\controller\Index->index[ C:\www\yunxi\application\index\controller\Index.php ]
[ info ] [ LOG ] INIT File
---------------------------------------------------------------
[ 2018-05-15T21:00:56+08:00 ] 58.247.212.75 GET /
[ info ] yunxi.yunw8.com/ [运行时间：0.044836s][吞吐率：22.30req/s] [内存消耗：1,283.79kb] [文件加载：32]
[ info ] [ LANG ] C:\www\yunxi\thinkphp\lang\zh-cn.php
[ info ] [ ROUTE ] array (
  'type' => 'module',
  'module' => 
  array (
    0 => '',
    1 => NULL,
    2 => NULL,
  ),
)
[ info ] [ HEADER ] array (
  'accept' => 'text/vnd.wap.wml,text/html,application/vnd.wap.xhtml+xml,application/xhtml+xml',
  'accept-charset' => 'gb2312,iso8859-1,utf-8',
  'accept-encoding' => 'gzip,deflate',
  'connection' => 'close',
  'content-length' => '0',
  'host' => 'yunxi.yunw8.com',
  'q-ua' => 'KQB22_GA/220020&KMTT_3/200020&JV2&151920&SunMicrosystemswtk&0&4309&V3',
  'user-agent' => 'Mozilla/5.0 (Windows; U; Windows NT 5.1; zh-CN; rv:1.9b4) Gecko/2008030317 Firefox/3.0b4',
)
[ info ] [ PARAM ] array (
)
[ info ] [ RUN ] app\index\controller\Index->index[ C:\www\yunxi\application\index\controller\Index.php ]
[ info ] [ LOG ] INIT File
---------------------------------------------------------------
[ 2018-05-15T21:00:56+08:00 ] 223.167.152.21 GET /
[ info ] yunxi.yunw8.com/ [运行时间：0.028300s][吞吐率：35.34req/s] [内存消耗：1,283.79kb] [文件加载：32]
[ info ] [ LANG ] C:\www\yunxi\thinkphp\lang\zh-cn.php
[ info ] [ ROUTE ] array (
  'type' => 'module',
  'module' => 
  array (
    0 => '',
    1 => NULL,
    2 => NULL,
  ),
)
[ info ] [ HEADER ] array (
  'accept' => 'text/vnd.wap.wml,text/html,application/vnd.wap.xhtml+xml,application/xhtml+xml',
  'accept-charset' => 'gb2312,iso8859-1,utf-8',
  'accept-encoding' => 'gzip,deflate',
  'connection' => 'close',
  'content-length' => '0',
  'host' => 'yunxi.yunw8.com',
  'q-ua' => 'KQB22_GA/220020&KMTT_3/200020&JV2&151920&SunMicrosystemswtk&0&4309&V3',
  'user-agent' => 'Mozilla/5.0 (Windows; U; Windows NT 5.1; zh-CN; rv:1.9b4) Gecko/2008030317 Firefox/3.0b4',
)
[ info ] [ PARAM ] array (
)
[ info ] [ RUN ] app\index\controller\Index->index[ C:\www\yunxi\application\index\controller\Index.php ]
[ info ] [ LOG ] INIT File
---------------------------------------------------------------
[ 2018-05-15T21:00:56+08:00 ] 223.167.152.14 GET /
[ info ] yunxi.yunw8.com/ [运行时间：0.025640s][吞吐率：39.00req/s] [内存消耗：1,283.79kb] [文件加载：32]
[ info ] [ LANG ] C:\www\yunxi\thinkphp\lang\zh-cn.php
[ info ] [ ROUTE ] array (
  'type' => 'module',
  'module' => 
  array (
    0 => '',
    1 => NULL,
    2 => NULL,
  ),
)
[ info ] [ HEADER ] array (
  'accept' => 'text/vnd.wap.wml,text/html,application/vnd.wap.xhtml+xml,application/xhtml+xml',
  'accept-charset' => 'gb2312,iso8859-1,utf-8',
  'accept-encoding' => 'gzip,deflate',
  'connection' => 'close',
  'content-length' => '0',
  'host' => 'yunxi.yunw8.com',
  'q-ua' => 'KQB22_GA/220020&KMTT_3/200020&JV2&151920&SunMicrosystemswtk&0&4309&V3',
  'user-agent' => 'Mozilla/5.0 (Windows; U; Windows NT 5.1; zh-CN; rv:1.9b4) Gecko/2008030317 Firefox/3.0b4',
)
[ info ] [ PARAM ] array (
)
[ info ] [ RUN ] app\index\controller\Index->index[ C:\www\yunxi\application\index\controller\Index.php ]
[ info ] [ LOG ] INIT File
---------------------------------------------------------------
[ 2018-05-15T21:00:56+08:00 ] 120.204.17.68 GET /
[ info ] yunxi.yunw8.com/ [运行时间：0.044283s][吞吐率：22.58req/s] [内存消耗：1,283.79kb] [文件加载：32]
[ info ] [ LANG ] C:\www\yunxi\thinkphp\lang\zh-cn.php
[ info ] [ ROUTE ] array (
  'type' => 'module',
  'module' => 
  array (
    0 => '',
    1 => NULL,
    2 => NULL,
  ),
)
[ info ] [ HEADER ] array (
  'accept' => 'text/vnd.wap.wml,text/html,application/vnd.wap.xhtml+xml,application/xhtml+xml',
  'accept-charset' => 'gb2312,iso8859-1,utf-8',
  'accept-encoding' => 'gzip,deflate',
  'connection' => 'close',
  'content-length' => '0',
  'host' => 'yunxi.yunw8.com',
  'q-ua' => 'KQB22_GA/220020&KMTT_3/200020&JV2&151920&SunMicrosystemswtk&0&4309&V3',
  'user-agent' => 'Mozilla/5.0 (Windows; U; Windows NT 5.1; zh-CN; rv:1.9b4) Gecko/2008030317 Firefox/3.0b4',
)
[ info ] [ PARAM ] array (
)
[ info ] [ RUN ] app\index\controller\Index->index[ C:\www\yunxi\application\index\controller\Index.php ]
[ info ] [ LOG ] INIT File
---------------------------------------------------------------
[ 2018-05-15T21:00:56+08:00 ] 183.192.201.97 GET /
[ info ] yunxi.yunw8.com/ [运行时间：0.041453s][吞吐率：24.12req/s] [内存消耗：1,283.79kb] [文件加载：32]
[ info ] [ LANG ] C:\www\yunxi\thinkphp\lang\zh-cn.php
[ info ] [ ROUTE ] array (
  'type' => 'module',
  'module' => 
  array (
    0 => '',
    1 => NULL,
    2 => NULL,
  ),
)
[ info ] [ HEADER ] array (
  'accept' => 'text/vnd.wap.wml,text/html,application/vnd.wap.xhtml+xml,application/xhtml+xml',
  'accept-charset' => 'gb2312,iso8859-1,utf-8',
  'accept-encoding' => 'gzip,deflate',
  'connection' => 'close',
  'content-length' => '0',
  'host' => 'yunxi.yunw8.com',
  'q-ua' => 'KQB22_GA/220020&KMTT_3/200020&JV2&151920&SunMicrosystemswtk&0&4309&V3',
  'user-agent' => 'Mozilla/5.0 (Windows; U; Windows NT 5.1; zh-CN; rv:1.9b4) Gecko/2008030317 Firefox/3.0b4',
)
[ info ] [ PARAM ] array (
)
[ info ] [ RUN ] app\index\controller\Index->index[ C:\www\yunxi\application\index\controller\Index.php ]
[ info ] [ LOG ] INIT File
---------------------------------------------------------------
[ 2018-05-15T21:00:56+08:00 ] 183.192.201.97 GET /
[ info ] yunxi.yunw8.com/ [运行时间：0.034351s][吞吐率：29.11req/s] [内存消耗：1,283.79kb] [文件加载：32]
[ info ] [ LANG ] C:\www\yunxi\thinkphp\lang\zh-cn.php
[ info ] [ ROUTE ] array (
  'type' => 'module',
  'module' => 
  array (
    0 => '',
    1 => NULL,
    2 => NULL,
  ),
)
[ info ] [ HEADER ] array (
  'accept' => 'text/vnd.wap.wml,text/html,application/vnd.wap.xhtml+xml,application/xhtml+xml',
  'accept-charset' => 'gb2312,iso8859-1,utf-8',
  'accept-encoding' => 'gzip,deflate',
  'connection' => 'close',
  'content-length' => '0',
  'host' => 'yunxi.yunw8.com',
  'q-ua' => 'KQB22_GA/220020&KMTT_3/200020&JV2&151920&SunMicrosystemswtk&0&4309&V3',
  'user-agent' => 'Mozilla/5.0 (Windows; U; Windows NT 5.1; zh-CN; rv:1.9b4) Gecko/2008030317 Firefox/3.0b4',
)
[ info ] [ PARAM ] array (
)
[ info ] [ RUN ] app\index\controller\Index->index[ C:\www\yunxi\application\index\controller\Index.php ]
[ info ] [ LOG ] INIT File
---------------------------------------------------------------
[ 2018-05-15T21:01:12+08:00 ] 112.17.239.119 POST /index/index/bind.html
[ info ] yunxi.yunw8.com/index/index/bind.html [运行时间：0.229000s][吞吐率：4.37req/s] [内存消耗：2,146.55kb] [文件加载：43]
[ info ] [ LANG ] C:\www\yunxi\thinkphp\lang\zh-cn.php
[ info ] [ ROUTE ] array (
  'type' => 'module',
  'module' => 
  array (
    0 => 'index',
    1 => 'index',
    2 => 'bind',
  ),
)
[ info ] [ HEADER ] array (
  'accept' => 'text/html,application/xhtml+xml,application/xml;q=0.9,image/webp,image/apng,image/wxpic,image/sharpp,image/apng,*/*;q=0.8',
  'accept-encoding' => 'gzip',
  'accept-language' => 'zh-CN,zh-CN;q=0.8,en-US;q=0.6',
  'cache-control' => 'max-age=0',
  'connection' => 'close',
  'content-length' => '121',
  'content-type' => 'application/x-www-form-urlencoded',
  'host' => 'yunxi.yunw8.com',
  'origin' => 'http://yunxi.yunw8.com',
  'referer' => 'http://yunxi.yunw8.com/index/index/bind/openid/oqwiq0UYaesYfwmFE8jw5rp6y-L4.html',
  'user-agent' => 'Mozilla/5.0 (Linux; Android 7.0; MHA-AL00 Build/HUAWEIMHA-AL00; wv) AppleWebKit/537.36 (KHTML, like Gecko) Version/4.0 Chrome/57.0.2987.132 MQQBrowser/6.2 TBS/44068 Mobile Safari/537.36 MicroMessenger/6.5.23.1180 NetType/4G Language/zh_CN',
  'x-forwarded-for' => '112.17.239.119',
  'x-forwarded-for-pound' => '112.17.239.119',
)
[ info ] [ PARAM ] array (
  'openid' => 'oqwiq0UYaesYfwmFE8jw5rp6y-L4',
  'HolderName' => '覃燕子',
  'Telephone' => '13606568099',
  'Sex' => '男',
  'BirhtDate' => '',
)
[ info ] [ RUN ] app\index\controller\Index->bind[ C:\www\yunxi\application\index\controller\Index.php ]
[ info ] [ DB ] INIT sqlsrv
[ info ] [ VIEW ] C:\www\yunxi\thinkphp\tpl\dispatch_jump.tpl [ array (
  0 => 'code',
  1 => 'msg',
  2 => 'data',
  3 => 'url',
  4 => 'wait',
) ]
[ info ] [ LOG ] INIT File
---------------------------------------------------------------
[ 2018-05-15T21:01:16+08:00 ] 112.17.239.119 GET /index/index/bind/openid/oqwiq0UYaesYfwmFE8jw5rp6y-L4.html
[ info ] yunxi.yunw8.com/index/index/bind/openid/oqwiq0UYaesYfwmFE8jw5rp6y-L4.html [运行时间：0.100171s][吞吐率：9.98req/s] [内存消耗：2,185.31kb] [文件加载：42]
[ info ] [ LANG ] C:\www\yunxi\thinkphp\lang\zh-cn.php
[ info ] [ ROUTE ] array (
  'type' => 'module',
  'module' => 
  array (
    0 => 'index',
    1 => 'index',
    2 => 'bind',
  ),
)
[ info ] [ HEADER ] array (
  'accept' => 'text/html,application/xhtml+xml,application/xml;q=0.9,image/webp,image/apng,image/wxpic,image/sharpp,image/apng,*/*;q=0.8',
  'accept-encoding' => 'gzip',
  'accept-language' => 'zh-CN,zh-CN;q=0.8,en-US;q=0.6',
  'connection' => 'close',
  'host' => 'yunxi.yunw8.com',
  'user-agent' => 'Mozilla/5.0 (Linux; Android 7.0; MHA-AL00 Build/HUAWEIMHA-AL00; wv) AppleWebKit/537.36 (KHTML, like Gecko) Version/4.0 Chrome/57.0.2987.132 MQQBrowser/6.2 TBS/44068 Mobile Safari/537.36 MicroMessenger/6.5.23.1180 NetType/4G Language/zh_CN',
  'x-forwarded-for' => '112.17.239.119',
  'x-forwarded-for-pound' => '112.17.239.119',
)
[ info ] [ PARAM ] array (
  'openid' => 'oqwiq0UYaesYfwmFE8jw5rp6y-L4',
)
[ info ] [ RUN ] app\index\controller\Index->bind[ C:\www\yunxi\application\index\controller\Index.php ]
[ info ] [ DB ] INIT sqlsrv
[ info ] [ VIEW ] C:\www\yunxi/application/index\view\index\bind.html [ array (
  0 => 'openid',
  1 => 'user',
) ]
[ info ] [ LOG ] INIT File
---------------------------------------------------------------
[ 2018-05-15T21:01:43+08:00 ] 112.17.239.119 POST /index/index/bind.html
[ info ] yunxi.yunw8.com/index/index/bind.html [运行时间：0.266730s][吞吐率：3.75req/s] [内存消耗：2,235.03kb] [文件加载：46]
[ info ] [ LANG ] C:\www\yunxi\thinkphp\lang\zh-cn.php
[ info ] [ ROUTE ] array (
  'type' => 'module',
  'module' => 
  array (
    0 => 'index',
    1 => 'index',
    2 => 'bind',
  ),
)
[ info ] [ HEADER ] array (
  'accept' => 'text/html,application/xhtml+xml,application/xml;q=0.9,image/webp,image/apng,image/wxpic,image/sharpp,image/apng,*/*;q=0.8',
  'accept-encoding' => 'gzip',
  'accept-language' => 'zh-CN,zh-CN;q=0.8,en-US;q=0.6',
  'cache-control' => 'max-age=0',
  'connection' => 'close',
  'content-length' => '148',
  'content-type' => 'application/x-www-form-urlencoded',
  'host' => 'yunxi.yunw8.com',
  'origin' => 'http://yunxi.yunw8.com',
  'referer' => 'http://yunxi.yunw8.com/index/index/bind/openid/oqwiq0UYaesYfwmFE8jw5rp6y-L4.html',
  'user-agent' => 'Mozilla/5.0 (Linux; Android 7.0; MHA-AL00 Build/HUAWEIMHA-AL00; wv) AppleWebKit/537.36 (KHTML, like Gecko) Version/4.0 Chrome/57.0.2987.132 MQQBrowser/6.2 TBS/44068 Mobile Safari/537.36 MicroMessenger/6.5.23.1180 NetType/4G Language/zh_CN',
  'x-forwarded-for' => '112.17.239.119',
  'x-forwarded-for-pound' => '112.17.239.119',
)
[ info ] [ PARAM ] array (
  'openid' => 'oqwiq0UYaesYfwmFE8jw5rp6y-L4',
  'HolderName' => '覃燕子',
  'Telephone' => '13606568099',
  'Sex' => '女',
  'BirhtDate' => '1900-01-01 00:00:00.000',
)
[ info ] [ RUN ] app\index\controller\Index->bind[ C:\www\yunxi\application\index\controller\Index.php ]
[ info ] [ DB ] INIT sqlsrv
[ info ] [ CACHE ] INIT File
[ info ] [ VIEW ] C:\www\yunxi\thinkphp\tpl\dispatch_jump.tpl [ array (
  0 => 'code',
  1 => 'msg',
  2 => 'data',
  3 => 'url',
  4 => 'wait',
) ]
[ info ] [ LOG ] INIT File
---------------------------------------------------------------
[ 2018-05-15T21:01:46+08:00 ] 112.17.239.119 GET /index/index/bind/openid/oqwiq0UYaesYfwmFE8jw5rp6y-L4.html
[ info ] yunxi.yunw8.com/index/index/bind/openid/oqwiq0UYaesYfwmFE8jw5rp6y-L4.html [运行时间：0.101380s][吞吐率：9.86req/s] [内存消耗：2,185.65kb] [文件加载：42]
[ info ] [ LANG ] C:\www\yunxi\thinkphp\lang\zh-cn.php
[ info ] [ ROUTE ] array (
  'type' => 'module',
  'module' => 
  array (
    0 => 'index',
    1 => 'index',
    2 => 'bind',
  ),
)
[ info ] [ HEADER ] array (
  'accept' => 'text/html,application/xhtml+xml,application/xml;q=0.9,image/webp,image/apng,image/wxpic,image/sharpp,image/apng,*/*;q=0.8',
  'accept-encoding' => 'gzip',
  'accept-language' => 'zh-CN,zh-CN;q=0.8,en-US;q=0.6',
  'connection' => 'close',
  'host' => 'yunxi.yunw8.com',
  'referer' => 'http://yunxi.yunw8.com/index/index/bind.html',
  'user-agent' => 'Mozilla/5.0 (Linux; Android 7.0; MHA-AL00 Build/HUAWEIMHA-AL00; wv) AppleWebKit/537.36 (KHTML, like Gecko) Version/4.0 Chrome/57.0.2987.132 MQQBrowser/6.2 TBS/44068 Mobile Safari/537.36 MicroMessenger/6.5.23.1180 NetType/4G Language/zh_CN',
  'x-forwarded-for' => '112.17.239.119',
  'x-forwarded-for-pound' => '112.17.239.119',
)
[ info ] [ PARAM ] array (
  'openid' => 'oqwiq0UYaesYfwmFE8jw5rp6y-L4',
)
[ info ] [ RUN ] app\index\controller\Index->bind[ C:\www\yunxi\application\index\controller\Index.php ]
[ info ] [ DB ] INIT sqlsrv
[ info ] [ VIEW ] C:\www\yunxi/application/index\view\index\bind.html [ array (
  0 => 'openid',
  1 => 'user',
) ]
[ info ] [ LOG ] INIT File
---------------------------------------------------------------
[ 2018-05-15T21:01:55+08:00 ] 61.151.225.155 GET /index/index/bind/openid/oqwiq0UYaesYfwmFE8jw5rp6y-L4.html
[ info ] yunxi.yunw8.com/index/index/bind/openid/oqwiq0UYaesYfwmFE8jw5rp6y-L4.html [运行时间：0.109353s][吞吐率：9.14req/s] [内存消耗：2,184.03kb] [文件加载：42]
[ info ] [ LANG ] C:\www\yunxi\thinkphp\lang\zh-cn.php
[ info ] [ ROUTE ] array (
  'type' => 'module',
  'module' => 
  array (
    0 => 'index',
    1 => 'index',
    2 => 'bind',
  ),
)
[ info ] [ HEADER ] array (
  'user-agent' => 'Mozilla/5.0 (Windows NT 6.1; WOW64) AppleWebKit/537.36 (KHTML, like Gecko) Chrome/39.0.2171.95 Safari/537.36 MicroMessenger/6.5.2.501 NetType/WIFI WindowsWechat QBCore/3.43.27.400 QQBrowser/9.0.2524.400',
  'accept' => '*/*',
  'accept-language' => 'zh-CN,zh;q=0.8,en-US;q=0.6,en;q=0.4',
  'host' => 'yunxi.yunw8.com',
  'connection' => 'keep-alive',
)
[ info ] [ PARAM ] array (
  'openid' => 'oqwiq0UYaesYfwmFE8jw5rp6y-L4',
)
[ info ] [ RUN ] app\index\controller\Index->bind[ C:\www\yunxi\application\index\controller\Index.php ]
[ info ] [ DB ] INIT sqlsrv
[ info ] [ VIEW ] C:\www\yunxi/application/index\view\index\bind.html [ array (
  0 => 'openid',
  1 => 'user',
) ]
[ info ] [ LOG ] INIT File
---------------------------------------------------------------
[ 2018-05-15T21:02:12+08:00 ] 117.185.117.57 GET /index/index/bind.html
[ info ] yunxi.yunw8.com/index/index/bind.html [运行时间：0.032775s][吞吐率：30.51req/s] [内存消耗：1,566.30kb] [文件加载：39]
[ info ] [ LANG ] C:\www\yunxi\thinkphp\lang\zh-cn.php
[ info ] [ ROUTE ] array (
  'type' => 'module',
  'module' => 
  array (
    0 => 'index',
    1 => 'index',
    2 => 'bind',
  ),
)
[ info ] [ HEADER ] array (
  'user-agent' => 'Mozilla/5.0 (iPhone; CPU iPhone OS 10_2_1 like Mac OS X) AppleWebKit/602.4.6 (KHTML, like Gecko) Mobile/14D27 MicroMessenger/6.5.5 NetType/WIFI Language/en',
  'accept' => '*/*',
  'accept-language' => 'zh-CN,zh;q=0.8,en-US;q=0.6,en;q=0.4',
  'host' => 'yunxi.yunw8.com',
  'connection' => 'keep-alive',
)
[ info ] [ PARAM ] array (
)
[ info ] [ RUN ] app\index\controller\Index->bind[ C:\www\yunxi\application\index\controller\Index.php ]
[ info ] [ DB ] INIT sqlsrv
[ info ] [ LOG ] INIT File
[ error ] [0]variable type error： boolean[C:\www\yunxi\thinkphp\library\think\Response.php:316]
---------------------------------------------------------------
[ 2018-05-15T21:05:09+08:00 ] 103.7.30.71 POST /index/index/yanzheng?signature=7d5cdba1ec8b7b63aa024f3e6575144a39cb4486&timestamp=1526389508&nonce=1514944472&openid=oqwiq0UYaesYfwmFE8jw5rp6y-L4
[ info ] yunxi.yunw8.com/index/index/yanzheng?signature=7d5cdba1ec8b7b63aa024f3e6575144a39cb4486&timestamp=1526389508&nonce=1514944472&openid=oqwiq0UYaesYfwmFE8jw5rp6y-L4 [运行时间：0.189518s][吞吐率：5.28req/s] [内存消耗：2,839.83kb] [文件加载：41]
[ info ] [ LANG ] C:\www\yunxi\thinkphp\lang\zh-cn.php
[ info ] [ ROUTE ] array (
  'type' => 'module',
  'module' => 
  array (
    0 => 'index',
    1 => 'index',
    2 => 'yanzheng',
  ),
)
[ info ] [ HEADER ] array (
  'user-agent' => 'Mozilla/4.0',
  'accept' => '*/*',
  'host' => 'yunxi.yunw8.com',
  'pragma' => 'no-cache',
  'content-length' => '276',
  'content-type' => 'text/xml',
)
[ info ] [ PARAM ] array (
  'signature' => '7d5cdba1ec8b7b63aa024f3e6575144a39cb4486',
  'timestamp' => '1526389508',
  'nonce' => '1514944472',
  'openid' => 'oqwiq0UYaesYfwmFE8jw5rp6y-L4',
)
[ info ] [ RUN ] app\index\controller\Index->yanzheng[ C:\www\yunxi\application\index\controller\Index.php ]
[ info ] [ DB ] INIT sqlsrv
[ info ] [ LOG ] INIT File
---------------------------------------------------------------
[ 2018-05-15T22:14:48+08:00 ] 103.7.30.71 POST /index/index/yanzheng?signature=84140662655ad6b73428a5b272ad27dfc32fccde&timestamp=1526393687&nonce=1727793952&openid=oqwiq0b9p-VHRSvbS4QJyHJA9NyI
[ info ] yunxi.yunw8.com/index/index/yanzheng?signature=84140662655ad6b73428a5b272ad27dfc32fccde&timestamp=1526393687&nonce=1727793952&openid=oqwiq0b9p-VHRSvbS4QJyHJA9NyI [运行时间：0.179718s][吞吐率：5.56req/s] [内存消耗：2,839.82kb] [文件加载：41]
[ info ] [ LANG ] C:\www\yunxi\thinkphp\lang\zh-cn.php
[ info ] [ ROUTE ] array (
  'type' => 'module',
  'module' => 
  array (
    0 => 'index',
    1 => 'index',
    2 => 'yanzheng',
  ),
)
[ info ] [ HEADER ] array (
  'user-agent' => 'Mozilla/4.0',
  'accept' => '*/*',
  'host' => 'yunxi.yunw8.com',
  'pragma' => 'no-cache',
  'content-length' => '276',
  'content-type' => 'text/xml',
)
[ info ] [ PARAM ] array (
  'signature' => '84140662655ad6b73428a5b272ad27dfc32fccde',
  'timestamp' => '1526393687',
  'nonce' => '1727793952',
  'openid' => 'oqwiq0b9p-VHRSvbS4QJyHJA9NyI',
)
[ info ] [ RUN ] app\index\controller\Index->yanzheng[ C:\www\yunxi\application\index\controller\Index.php ]
[ info ] [ DB ] INIT sqlsrv
[ info ] [ LOG ] INIT File
