---------------------------------------------------------------
[ 2018-05-16T08:29:48+08:00 ] 106.11.226.23 GET /
[ info ] yunxi.yunw8.com/ [运行时间：0.530660s][吞吐率：1.88req/s] [内存消耗：1,283.35kb] [文件加载：32]
[ info ] [ LANG ] C:\www\yunxi\thinkphp\lang\zh-cn.php
[ info ] [ ROUTE ] array (
  'type' => 'module',
  'module' => 
  array (
    0 => '',
    1 => NULL,
    2 => NULL,
  ),
)
[ info ] [ HEADER ] array (
  'accept-encoding' => 'gzip',
  'user-agent' => 'Mozilla/5.0 (iPad; CPU OS 9_1 like Mac OS X) AppleWebKit/601.1.46 (KHTML, like Gecko) Version/9.0 Mobile/13B143 Safari/601.1',
  'cache-control' => 'no-cache',
  'pragma' => 'no-cache',
  'host' => 'yunxi.yunw8.com',
  'accept' => 'text/html, image/gif, image/jpeg, *; q=.2, */*; q=.2',
  'connection' => 'keep-alive',
)
[ info ] [ PARAM ] array (
)
[ info ] [ RUN ] app\index\controller\Index->index[ C:\www\yunxi\application\index\controller\Index.php ]
[ info ] [ LOG ] INIT File
---------------------------------------------------------------
[ 2018-05-16T12:08:12+08:00 ] 183.136.190.62 GET /
[ info ] yunxi.yunw8.com/ [运行时间：0.604520s][吞吐率：1.65req/s] [内存消耗：1,283.34kb] [文件加载：32]
[ info ] [ LANG ] C:\www\yunxi\thinkphp\lang\zh-cn.php
[ info ] [ ROUTE ] array (
  'type' => 'module',
  'module' => 
  array (
    0 => '',
    1 => NULL,
    2 => NULL,
  ),
)
[ info ] [ HEADER ] array (
  'host' => 'yunxi.yunw8.com',
  'user-agent' => 'Mozilla/5.0 (Windows NT 6.1) AppleWebKit/537.36 (KHTML, like Gecko) Chrome/35.0.1916.153 Safari/537.36',
  'accept' => 'text/html,application/xhtml+xml,application/xml;q=0.9,image/webp,*/*;q=0.8',
  'accept-encoding' => '',
  'accept-language' => 'zh-CN,zh;q=0.8',
  'cache-control' => 'max-age=0',
  'connection' => 'close',
)
[ info ] [ PARAM ] array (
)
[ info ] [ RUN ] app\index\controller\Index->index[ C:\www\yunxi\application\index\controller\Index.php ]
[ info ] [ LOG ] INIT File
---------------------------------------------------------------
[ 2018-05-16T12:09:56+08:00 ] 47.97.120.5 GET /
[ info ] yunxi.yunw8.com/ [运行时间：0.027677s][吞吐率：36.13req/s] [内存消耗：1,282.55kb] [文件加载：32]
[ info ] [ LANG ] C:\www\yunxi\thinkphp\lang\zh-cn.php
[ info ] [ ROUTE ] array (
  'type' => 'module',
  'module' => 
  array (
    0 => '',
    1 => NULL,
    2 => NULL,
  ),
)
[ info ] [ HEADER ] array (
  'user-agent' => 'Mozilla/5.0 (X11; Ubuntu; Linux x86_64; rv:36.0) Gecko/20100101 Firefox/36.0',
  'host' => 'yunxi.yunw8.com',
  'accept' => 'text/html, image/gif, image/jpeg, *; q=.2, */*; q=.2',
  'connection' => 'keep-alive',
)
[ info ] [ PARAM ] array (
)
[ info ] [ RUN ] app\index\controller\Index->index[ C:\www\yunxi\application\index\controller\Index.php ]
[ info ] [ LOG ] INIT File
---------------------------------------------------------------
[ 2018-05-16T15:43:15+08:00 ] 103.7.30.71 POST /index/index/yanzheng?signature=0ed5e89c21a82959ae4774009b06548cf8911b40&timestamp=1526456593&nonce=927646002&openid=oqwiq0Sjx2J8uUER2Z7fYsDsRAfE
[ info ] yunxi.yunw8.com/index/index/yanzheng?signature=0ed5e89c21a82959ae4774009b06548cf8911b40&timestamp=1526456593&nonce=927646002&openid=oqwiq0Sjx2J8uUER2Z7fYsDsRAfE [运行时间：1.324151s][吞吐率：0.76req/s] [内存消耗：2,900.80kb] [文件加载：42]
[ info ] [ LANG ] C:\www\yunxi\thinkphp\lang\zh-cn.php
[ info ] [ ROUTE ] array (
  'type' => 'module',
  'module' => 
  array (
    0 => 'index',
    1 => 'index',
    2 => 'yanzheng',
  ),
)
[ info ] [ HEADER ] array (
  'user-agent' => 'Mozilla/4.0',
  'accept' => '*/*',
  'host' => 'yunxi.yunw8.com',
  'pragma' => 'no-cache',
  'content-length' => '276',
  'content-type' => 'text/xml',
)
[ info ] [ PARAM ] array (
  'signature' => '0ed5e89c21a82959ae4774009b06548cf8911b40',
  'timestamp' => '1526456593',
  'nonce' => '927646002',
  'openid' => 'oqwiq0Sjx2J8uUER2Z7fYsDsRAfE',
)
[ info ] [ RUN ] app\index\controller\Index->yanzheng[ C:\www\yunxi\application\index\controller\Index.php ]
[ info ] [ DB ] INIT sqlsrv
[ info ] [ LOG ] INIT File
---------------------------------------------------------------
[ 2018-05-16T15:44:01+08:00 ] 103.7.30.70 POST /index/index/yanzheng?signature=92c6f942d20a08c5b6714284b6b3b8136f1b6d1c&timestamp=1526456640&nonce=1233281034&openid=oqwiq0Yqi8rCEvibBRkZiBhshq_M
[ info ] yunxi.yunw8.com/index/index/yanzheng?signature=92c6f942d20a08c5b6714284b6b3b8136f1b6d1c&timestamp=1526456640&nonce=1233281034&openid=oqwiq0Yqi8rCEvibBRkZiBhshq_M [运行时间：0.291450s][吞吐率：3.43req/s] [内存消耗：2,849.08kb] [文件加载：42]
[ info ] [ LANG ] C:\www\yunxi\thinkphp\lang\zh-cn.php
[ info ] [ ROUTE ] array (
  'type' => 'module',
  'module' => 
  array (
    0 => 'index',
    1 => 'index',
    2 => 'yanzheng',
  ),
)
[ info ] [ HEADER ] array (
  'user-agent' => 'Mozilla/4.0',
  'accept' => '*/*',
  'host' => 'yunxi.yunw8.com',
  'pragma' => 'no-cache',
  'content-length' => '276',
  'content-type' => 'text/xml',
)
[ info ] [ PARAM ] array (
  'signature' => '92c6f942d20a08c5b6714284b6b3b8136f1b6d1c',
  'timestamp' => '1526456640',
  'nonce' => '1233281034',
  'openid' => 'oqwiq0Yqi8rCEvibBRkZiBhshq_M',
)
[ info ] [ RUN ] app\index\controller\Index->yanzheng[ C:\www\yunxi\application\index\controller\Index.php ]
[ info ] [ DB ] INIT sqlsrv
[ info ] [ LOG ] INIT File
---------------------------------------------------------------
[ 2018-05-16T15:44:05+08:00 ] 103.7.30.70 POST /index/index/yanzheng?signature=17a1f6fd30e246ba6a9df03080df5d27367fb87c&timestamp=1526456644&nonce=108723630&openid=oqwiq0Yqi8rCEvibBRkZiBhshq_M
[ info ] yunxi.yunw8.com/index/index/yanzheng?signature=17a1f6fd30e246ba6a9df03080df5d27367fb87c&timestamp=1526456644&nonce=108723630&openid=oqwiq0Yqi8rCEvibBRkZiBhshq_M [运行时间：0.111572s][吞吐率：8.96req/s] [内存消耗：2,900.83kb] [文件加载：42]
[ info ] [ LANG ] C:\www\yunxi\thinkphp\lang\zh-cn.php
[ info ] [ ROUTE ] array (
  'type' => 'module',
  'module' => 
  array (
    0 => 'index',
    1 => 'index',
    2 => 'yanzheng',
  ),
)
[ info ] [ HEADER ] array (
  'user-agent' => 'Mozilla/4.0',
  'accept' => '*/*',
  'host' => 'yunxi.yunw8.com',
  'pragma' => 'no-cache',
  'content-length' => '276',
  'content-type' => 'text/xml',
)
[ info ] [ PARAM ] array (
  'signature' => '17a1f6fd30e246ba6a9df03080df5d27367fb87c',
  'timestamp' => '1526456644',
  'nonce' => '108723630',
  'openid' => 'oqwiq0Yqi8rCEvibBRkZiBhshq_M',
)
[ info ] [ RUN ] app\index\controller\Index->yanzheng[ C:\www\yunxi\application\index\controller\Index.php ]
[ info ] [ DB ] INIT sqlsrv
[ info ] [ LOG ] INIT File
---------------------------------------------------------------
[ 2018-05-16T15:44:09+08:00 ] 103.7.30.70 POST /index/index/yanzheng?signature=5433b83924800a6ed1aaba41d1ec91b03afa9dcd&timestamp=1526456649&nonce=222738747&openid=oqwiq0Yqi8rCEvibBRkZiBhshq_M
[ info ] yunxi.yunw8.com/index/index/yanzheng?signature=5433b83924800a6ed1aaba41d1ec91b03afa9dcd&timestamp=1526456649&nonce=222738747&openid=oqwiq0Yqi8rCEvibBRkZiBhshq_M [运行时间：0.114809s][吞吐率：8.71req/s] [内存消耗：2,900.84kb] [文件加载：42]
[ info ] [ LANG ] C:\www\yunxi\thinkphp\lang\zh-cn.php
[ info ] [ ROUTE ] array (
  'type' => 'module',
  'module' => 
  array (
    0 => 'index',
    1 => 'index',
    2 => 'yanzheng',
  ),
)
[ info ] [ HEADER ] array (
  'user-agent' => 'Mozilla/4.0',
  'accept' => '*/*',
  'host' => 'yunxi.yunw8.com',
  'pragma' => 'no-cache',
  'content-length' => '276',
  'content-type' => 'text/xml',
)
[ info ] [ PARAM ] array (
  'signature' => '5433b83924800a6ed1aaba41d1ec91b03afa9dcd',
  'timestamp' => '1526456649',
  'nonce' => '222738747',
  'openid' => 'oqwiq0Yqi8rCEvibBRkZiBhshq_M',
)
[ info ] [ RUN ] app\index\controller\Index->yanzheng[ C:\www\yunxi\application\index\controller\Index.php ]
[ info ] [ DB ] INIT sqlsrv
[ info ] [ LOG ] INIT File
