---------------------------------------------------------------
[ 2018-05-25T00:47:35+08:00 ] 140.207.54.76 POST /index/index/yanzheng?signature=f3e22ef842b9f506bbf5cdbde10bc8c78985a8ce&timestamp=1527180455&nonce=1917885284&openid=oqwiq0eQK9jP3G3STfpeY6NvDADo
[ info ] yunxi.yunw8.com/index/index/yanzheng?signature=f3e22ef842b9f506bbf5cdbde10bc8c78985a8ce&timestamp=1527180455&nonce=1917885284&openid=oqwiq0eQK9jP3G3STfpeY6NvDADo [运行时间：0.476186s][吞吐率：2.10req/s] [内存消耗：2,091.55kb] [文件加载：35]
[ info ] [ LANG ] C:\www\yunxi\thinkphp\lang\zh-cn.php
[ info ] [ ROUTE ] array (
  'type' => 'module',
  'module' => 
  array (
    0 => 'index',
    1 => 'index',
    2 => 'yanzheng',
  ),
)
[ info ] [ HEADER ] array (
  'user-agent' => 'Mozilla/4.0',
  'accept' => '*/*',
  'host' => 'yunxi.yunw8.com',
  'pragma' => 'no-cache',
  'content-length' => '278',
  'content-type' => 'text/xml',
)
[ info ] [ PARAM ] array (
  'signature' => 'f3e22ef842b9f506bbf5cdbde10bc8c78985a8ce',
  'timestamp' => '1527180455',
  'nonce' => '1917885284',
  'openid' => 'oqwiq0eQK9jP3G3STfpeY6NvDADo',
)
[ info ] [ RUN ] app\index\controller\Index->yanzheng[ C:\www\yunxi\application\index\controller\Index.php ]
[ info ] [ LOG ] INIT File
---------------------------------------------------------------
[ 2018-05-25T00:47:49+08:00 ] 140.207.54.76 POST /index/index/yanzheng?signature=227bbe42fce34acc3d17f59f494fd8a5d21e5a02&timestamp=1527180469&nonce=387441416&openid=oqwiq0eQK9jP3G3STfpeY6NvDADo
[ info ] yunxi.yunw8.com/index/index/yanzheng?signature=227bbe42fce34acc3d17f59f494fd8a5d21e5a02&timestamp=1527180469&nonce=387441416&openid=oqwiq0eQK9jP3G3STfpeY6NvDADo [运行时间：0.040346s][吞吐率：24.79req/s] [内存消耗：2,091.09kb] [文件加载：35]
[ info ] [ LANG ] C:\www\yunxi\thinkphp\lang\zh-cn.php
[ info ] [ ROUTE ] array (
  'type' => 'module',
  'module' => 
  array (
    0 => 'index',
    1 => 'index',
    2 => 'yanzheng',
  ),
)
[ info ] [ HEADER ] array (
  'user-agent' => 'Mozilla/4.0',
  'accept' => '*/*',
  'host' => 'yunxi.yunw8.com',
  'pragma' => 'no-cache',
  'content-length' => '275',
  'content-type' => 'text/xml',
)
[ info ] [ PARAM ] array (
  'signature' => '227bbe42fce34acc3d17f59f494fd8a5d21e5a02',
  'timestamp' => '1527180469',
  'nonce' => '387441416',
  'openid' => 'oqwiq0eQK9jP3G3STfpeY6NvDADo',
)
[ info ] [ RUN ] app\index\controller\Index->yanzheng[ C:\www\yunxi\application\index\controller\Index.php ]
[ info ] [ LOG ] INIT File
---------------------------------------------------------------
[ 2018-05-25T00:48:01+08:00 ] 140.207.54.76 POST /index/index/yanzheng?signature=d7d8d295d59c9da021fdb200367ed90d4fa258a9&timestamp=1527180481&nonce=1199343737&openid=oqwiq0eQK9jP3G3STfpeY6NvDADo
[ info ] yunxi.yunw8.com/index/index/yanzheng?signature=d7d8d295d59c9da021fdb200367ed90d4fa258a9&timestamp=1527180481&nonce=1199343737&openid=oqwiq0eQK9jP3G3STfpeY6NvDADo [运行时间：0.040221s][吞吐率：24.86req/s] [内存消耗：2,091.11kb] [文件加载：35]
[ info ] [ LANG ] C:\www\yunxi\thinkphp\lang\zh-cn.php
[ info ] [ ROUTE ] array (
  'type' => 'module',
  'module' => 
  array (
    0 => 'index',
    1 => 'index',
    2 => 'yanzheng',
  ),
)
[ info ] [ HEADER ] array (
  'user-agent' => 'Mozilla/4.0',
  'accept' => '*/*',
  'host' => 'yunxi.yunw8.com',
  'pragma' => 'no-cache',
  'content-length' => '275',
  'content-type' => 'text/xml',
)
[ info ] [ PARAM ] array (
  'signature' => 'd7d8d295d59c9da021fdb200367ed90d4fa258a9',
  'timestamp' => '1527180481',
  'nonce' => '1199343737',
  'openid' => 'oqwiq0eQK9jP3G3STfpeY6NvDADo',
)
[ info ] [ RUN ] app\index\controller\Index->yanzheng[ C:\www\yunxi\application\index\controller\Index.php ]
[ info ] [ LOG ] INIT File
---------------------------------------------------------------
[ 2018-05-25T00:48:09+08:00 ] 140.207.54.76 POST /index/index/yanzheng?signature=a0526cc73c57fc155e0080e61fe60ae0595f3f93&timestamp=1527180489&nonce=188469854&openid=oqwiq0eQK9jP3G3STfpeY6NvDADo
[ info ] yunxi.yunw8.com/index/index/yanzheng?signature=a0526cc73c57fc155e0080e61fe60ae0595f3f93&timestamp=1527180489&nonce=188469854&openid=oqwiq0eQK9jP3G3STfpeY6NvDADo [运行时间：0.039236s][吞吐率：25.49req/s] [内存消耗：2,091.09kb] [文件加载：35]
[ info ] [ LANG ] C:\www\yunxi\thinkphp\lang\zh-cn.php
[ info ] [ ROUTE ] array (
  'type' => 'module',
  'module' => 
  array (
    0 => 'index',
    1 => 'index',
    2 => 'yanzheng',
  ),
)
[ info ] [ HEADER ] array (
  'user-agent' => 'Mozilla/4.0',
  'accept' => '*/*',
  'host' => 'yunxi.yunw8.com',
  'pragma' => 'no-cache',
  'content-length' => '275',
  'content-type' => 'text/xml',
)
[ info ] [ PARAM ] array (
  'signature' => 'a0526cc73c57fc155e0080e61fe60ae0595f3f93',
  'timestamp' => '1527180489',
  'nonce' => '188469854',
  'openid' => 'oqwiq0eQK9jP3G3STfpeY6NvDADo',
)
[ info ] [ RUN ] app\index\controller\Index->yanzheng[ C:\www\yunxi\application\index\controller\Index.php ]
[ info ] [ LOG ] INIT File
---------------------------------------------------------------
[ 2018-05-25T00:49:06+08:00 ] 140.207.54.76 POST /index/index/yanzheng?signature=2498ef61d7f4f522c7db0c37af0e24e5cb932a1f&timestamp=1527180546&nonce=2101006504&openid=oqwiq0eQK9jP3G3STfpeY6NvDADo
[ info ] yunxi.yunw8.com/index/index/yanzheng?signature=2498ef61d7f4f522c7db0c37af0e24e5cb932a1f&timestamp=1527180546&nonce=2101006504&openid=oqwiq0eQK9jP3G3STfpeY6NvDADo [运行时间：0.038700s][吞吐率：25.84req/s] [内存消耗：2,091.11kb] [文件加载：35]
[ info ] [ LANG ] C:\www\yunxi\thinkphp\lang\zh-cn.php
[ info ] [ ROUTE ] array (
  'type' => 'module',
  'module' => 
  array (
    0 => 'index',
    1 => 'index',
    2 => 'yanzheng',
  ),
)
[ info ] [ HEADER ] array (
  'user-agent' => 'Mozilla/4.0',
  'accept' => '*/*',
  'host' => 'yunxi.yunw8.com',
  'pragma' => 'no-cache',
  'content-length' => '275',
  'content-type' => 'text/xml',
)
[ info ] [ PARAM ] array (
  'signature' => '2498ef61d7f4f522c7db0c37af0e24e5cb932a1f',
  'timestamp' => '1527180546',
  'nonce' => '2101006504',
  'openid' => 'oqwiq0eQK9jP3G3STfpeY6NvDADo',
)
[ info ] [ RUN ] app\index\controller\Index->yanzheng[ C:\www\yunxi\application\index\controller\Index.php ]
[ info ] [ LOG ] INIT File
---------------------------------------------------------------
[ 2018-05-25T00:49:15+08:00 ] 140.207.54.76 POST /index/index/yanzheng?signature=de1f8c77a4df45b2278a411da13811ebe4f9124c&timestamp=1527180555&nonce=1674814682&openid=oqwiq0eQK9jP3G3STfpeY6NvDADo
[ info ] yunxi.yunw8.com/index/index/yanzheng?signature=de1f8c77a4df45b2278a411da13811ebe4f9124c&timestamp=1527180555&nonce=1674814682&openid=oqwiq0eQK9jP3G3STfpeY6NvDADo [运行时间：0.037967s][吞吐率：26.34req/s] [内存消耗：2,091.11kb] [文件加载：35]
[ info ] [ LANG ] C:\www\yunxi\thinkphp\lang\zh-cn.php
[ info ] [ ROUTE ] array (
  'type' => 'module',
  'module' => 
  array (
    0 => 'index',
    1 => 'index',
    2 => 'yanzheng',
  ),
)
[ info ] [ HEADER ] array (
  'user-agent' => 'Mozilla/4.0',
  'accept' => '*/*',
  'host' => 'yunxi.yunw8.com',
  'pragma' => 'no-cache',
  'content-length' => '275',
  'content-type' => 'text/xml',
)
[ info ] [ PARAM ] array (
  'signature' => 'de1f8c77a4df45b2278a411da13811ebe4f9124c',
  'timestamp' => '1527180555',
  'nonce' => '1674814682',
  'openid' => 'oqwiq0eQK9jP3G3STfpeY6NvDADo',
)
[ info ] [ RUN ] app\index\controller\Index->yanzheng[ C:\www\yunxi\application\index\controller\Index.php ]
[ info ] [ LOG ] INIT File
---------------------------------------------------------------
[ 2018-05-25T11:35:05+08:00 ] 47.92.71.118 GET /
[ info ] yunxi.yunw8.com/ [运行时间：0.451005s][吞吐率：2.22req/s] [内存消耗：1,284.93kb] [文件加载：32]
[ info ] [ LANG ] C:\www\yunxi\thinkphp\lang\zh-cn.php
[ info ] [ ROUTE ] array (
  'type' => 'module',
  'module' => 
  array (
    0 => '',
    1 => NULL,
    2 => NULL,
  ),
)
[ info ] [ HEADER ] array (
  'user-agent' => 'Mozilla/5.0 (X11; Ubuntu; Linux x86_64; rv:36.0) Gecko/20100101 Firefox/36.0',
  'host' => 'yunxi.yunw8.com',
  'accept' => 'text/html, image/gif, image/jpeg, *; q=.2, */*; q=.2',
  'connection' => 'keep-alive',
)
[ info ] [ PARAM ] array (
)
[ info ] [ RUN ] app\index\controller\Index->index[ C:\www\yunxi\application\index\controller\Index.php ]
[ info ] [ LOG ] INIT File
---------------------------------------------------------------
[ 2018-05-25T13:20:12+08:00 ] 183.136.190.62 GET /
[ info ] yunxi.yunw8.com/ [运行时间：0.028496s][吞吐率：35.09req/s] [内存消耗：1,285.76kb] [文件加载：32]
[ info ] [ LANG ] C:\www\yunxi\thinkphp\lang\zh-cn.php
[ info ] [ ROUTE ] array (
  'type' => 'module',
  'module' => 
  array (
    0 => '',
    1 => NULL,
    2 => NULL,
  ),
)
[ info ] [ HEADER ] array (
  'host' => 'yunxi.yunw8.com',
  'user-agent' => 'Mozilla/5.0 (Windows NT 6.1) AppleWebKit/537.36 (KHTML, like Gecko) Chrome/35.0.1916.153 Safari/537.36',
  'accept' => 'text/html,application/xhtml+xml,application/xml;q=0.9,image/webp,*/*;q=0.8',
  'accept-encoding' => '',
  'accept-language' => 'zh-CN,zh;q=0.8',
  'cache-control' => 'max-age=0',
  'connection' => 'close',
)
[ info ] [ PARAM ] array (
)
[ info ] [ RUN ] app\index\controller\Index->index[ C:\www\yunxi\application\index\controller\Index.php ]
[ info ] [ LOG ] INIT File
