---------------------------------------------------------------
[ 2018-05-27T02:47:31+08:00 ] 140.207.54.80 POST /index/index/yanzheng?signature=af1af79c60182911814e1edaf5fe3e135957d059&timestamp=1527360451&nonce=1810331709&openid=oqwiq0WZieS8uIuYG7dkf0C7vMQg
[ info ] yunxi.yunw8.com/index/index/yanzheng?signature=af1af79c60182911814e1edaf5fe3e135957d059&timestamp=1527360451&nonce=1810331709&openid=oqwiq0WZieS8uIuYG7dkf0C7vMQg [运行时间：0.487948s][吞吐率：2.05req/s] [内存消耗：2,091.55kb] [文件加载：35]
[ info ] [ LANG ] C:\www\yunxi\thinkphp\lang\zh-cn.php
[ info ] [ ROUTE ] array (
  'type' => 'module',
  'module' => 
  array (
    0 => 'index',
    1 => 'index',
    2 => 'yanzheng',
  ),
)
[ info ] [ HEADER ] array (
  'user-agent' => 'Mozilla/4.0',
  'accept' => '*/*',
  'host' => 'yunxi.yunw8.com',
  'pragma' => 'no-cache',
  'content-length' => '278',
  'content-type' => 'text/xml',
)
[ info ] [ PARAM ] array (
  'signature' => 'af1af79c60182911814e1edaf5fe3e135957d059',
  'timestamp' => '1527360451',
  'nonce' => '1810331709',
  'openid' => 'oqwiq0WZieS8uIuYG7dkf0C7vMQg',
)
[ info ] [ RUN ] app\index\controller\Index->yanzheng[ C:\www\yunxi\application\index\controller\Index.php ]
[ info ] [ LOG ] INIT File
---------------------------------------------------------------
[ 2018-05-27T02:47:37+08:00 ] 140.207.54.80 POST /index/index/yanzheng?signature=c3a0b6cae020ac689c6a80c67f1feddafec8a1d6&timestamp=1527360457&nonce=1970107263&openid=oqwiq0WZieS8uIuYG7dkf0C7vMQg
[ info ] yunxi.yunw8.com/index/index/yanzheng?signature=c3a0b6cae020ac689c6a80c67f1feddafec8a1d6&timestamp=1527360457&nonce=1970107263&openid=oqwiq0WZieS8uIuYG7dkf0C7vMQg [运行时间：0.035315s][吞吐率：28.32req/s] [内存消耗：2,091.11kb] [文件加载：35]
[ info ] [ LANG ] C:\www\yunxi\thinkphp\lang\zh-cn.php
[ info ] [ ROUTE ] array (
  'type' => 'module',
  'module' => 
  array (
    0 => 'index',
    1 => 'index',
    2 => 'yanzheng',
  ),
)
[ info ] [ HEADER ] array (
  'user-agent' => 'Mozilla/4.0',
  'accept' => '*/*',
  'host' => 'yunxi.yunw8.com',
  'pragma' => 'no-cache',
  'content-length' => '275',
  'content-type' => 'text/xml',
)
[ info ] [ PARAM ] array (
  'signature' => 'c3a0b6cae020ac689c6a80c67f1feddafec8a1d6',
  'timestamp' => '1527360457',
  'nonce' => '1970107263',
  'openid' => 'oqwiq0WZieS8uIuYG7dkf0C7vMQg',
)
[ info ] [ RUN ] app\index\controller\Index->yanzheng[ C:\www\yunxi\application\index\controller\Index.php ]
[ info ] [ LOG ] INIT File
---------------------------------------------------------------
[ 2018-05-27T02:47:38+08:00 ] 140.207.54.79 POST /index/index/yanzheng?signature=eba0aee84f9a2f3128dfc56ec7be717f4e7e83a4&timestamp=1527360458&nonce=330241827&openid=oqwiq0WZieS8uIuYG7dkf0C7vMQg
[ info ] yunxi.yunw8.com/index/index/yanzheng?signature=eba0aee84f9a2f3128dfc56ec7be717f4e7e83a4&timestamp=1527360458&nonce=330241827&openid=oqwiq0WZieS8uIuYG7dkf0C7vMQg [运行时间：0.035780s][吞吐率：27.95req/s] [内存消耗：2,091.09kb] [文件加载：35]
[ info ] [ LANG ] C:\www\yunxi\thinkphp\lang\zh-cn.php
[ info ] [ ROUTE ] array (
  'type' => 'module',
  'module' => 
  array (
    0 => 'index',
    1 => 'index',
    2 => 'yanzheng',
  ),
)
[ info ] [ HEADER ] array (
  'user-agent' => 'Mozilla/4.0',
  'accept' => '*/*',
  'host' => 'yunxi.yunw8.com',
  'pragma' => 'no-cache',
  'content-length' => '275',
  'content-type' => 'text/xml',
)
[ info ] [ PARAM ] array (
  'signature' => 'eba0aee84f9a2f3128dfc56ec7be717f4e7e83a4',
  'timestamp' => '1527360458',
  'nonce' => '330241827',
  'openid' => 'oqwiq0WZieS8uIuYG7dkf0C7vMQg',
)
[ info ] [ RUN ] app\index\controller\Index->yanzheng[ C:\www\yunxi\application\index\controller\Index.php ]
[ info ] [ LOG ] INIT File
---------------------------------------------------------------
[ 2018-05-27T02:47:48+08:00 ] 140.207.54.80 POST /index/index/yanzheng?signature=a102d674ba0f0a7eb75f8a624b29a923bcf547ec&timestamp=1527360468&nonce=1151704803&openid=oqwiq0WZieS8uIuYG7dkf0C7vMQg
[ info ] yunxi.yunw8.com/index/index/yanzheng?signature=a102d674ba0f0a7eb75f8a624b29a923bcf547ec&timestamp=1527360468&nonce=1151704803&openid=oqwiq0WZieS8uIuYG7dkf0C7vMQg [运行时间：0.033428s][吞吐率：29.92req/s] [内存消耗：2,091.11kb] [文件加载：35]
[ info ] [ LANG ] C:\www\yunxi\thinkphp\lang\zh-cn.php
[ info ] [ ROUTE ] array (
  'type' => 'module',
  'module' => 
  array (
    0 => 'index',
    1 => 'index',
    2 => 'yanzheng',
  ),
)
[ info ] [ HEADER ] array (
  'user-agent' => 'Mozilla/4.0',
  'accept' => '*/*',
  'host' => 'yunxi.yunw8.com',
  'pragma' => 'no-cache',
  'content-length' => '275',
  'content-type' => 'text/xml',
)
[ info ] [ PARAM ] array (
  'signature' => 'a102d674ba0f0a7eb75f8a624b29a923bcf547ec',
  'timestamp' => '1527360468',
  'nonce' => '1151704803',
  'openid' => 'oqwiq0WZieS8uIuYG7dkf0C7vMQg',
)
[ info ] [ RUN ] app\index\controller\Index->yanzheng[ C:\www\yunxi\application\index\controller\Index.php ]
[ info ] [ LOG ] INIT File
---------------------------------------------------------------
[ 2018-05-27T02:47:56+08:00 ] 140.207.54.79 POST /index/index/yanzheng?signature=534f3e536d86defc6656899efe3fdcb8f031af0e&timestamp=1527360476&nonce=1244192217&openid=oqwiq0WZieS8uIuYG7dkf0C7vMQg
[ info ] yunxi.yunw8.com/index/index/yanzheng?signature=534f3e536d86defc6656899efe3fdcb8f031af0e&timestamp=1527360476&nonce=1244192217&openid=oqwiq0WZieS8uIuYG7dkf0C7vMQg [运行时间：0.037080s][吞吐率：26.97req/s] [内存消耗：2,091.11kb] [文件加载：35]
[ info ] [ LANG ] C:\www\yunxi\thinkphp\lang\zh-cn.php
[ info ] [ ROUTE ] array (
  'type' => 'module',
  'module' => 
  array (
    0 => 'index',
    1 => 'index',
    2 => 'yanzheng',
  ),
)
[ info ] [ HEADER ] array (
  'user-agent' => 'Mozilla/4.0',
  'accept' => '*/*',
  'host' => 'yunxi.yunw8.com',
  'pragma' => 'no-cache',
  'content-length' => '275',
  'content-type' => 'text/xml',
)
[ info ] [ PARAM ] array (
  'signature' => '534f3e536d86defc6656899efe3fdcb8f031af0e',
  'timestamp' => '1527360476',
  'nonce' => '1244192217',
  'openid' => 'oqwiq0WZieS8uIuYG7dkf0C7vMQg',
)
[ info ] [ RUN ] app\index\controller\Index->yanzheng[ C:\www\yunxi\application\index\controller\Index.php ]
[ info ] [ LOG ] INIT File
---------------------------------------------------------------
[ 2018-05-27T02:48:00+08:00 ] 140.207.54.80 POST /index/index/yanzheng?signature=1a1c604e4b063b991bec476bbfabd082cdfba045&timestamp=1527360480&nonce=1000952956&openid=oqwiq0WZieS8uIuYG7dkf0C7vMQg
[ info ] yunxi.yunw8.com/index/index/yanzheng?signature=1a1c604e4b063b991bec476bbfabd082cdfba045&timestamp=1527360480&nonce=1000952956&openid=oqwiq0WZieS8uIuYG7dkf0C7vMQg [运行时间：0.036403s][吞吐率：27.47req/s] [内存消耗：2,091.11kb] [文件加载：35]
[ info ] [ LANG ] C:\www\yunxi\thinkphp\lang\zh-cn.php
[ info ] [ ROUTE ] array (
  'type' => 'module',
  'module' => 
  array (
    0 => 'index',
    1 => 'index',
    2 => 'yanzheng',
  ),
)
[ info ] [ HEADER ] array (
  'user-agent' => 'Mozilla/4.0',
  'accept' => '*/*',
  'host' => 'yunxi.yunw8.com',
  'pragma' => 'no-cache',
  'content-length' => '275',
  'content-type' => 'text/xml',
)
[ info ] [ PARAM ] array (
  'signature' => '1a1c604e4b063b991bec476bbfabd082cdfba045',
  'timestamp' => '1527360480',
  'nonce' => '1000952956',
  'openid' => 'oqwiq0WZieS8uIuYG7dkf0C7vMQg',
)
[ info ] [ RUN ] app\index\controller\Index->yanzheng[ C:\www\yunxi\application\index\controller\Index.php ]
[ info ] [ LOG ] INIT File
---------------------------------------------------------------
[ 2018-05-27T02:48:02+08:00 ] 140.207.54.80 POST /index/index/yanzheng?signature=446843b2cdf4b9d9d2576aa5a7648405e3ece1f1&timestamp=1527360482&nonce=417825766&openid=oqwiq0WZieS8uIuYG7dkf0C7vMQg
[ info ] yunxi.yunw8.com/index/index/yanzheng?signature=446843b2cdf4b9d9d2576aa5a7648405e3ece1f1&timestamp=1527360482&nonce=417825766&openid=oqwiq0WZieS8uIuYG7dkf0C7vMQg [运行时间：0.035145s][吞吐率：28.45req/s] [内存消耗：2,091.09kb] [文件加载：35]
[ info ] [ LANG ] C:\www\yunxi\thinkphp\lang\zh-cn.php
[ info ] [ ROUTE ] array (
  'type' => 'module',
  'module' => 
  array (
    0 => 'index',
    1 => 'index',
    2 => 'yanzheng',
  ),
)
[ info ] [ HEADER ] array (
  'user-agent' => 'Mozilla/4.0',
  'accept' => '*/*',
  'host' => 'yunxi.yunw8.com',
  'pragma' => 'no-cache',
  'content-length' => '275',
  'content-type' => 'text/xml',
)
[ info ] [ PARAM ] array (
  'signature' => '446843b2cdf4b9d9d2576aa5a7648405e3ece1f1',
  'timestamp' => '1527360482',
  'nonce' => '417825766',
  'openid' => 'oqwiq0WZieS8uIuYG7dkf0C7vMQg',
)
[ info ] [ RUN ] app\index\controller\Index->yanzheng[ C:\www\yunxi\application\index\controller\Index.php ]
[ info ] [ LOG ] INIT File
---------------------------------------------------------------
[ 2018-05-27T02:48:08+08:00 ] 140.207.54.80 POST /index/index/yanzheng?signature=5144d8db4932d504a2e56a995f3de5554c54aa84&timestamp=1527360488&nonce=192497145&openid=oqwiq0WZieS8uIuYG7dkf0C7vMQg
[ info ] yunxi.yunw8.com/index/index/yanzheng?signature=5144d8db4932d504a2e56a995f3de5554c54aa84&timestamp=1527360488&nonce=192497145&openid=oqwiq0WZieS8uIuYG7dkf0C7vMQg [运行时间：0.034020s][吞吐率：29.39req/s] [内存消耗：2,091.09kb] [文件加载：35]
[ info ] [ LANG ] C:\www\yunxi\thinkphp\lang\zh-cn.php
[ info ] [ ROUTE ] array (
  'type' => 'module',
  'module' => 
  array (
    0 => 'index',
    1 => 'index',
    2 => 'yanzheng',
  ),
)
[ info ] [ HEADER ] array (
  'user-agent' => 'Mozilla/4.0',
  'accept' => '*/*',
  'host' => 'yunxi.yunw8.com',
  'pragma' => 'no-cache',
  'content-length' => '275',
  'content-type' => 'text/xml',
)
[ info ] [ PARAM ] array (
  'signature' => '5144d8db4932d504a2e56a995f3de5554c54aa84',
  'timestamp' => '1527360488',
  'nonce' => '192497145',
  'openid' => 'oqwiq0WZieS8uIuYG7dkf0C7vMQg',
)
[ info ] [ RUN ] app\index\controller\Index->yanzheng[ C:\www\yunxi\application\index\controller\Index.php ]
[ info ] [ LOG ] INIT File
---------------------------------------------------------------
[ 2018-05-27T09:32:32+08:00 ] 106.11.242.133 GET /
[ info ] yunxi.yunw8.com/ [运行时间：0.487482s][吞吐率：2.05req/s] [内存消耗：1,285.73kb] [文件加载：32]
[ info ] [ LANG ] C:\www\yunxi\thinkphp\lang\zh-cn.php
[ info ] [ ROUTE ] array (
  'type' => 'module',
  'module' => 
  array (
    0 => '',
    1 => NULL,
    2 => NULL,
  ),
)
[ info ] [ HEADER ] array (
  'accept-encoding' => 'gzip',
  'user-agent' => 'Mozilla/5.0 (iPad; CPU OS 9_1 like Mac OS X) AppleWebKit/601.1.46 (KHTML, like Gecko) Version/9.0 Mobile/13B143 Safari/601.1',
  'cache-control' => 'no-cache',
  'pragma' => 'no-cache',
  'host' => 'yunxi.yunw8.com',
  'accept' => 'text/html, image/gif, image/jpeg, *; q=.2, */*; q=.2',
  'connection' => 'keep-alive',
)
[ info ] [ PARAM ] array (
)
[ info ] [ RUN ] app\index\controller\Index->index[ C:\www\yunxi\application\index\controller\Index.php ]
[ info ] [ LOG ] INIT File
---------------------------------------------------------------
[ 2018-05-27T12:06:42+08:00 ] 106.14.217.247 GET /
[ info ] yunxi.yunw8.com/ [运行时间：0.031423s][吞吐率：31.82req/s] [内存消耗：1,284.93kb] [文件加载：32]
[ info ] [ LANG ] C:\www\yunxi\thinkphp\lang\zh-cn.php
[ info ] [ ROUTE ] array (
  'type' => 'module',
  'module' => 
  array (
    0 => '',
    1 => NULL,
    2 => NULL,
  ),
)
[ info ] [ HEADER ] array (
  'user-agent' => 'Mozilla/5.0 (X11; Ubuntu; Linux x86_64; rv:36.0) Gecko/20100101 Firefox/36.0',
  'host' => 'yunxi.yunw8.com',
  'accept' => 'text/html, image/gif, image/jpeg, *; q=.2, */*; q=.2',
  'connection' => 'keep-alive',
)
[ info ] [ PARAM ] array (
)
[ info ] [ RUN ] app\index\controller\Index->index[ C:\www\yunxi\application\index\controller\Index.php ]
[ info ] [ LOG ] INIT File
---------------------------------------------------------------
[ 2018-05-27T13:15:59+08:00 ] 183.136.190.40 GET /
[ info ] yunxi.yunw8.com/ [运行时间：0.026169s][吞吐率：38.21req/s] [内存消耗：1,285.76kb] [文件加载：32]
[ info ] [ LANG ] C:\www\yunxi\thinkphp\lang\zh-cn.php
[ info ] [ ROUTE ] array (
  'type' => 'module',
  'module' => 
  array (
    0 => '',
    1 => NULL,
    2 => NULL,
  ),
)
[ info ] [ HEADER ] array (
  'host' => 'yunxi.yunw8.com',
  'user-agent' => 'Mozilla/5.0 (Windows NT 6.1) AppleWebKit/537.36 (KHTML, like Gecko) Chrome/35.0.1916.153 Safari/537.36',
  'accept' => 'text/html,application/xhtml+xml,application/xml;q=0.9,image/webp,*/*;q=0.8',
  'accept-encoding' => '',
  'accept-language' => 'zh-CN,zh;q=0.8',
  'cache-control' => 'max-age=0',
  'connection' => 'close',
)
[ info ] [ PARAM ] array (
)
[ info ] [ RUN ] app\index\controller\Index->index[ C:\www\yunxi\application\index\controller\Index.php ]
[ info ] [ LOG ] INIT File
---------------------------------------------------------------
[ 2018-05-27T21:09:45+08:00 ] 140.207.54.80 POST /index/index/yanzheng?signature=ef674cc6ad0d0437c94d3569b847efeac54879cf&timestamp=1527426585&nonce=1401312905&openid=oqwiq0auaQE8h24msgZvXeUy9TYQ
[ info ] yunxi.yunw8.com/index/index/yanzheng?signature=ef674cc6ad0d0437c94d3569b847efeac54879cf&timestamp=1527426585&nonce=1401312905&openid=oqwiq0auaQE8h24msgZvXeUy9TYQ [运行时间：0.632383s][吞吐率：1.58req/s] [内存消耗：2,091.11kb] [文件加载：35]
[ info ] [ LANG ] C:\www\yunxi\thinkphp\lang\zh-cn.php
[ info ] [ ROUTE ] array (
  'type' => 'module',
  'module' => 
  array (
    0 => 'index',
    1 => 'index',
    2 => 'yanzheng',
  ),
)
[ info ] [ HEADER ] array (
  'user-agent' => 'Mozilla/4.0',
  'accept' => '*/*',
  'host' => 'yunxi.yunw8.com',
  'pragma' => 'no-cache',
  'content-length' => '275',
  'content-type' => 'text/xml',
)
[ info ] [ PARAM ] array (
  'signature' => 'ef674cc6ad0d0437c94d3569b847efeac54879cf',
  'timestamp' => '1527426585',
  'nonce' => '1401312905',
  'openid' => 'oqwiq0auaQE8h24msgZvXeUy9TYQ',
)
[ info ] [ RUN ] app\index\controller\Index->yanzheng[ C:\www\yunxi\application\index\controller\Index.php ]
[ info ] [ LOG ] INIT File
---------------------------------------------------------------
[ 2018-05-27T21:09:51+08:00 ] 140.207.54.79 POST /index/index/yanzheng?signature=edd592d60699911bd21ce106200c3d82dedb1897&timestamp=1527426591&nonce=724080712&openid=oqwiq0auaQE8h24msgZvXeUy9TYQ
[ info ] yunxi.yunw8.com/index/index/yanzheng?signature=edd592d60699911bd21ce106200c3d82dedb1897&timestamp=1527426591&nonce=724080712&openid=oqwiq0auaQE8h24msgZvXeUy9TYQ [运行时间：0.035135s][吞吐率：28.46req/s] [内存消耗：2,091.09kb] [文件加载：35]
[ info ] [ LANG ] C:\www\yunxi\thinkphp\lang\zh-cn.php
[ info ] [ ROUTE ] array (
  'type' => 'module',
  'module' => 
  array (
    0 => 'index',
    1 => 'index',
    2 => 'yanzheng',
  ),
)
[ info ] [ HEADER ] array (
  'user-agent' => 'Mozilla/4.0',
  'accept' => '*/*',
  'host' => 'yunxi.yunw8.com',
  'pragma' => 'no-cache',
  'content-length' => '275',
  'content-type' => 'text/xml',
)
[ info ] [ PARAM ] array (
  'signature' => 'edd592d60699911bd21ce106200c3d82dedb1897',
  'timestamp' => '1527426591',
  'nonce' => '724080712',
  'openid' => 'oqwiq0auaQE8h24msgZvXeUy9TYQ',
)
[ info ] [ RUN ] app\index\controller\Index->yanzheng[ C:\www\yunxi\application\index\controller\Index.php ]
[ info ] [ LOG ] INIT File
---------------------------------------------------------------
[ 2018-05-27T21:09:58+08:00 ] 140.207.54.80 POST /index/index/yanzheng?signature=148d1d36a068572984f054ae53e9a29e24eb2ae4&timestamp=1527426598&nonce=1652915885&openid=oqwiq0auaQE8h24msgZvXeUy9TYQ
[ info ] yunxi.yunw8.com/index/index/yanzheng?signature=148d1d36a068572984f054ae53e9a29e24eb2ae4&timestamp=1527426598&nonce=1652915885&openid=oqwiq0auaQE8h24msgZvXeUy9TYQ [运行时间：0.035684s][吞吐率：28.02req/s] [内存消耗：2,091.61kb] [文件加载：35]
[ info ] [ LANG ] C:\www\yunxi\thinkphp\lang\zh-cn.php
[ info ] [ ROUTE ] array (
  'type' => 'module',
  'module' => 
  array (
    0 => 'index',
    1 => 'index',
    2 => 'yanzheng',
  ),
)
[ info ] [ HEADER ] array (
  'user-agent' => 'Mozilla/4.0',
  'accept' => '*/*',
  'host' => 'yunxi.yunw8.com',
  'pragma' => 'no-cache',
  'content-length' => '280',
  'content-type' => 'text/xml',
)
[ info ] [ PARAM ] array (
  'signature' => '148d1d36a068572984f054ae53e9a29e24eb2ae4',
  'timestamp' => '1527426598',
  'nonce' => '1652915885',
  'openid' => 'oqwiq0auaQE8h24msgZvXeUy9TYQ',
)
[ info ] [ RUN ] app\index\controller\Index->yanzheng[ C:\www\yunxi\application\index\controller\Index.php ]
[ info ] [ LOG ] INIT File
