---------------------------------------------------------------
[ 2018-05-31T09:25:52+08:00 ] 106.11.227.214 GET /
[ info ] yunxi.yunw8.com/ [运行时间：0.328580s][吞吐率：3.04req/s] [内存消耗：1,296.95kb] [文件加载：32]
[ info ] [ LANG ] C:\www\yunxi\thinkphp\lang\zh-cn.php
[ info ] [ ROUTE ] array (
  'type' => 'module',
  'module' => 
  array (
    0 => '',
    1 => NULL,
    2 => NULL,
  ),
)
[ info ] [ HEADER ] array (
  'accept-encoding' => 'gzip',
  'user-agent' => 'Mozilla/5.0 (iPad; CPU OS 9_1 like Mac OS X) AppleWebKit/601.1.46 (KHTML, like Gecko) Version/9.0 Mobile/13B143 Safari/601.1',
  'cache-control' => 'no-cache',
  'pragma' => 'no-cache',
  'host' => 'yunxi.yunw8.com',
  'accept' => 'text/html, image/gif, image/jpeg, *; q=.2, */*; q=.2',
  'connection' => 'keep-alive',
)
[ info ] [ PARAM ] array (
)
[ info ] [ RUN ] app\index\controller\Index->index[ C:\www\yunxi\application\index\controller\Index.php ]
[ info ] [ LOG ] INIT File
---------------------------------------------------------------
[ 2018-05-31T11:23:10+08:00 ] 36.17.93.61 GET /index/index/getusers.html
[ info ] yunxi.yunw8.com/index/index/getusers.html [运行时间：0.434050s][吞吐率：2.30req/s] [内存消耗：2,073.63kb] [文件加载：36]
[ info ] [ LANG ] C:\www\yunxi\thinkphp\lang\zh-cn.php
[ info ] [ ROUTE ] array (
  'type' => 'module',
  'module' => 
  array (
    0 => 'index',
    1 => 'index',
    2 => 'getusers',
  ),
)
[ info ] [ HEADER ] array (
  'accept' => 'text/html,application/xhtml+xml,application/xml;q=0.9,image/webp,image/apng,image/wxpic,image/sharpp,image/apng,*/*;q=0.8',
  'accept-encoding' => 'gzip',
  'accept-language' => 'zh-CN,en-US;q=0.8',
  'connection' => 'close',
  'host' => 'yunxi.yunw8.com',
  'user-agent' => 'Mozilla/5.0 (Linux; Android 7.0; EVA-AL10 Build/HUAWEIEVA-AL10; wv) AppleWebKit/537.36 (KHTML, like Gecko) Version/4.0 Chrome/57.0.2987.132 MQQBrowser/6.2 TBS/044030 Mobile Safari/537.36 MicroMessenger/6.6.6.1300(0x26060632) NetType/4G Language/zh_CN',
  'x-forwarded-for' => '36.17.93.61',
  'x-forwarded-for-pound' => '36.17.93.61',
)
[ info ] [ PARAM ] array (
)
[ info ] [ RUN ] app\index\controller\Index->getUsers[ C:\www\yunxi\application\index\controller\Index.php ]
[ info ] [ LOG ] INIT File
---------------------------------------------------------------
[ 2018-05-31T11:23:10+08:00 ] 140.207.54.79 POST /index/index/yanzheng?signature=cfa2eedc1e4216cc065f32a097f7999e9880b8cc&timestamp=1527736989&nonce=1131116315&openid=oqwiq0b9p-VHRSvbS4QJyHJA9NyI
[ info ] yunxi.yunw8.com/index/index/yanzheng?signature=cfa2eedc1e4216cc065f32a097f7999e9880b8cc&timestamp=1527736989&nonce=1131116315&openid=oqwiq0b9p-VHRSvbS4QJyHJA9NyI [运行时间：0.680038s][吞吐率：1.47req/s] [内存消耗：2,102.32kb] [文件加载：35]
[ info ] [ LANG ] C:\www\yunxi\thinkphp\lang\zh-cn.php
[ info ] [ ROUTE ] array (
  'type' => 'module',
  'module' => 
  array (
    0 => 'index',
    1 => 'index',
    2 => 'yanzheng',
  ),
)
[ info ] [ HEADER ] array (
  'user-agent' => 'Mozilla/4.0',
  'accept' => '*/*',
  'host' => 'yunxi.yunw8.com',
  'pragma' => 'no-cache',
  'content-length' => '348',
  'content-type' => 'text/xml',
)
[ info ] [ PARAM ] array (
  'signature' => 'cfa2eedc1e4216cc065f32a097f7999e9880b8cc',
  'timestamp' => '1527736989',
  'nonce' => '1131116315',
  'openid' => 'oqwiq0b9p-VHRSvbS4QJyHJA9NyI',
)
[ info ] [ RUN ] app\index\controller\Index->yanzheng[ C:\www\yunxi\application\index\controller\Index.php ]
[ info ] [ LOG ] INIT File
---------------------------------------------------------------
[ 2018-05-31T11:23:12+08:00 ] 36.17.93.61 GET /index/index/getusers.html?code=001yRIqZ1MH5h11GFjsZ1jRKqZ1yRIqE&state=wxbase
[ info ] yunxi.yunw8.com/index/index/getusers.html?code=001yRIqZ1MH5h11GFjsZ1jRKqZ1yRIqE&state=wxbase [运行时间：1.328422s][吞吐率：0.75req/s] [内存消耗：2,921.54kb] [文件加载：43]
[ info ] [ LANG ] C:\www\yunxi\thinkphp\lang\zh-cn.php
[ info ] [ ROUTE ] array (
  'type' => 'module',
  'module' => 
  array (
    0 => 'index',
    1 => 'index',
    2 => 'getusers',
  ),
)
[ info ] [ HEADER ] array (
  'accept' => 'text/html,application/xhtml+xml,application/xml;q=0.9,image/webp,image/apng,image/wxpic,image/sharpp,image/apng,*/*;q=0.8',
  'accept-encoding' => 'gzip',
  'accept-language' => 'zh-CN,en-US;q=0.8',
  'connection' => 'close',
  'host' => 'yunxi.yunw8.com',
  'user-agent' => 'Mozilla/5.0 (Linux; Android 7.0; EVA-AL10 Build/HUAWEIEVA-AL10; wv) AppleWebKit/537.36 (KHTML, like Gecko) Version/4.0 Chrome/57.0.2987.132 MQQBrowser/6.2 TBS/044030 Mobile Safari/537.36 MicroMessenger/6.6.6.1300(0x26060632) NetType/4G Language/zh_CN',
  'x-forwarded-for' => '36.17.93.61',
  'x-forwarded-for-pound' => '36.17.93.61',
)
[ info ] [ PARAM ] array (
  'code' => '001yRIqZ1MH5h11GFjsZ1jRKqZ1yRIqE',
  'state' => 'wxbase',
)
[ info ] [ RUN ] app\index\controller\Index->getUsers[ C:\www\yunxi\application\index\controller\Index.php ]
[ info ] [ DB ] INIT sqlsrv
[ info ] [ VIEW ] C:\www\yunxi/application/index\view\index\user.html [ array (
  0 => 'user',
  1 => 'userinfo',
) ]
[ info ] [ LOG ] INIT File
---------------------------------------------------------------
[ 2018-05-31T11:23:23+08:00 ] 36.17.93.61 GET /index/index/bind/openid/oqwiq0b9p-VHRSvbS4QJyHJA9NyI.html
[ info ] yunxi.yunw8.com/index/index/bind/openid/oqwiq0b9p-VHRSvbS4QJyHJA9NyI.html [运行时间：0.126016s][吞吐率：7.94req/s] [内存消耗：2,196.48kb] [文件加载：42]
[ info ] [ LANG ] C:\www\yunxi\thinkphp\lang\zh-cn.php
[ info ] [ ROUTE ] array (
  'type' => 'module',
  'module' => 
  array (
    0 => 'index',
    1 => 'index',
    2 => 'bind',
  ),
)
[ info ] [ HEADER ] array (
  'accept' => 'text/html,application/xhtml+xml,application/xml;q=0.9,image/webp,image/apng,image/wxpic,image/sharpp,image/apng,*/*;q=0.8',
  'accept-encoding' => 'gzip',
  'accept-language' => 'zh-CN,en-US;q=0.8',
  'connection' => 'close',
  'host' => 'yunxi.yunw8.com',
  'referer' => 'http://yunxi.yunw8.com/index/index/getusers.html?code=001yRIqZ1MH5h11GFjsZ1jRKqZ1yRIqE&state=wxbase',
  'user-agent' => 'Mozilla/5.0 (Linux; Android 7.0; EVA-AL10 Build/HUAWEIEVA-AL10; wv) AppleWebKit/537.36 (KHTML, like Gecko) Version/4.0 Chrome/57.0.2987.132 MQQBrowser/6.2 TBS/044030 Mobile Safari/537.36 MicroMessenger/6.6.6.1300(0x26060632) NetType/4G Language/zh_CN',
  'x-forwarded-for' => '36.17.93.61',
  'x-forwarded-for-pound' => '36.17.93.61',
)
[ info ] [ PARAM ] array (
  'openid' => 'oqwiq0b9p-VHRSvbS4QJyHJA9NyI',
)
[ info ] [ RUN ] app\index\controller\Index->bind[ C:\www\yunxi\application\index\controller\Index.php ]
[ info ] [ DB ] INIT sqlsrv
[ info ] [ VIEW ] C:\www\yunxi/application/index\view\index\bind.html [ array (
  0 => 'openid',
  1 => 'user',
) ]
[ info ] [ LOG ] INIT File
---------------------------------------------------------------
[ 2018-05-31T11:23:25+08:00 ] 36.17.93.61 GET /index/index/getusers.html?code=001yRIqZ1MH5h11GFjsZ1jRKqZ1yRIqE&state=wxbase
[ info ] yunxi.yunw8.com/index/index/getusers.html?code=001yRIqZ1MH5h11GFjsZ1jRKqZ1yRIqE&state=wxbase [运行时间：0.300270s][吞吐率：3.33req/s] [内存消耗：2,147.95kb] [文件加载：39]
[ info ] [ LANG ] C:\www\yunxi\thinkphp\lang\zh-cn.php
[ info ] [ ROUTE ] array (
  'type' => 'module',
  'module' => 
  array (
    0 => 'index',
    1 => 'index',
    2 => 'getusers',
  ),
)
[ info ] [ HEADER ] array (
  'accept' => 'text/html,application/xhtml+xml,application/xml;q=0.9,image/webp,image/apng,image/wxpic,image/sharpp,image/apng,*/*;q=0.8',
  'accept-encoding' => 'gzip',
  'accept-language' => 'zh-CN,en-US;q=0.8',
  'connection' => 'close',
  'host' => 'yunxi.yunw8.com',
  'user-agent' => 'Mozilla/5.0 (Linux; Android 7.0; EVA-AL10 Build/HUAWEIEVA-AL10; wv) AppleWebKit/537.36 (KHTML, like Gecko) Version/4.0 Chrome/57.0.2987.132 MQQBrowser/6.2 TBS/044030 Mobile Safari/537.36 MicroMessenger/6.6.6.1300(0x26060632) NetType/4G Language/zh_CN',
  'x-forwarded-for' => '36.17.93.61',
  'x-forwarded-for-pound' => '36.17.93.61',
)
[ info ] [ PARAM ] array (
  'code' => '001yRIqZ1MH5h11GFjsZ1jRKqZ1yRIqE',
  'state' => 'wxbase',
)
[ info ] [ RUN ] app\index\controller\Index->getUsers[ C:\www\yunxi\application\index\controller\Index.php ]
[ info ] [ LOG ] INIT File
[ error ] [8]未定义变量: _SESSION[C:\www\yunxi\application\index\controller\Index.php:455]
---------------------------------------------------------------
[ 2018-05-31T11:23:26+08:00 ] 36.17.93.61 GET /index/index/getusers.html?code=001yRIqZ1MH5h11GFjsZ1jRKqZ1yRIqE&state=wxbase
[ info ] yunxi.yunw8.com/index/index/getusers.html?code=001yRIqZ1MH5h11GFjsZ1jRKqZ1yRIqE&state=wxbase [运行时间：0.192053s][吞吐率：5.21req/s] [内存消耗：2,147.62kb] [文件加载：39]
[ info ] [ LANG ] C:\www\yunxi\thinkphp\lang\zh-cn.php
[ info ] [ ROUTE ] array (
  'type' => 'module',
  'module' => 
  array (
    0 => 'index',
    1 => 'index',
    2 => 'getusers',
  ),
)
[ info ] [ HEADER ] array (
  'host' => 'yunxi.yunw8.com',
  'connection' => 'keep-alive',
  'user-agent' => 'Mozilla/5.0 (Linux; Android 7.0; EVA-AL10 Build/HUAWEIEVA-AL10; wv) AppleWebKit/537.36 (KHTML, like Gecko) Version/4.0 Chrome/57.0.2987.132 MQQBrowser/6.2 TBS/044030 Mobile Safari/537.36 MicroMessenger/6.6.6.1300(0x26060632) NetType/4G Language/zh_CN',
  'accept' => 'text/html,application/xhtml+xml,application/xml;q=0.9,image/webp,image/apng,image/wxpic,image/sharpp,image/apng,*/*;q=0.8',
  'accept-encoding' => 'gzip, deflate',
  'accept-language' => 'zh-CN,en-US;q=0.8',
)
[ info ] [ PARAM ] array (
  'code' => '001yRIqZ1MH5h11GFjsZ1jRKqZ1yRIqE',
  'state' => 'wxbase',
)
[ info ] [ RUN ] app\index\controller\Index->getUsers[ C:\www\yunxi\application\index\controller\Index.php ]
[ info ] [ LOG ] INIT File
[ error ] [8]未定义变量: _SESSION[C:\www\yunxi\application\index\controller\Index.php:455]
---------------------------------------------------------------
[ 2018-05-31T11:23:34+08:00 ] 140.207.54.80 POST /index/index/yanzheng?signature=978a0e389863c19143844bfd9f90bc3bedd3fa94&timestamp=1527737014&nonce=895237868&openid=oqwiq0b9p-VHRSvbS4QJyHJA9NyI
[ info ] yunxi.yunw8.com/index/index/yanzheng?signature=978a0e389863c19143844bfd9f90bc3bedd3fa94&timestamp=1527737014&nonce=895237868&openid=oqwiq0b9p-VHRSvbS4QJyHJA9NyI [运行时间：0.051515s][吞吐率：19.41req/s] [内存消耗：2,102.18kb] [文件加载：35]
[ info ] [ LANG ] C:\www\yunxi\thinkphp\lang\zh-cn.php
[ info ] [ ROUTE ] array (
  'type' => 'module',
  'module' => 
  array (
    0 => 'index',
    1 => 'index',
    2 => 'yanzheng',
  ),
)
[ info ] [ HEADER ] array (
  'user-agent' => 'Mozilla/4.0',
  'accept' => '*/*',
  'host' => 'yunxi.yunw8.com',
  'pragma' => 'no-cache',
  'content-length' => '275',
  'content-type' => 'text/xml',
)
[ info ] [ PARAM ] array (
  'signature' => '978a0e389863c19143844bfd9f90bc3bedd3fa94',
  'timestamp' => '1527737014',
  'nonce' => '895237868',
  'openid' => 'oqwiq0b9p-VHRSvbS4QJyHJA9NyI',
)
[ info ] [ RUN ] app\index\controller\Index->yanzheng[ C:\www\yunxi\application\index\controller\Index.php ]
[ info ] [ LOG ] INIT File
---------------------------------------------------------------
[ 2018-05-31T11:23:37+08:00 ] 140.207.54.80 POST /index/index/yanzheng?signature=8d613b81735af10052b328822dc12fcafb5558d7&timestamp=1527737016&nonce=493683679&openid=oqwiq0b9p-VHRSvbS4QJyHJA9NyI
[ info ] yunxi.yunw8.com/index/index/yanzheng?signature=8d613b81735af10052b328822dc12fcafb5558d7&timestamp=1527737016&nonce=493683679&openid=oqwiq0b9p-VHRSvbS4QJyHJA9NyI [运行时间：0.035757s][吞吐率：27.97req/s] [内存消耗：2,102.18kb] [文件加载：35]
[ info ] [ LANG ] C:\www\yunxi\thinkphp\lang\zh-cn.php
[ info ] [ ROUTE ] array (
  'type' => 'module',
  'module' => 
  array (
    0 => 'index',
    1 => 'index',
    2 => 'yanzheng',
  ),
)
[ info ] [ HEADER ] array (
  'user-agent' => 'Mozilla/4.0',
  'accept' => '*/*',
  'host' => 'yunxi.yunw8.com',
  'pragma' => 'no-cache',
  'content-length' => '275',
  'content-type' => 'text/xml',
)
[ info ] [ PARAM ] array (
  'signature' => '8d613b81735af10052b328822dc12fcafb5558d7',
  'timestamp' => '1527737016',
  'nonce' => '493683679',
  'openid' => 'oqwiq0b9p-VHRSvbS4QJyHJA9NyI',
)
[ info ] [ RUN ] app\index\controller\Index->yanzheng[ C:\www\yunxi\application\index\controller\Index.php ]
[ info ] [ LOG ] INIT File
---------------------------------------------------------------
[ 2018-05-31T11:23:40+08:00 ] 140.207.54.79 POST /index/index/yanzheng?signature=34035c67c5e5a2a89d60178e758bbca326155916&timestamp=1527737019&nonce=576084844&openid=oqwiq0b9p-VHRSvbS4QJyHJA9NyI
[ info ] yunxi.yunw8.com/index/index/yanzheng?signature=34035c67c5e5a2a89d60178e758bbca326155916&timestamp=1527737019&nonce=576084844&openid=oqwiq0b9p-VHRSvbS4QJyHJA9NyI [运行时间：0.304745s][吞吐率：3.28req/s] [内存消耗：2,862.66kb] [文件加载：42]
[ info ] [ LANG ] C:\www\yunxi\thinkphp\lang\zh-cn.php
[ info ] [ ROUTE ] array (
  'type' => 'module',
  'module' => 
  array (
    0 => 'index',
    1 => 'index',
    2 => 'yanzheng',
  ),
)
[ info ] [ HEADER ] array (
  'user-agent' => 'Mozilla/4.0',
  'accept' => '*/*',
  'host' => 'yunxi.yunw8.com',
  'pragma' => 'no-cache',
  'content-length' => '276',
  'content-type' => 'text/xml',
)
[ info ] [ PARAM ] array (
  'signature' => '34035c67c5e5a2a89d60178e758bbca326155916',
  'timestamp' => '1527737019',
  'nonce' => '576084844',
  'openid' => 'oqwiq0b9p-VHRSvbS4QJyHJA9NyI',
)
[ info ] [ RUN ] app\index\controller\Index->yanzheng[ C:\www\yunxi\application\index\controller\Index.php ]
[ info ] [ DB ] INIT sqlsrv
[ info ] [ LOG ] INIT File
---------------------------------------------------------------
[ 2018-05-31T11:23:43+08:00 ] 140.207.54.79 POST /index/index/yanzheng?signature=141547b6d21de19256014007cfdb1c5b8c1790e0&timestamp=1527737023&nonce=1298901480&openid=oqwiq0b9p-VHRSvbS4QJyHJA9NyI
[ info ] yunxi.yunw8.com/index/index/yanzheng?signature=141547b6d21de19256014007cfdb1c5b8c1790e0&timestamp=1527737023&nonce=1298901480&openid=oqwiq0b9p-VHRSvbS4QJyHJA9NyI [运行时间：0.037239s][吞吐率：26.85req/s] [内存消耗：2,102.16kb] [文件加载：35]
[ info ] [ LANG ] C:\www\yunxi\thinkphp\lang\zh-cn.php
[ info ] [ ROUTE ] array (
  'type' => 'module',
  'module' => 
  array (
    0 => 'index',
    1 => 'index',
    2 => 'yanzheng',
  ),
)
[ info ] [ HEADER ] array (
  'user-agent' => 'Mozilla/4.0',
  'accept' => '*/*',
  'host' => 'yunxi.yunw8.com',
  'pragma' => 'no-cache',
  'content-length' => '275',
  'content-type' => 'text/xml',
)
[ info ] [ PARAM ] array (
  'signature' => '141547b6d21de19256014007cfdb1c5b8c1790e0',
  'timestamp' => '1527737023',
  'nonce' => '1298901480',
  'openid' => 'oqwiq0b9p-VHRSvbS4QJyHJA9NyI',
)
[ info ] [ RUN ] app\index\controller\Index->yanzheng[ C:\www\yunxi\application\index\controller\Index.php ]
[ info ] [ LOG ] INIT File
---------------------------------------------------------------
[ 2018-05-31T11:23:48+08:00 ] 140.207.54.79 POST /index/index/yanzheng?signature=1dae1cc0f32b4fc5c6c1978e205a279eae73e684&timestamp=1527737027&nonce=1892269393&openid=oqwiq0b9p-VHRSvbS4QJyHJA9NyI
[ info ] yunxi.yunw8.com/index/index/yanzheng?signature=1dae1cc0f32b4fc5c6c1978e205a279eae73e684&timestamp=1527737027&nonce=1892269393&openid=oqwiq0b9p-VHRSvbS4QJyHJA9NyI [运行时间：0.040053s][吞吐率：24.97req/s] [内存消耗：2,102.16kb] [文件加载：35]
[ info ] [ LANG ] C:\www\yunxi\thinkphp\lang\zh-cn.php
[ info ] [ ROUTE ] array (
  'type' => 'module',
  'module' => 
  array (
    0 => 'index',
    1 => 'index',
    2 => 'yanzheng',
  ),
)
[ info ] [ HEADER ] array (
  'user-agent' => 'Mozilla/4.0',
  'accept' => '*/*',
  'host' => 'yunxi.yunw8.com',
  'pragma' => 'no-cache',
  'content-length' => '275',
  'content-type' => 'text/xml',
)
[ info ] [ PARAM ] array (
  'signature' => '1dae1cc0f32b4fc5c6c1978e205a279eae73e684',
  'timestamp' => '1527737027',
  'nonce' => '1892269393',
  'openid' => 'oqwiq0b9p-VHRSvbS4QJyHJA9NyI',
)
[ info ] [ RUN ] app\index\controller\Index->yanzheng[ C:\www\yunxi\application\index\controller\Index.php ]
[ info ] [ LOG ] INIT File
---------------------------------------------------------------
[ 2018-05-31T11:24:09+08:00 ] 117.185.117.61 GET /index/index/getusers.html
[ info ] yunxi.yunw8.com/index/index/getusers.html [运行时间：0.050981s][吞吐率：19.62req/s] [内存消耗：2,072.59kb] [文件加载：36]
[ info ] [ LANG ] C:\www\yunxi\thinkphp\lang\zh-cn.php
[ info ] [ ROUTE ] array (
  'type' => 'module',
  'module' => 
  array (
    0 => 'index',
    1 => 'index',
    2 => 'getusers',
  ),
)
[ info ] [ HEADER ] array (
  'user-agent' => 'Mozilla/5.0 (Linux; Android 4.4.4; HUAWEI ALE-CL00 Build/HuaweiALE-CL00; wv) AppleWebKit/537.36 (KHTML, like Gecko) Version/4.0 Chrome/53.0.2785.49 Mobile MQQBrowser/6.2 TBS/043024 Safari/537.36 MicroMessenger/6.5.4.1000 NetType/4G Language/zh_CN',
  'accept' => '*/*',
  'accept-language' => 'zh-CN,zh;q=0.8,en-US;q=0.6,en;q=0.4',
  'host' => 'yunxi.yunw8.com',
  'connection' => 'keep-alive',
)
[ info ] [ PARAM ] array (
)
[ info ] [ RUN ] app\index\controller\Index->getUsers[ C:\www\yunxi\application\index\controller\Index.php ]
[ info ] [ LOG ] INIT File
---------------------------------------------------------------
[ 2018-05-31T11:24:22+08:00 ] 101.226.233.156 GET /index/index/bind/openid/oqwiq0b9p-VHRSvbS4QJyHJA9NyI.html
[ info ] yunxi.yunw8.com/index/index/bind/openid/oqwiq0b9p-VHRSvbS4QJyHJA9NyI.html [运行时间：0.114582s][吞吐率：8.73req/s] [内存消耗：2,194.69kb] [文件加载：42]
[ info ] [ LANG ] C:\www\yunxi\thinkphp\lang\zh-cn.php
[ info ] [ ROUTE ] array (
  'type' => 'module',
  'module' => 
  array (
    0 => 'index',
    1 => 'index',
    2 => 'bind',
  ),
)
[ info ] [ HEADER ] array (
  'user-agent' => 'Mozilla/5.0 (Linux; Android 4.4.4; HUAWEI ALE-CL00 Build/HuaweiALE-CL00; wv) AppleWebKit/537.36 (KHTML, like Gecko) Version/4.0 Chrome/53.0.2785.49 Mobile MQQBrowser/6.2 TBS/043024 Safari/537.36 MicroMessenger/6.5.4.1000 NetType/4G Language/zh_CN',
  'accept' => '*/*',
  'accept-language' => 'zh-CN,zh;q=0.8,en-US;q=0.6,en;q=0.4',
  'host' => 'yunxi.yunw8.com',
  'connection' => 'keep-alive',
)
[ info ] [ PARAM ] array (
  'openid' => 'oqwiq0b9p-VHRSvbS4QJyHJA9NyI',
)
[ info ] [ RUN ] app\index\controller\Index->bind[ C:\www\yunxi\application\index\controller\Index.php ]
[ info ] [ DB ] INIT sqlsrv
[ info ] [ VIEW ] C:\www\yunxi/application/index\view\index\bind.html [ array (
  0 => 'openid',
  1 => 'user',
) ]
[ info ] [ LOG ] INIT File
---------------------------------------------------------------
[ 2018-05-31T11:57:14+08:00 ] 47.100.104.184 GET /
[ info ] yunxi.yunw8.com/ [运行时间：0.491863s][吞吐率：2.03req/s] [内存消耗：1,296.17kb] [文件加载：32]
[ info ] [ LANG ] C:\www\yunxi\thinkphp\lang\zh-cn.php
[ info ] [ ROUTE ] array (
  'type' => 'module',
  'module' => 
  array (
    0 => '',
    1 => NULL,
    2 => NULL,
  ),
)
[ info ] [ HEADER ] array (
  'user-agent' => 'Mozilla/5.0 (X11; Ubuntu; Linux x86_64; rv:36.0) Gecko/20100101 Firefox/36.0',
  'host' => 'yunxi.yunw8.com',
  'accept' => 'text/html, image/gif, image/jpeg, *; q=.2, */*; q=.2',
  'connection' => 'keep-alive',
)
[ info ] [ PARAM ] array (
)
[ info ] [ RUN ] app\index\controller\Index->index[ C:\www\yunxi\application\index\controller\Index.php ]
[ info ] [ LOG ] INIT File
---------------------------------------------------------------
[ 2018-05-31T12:29:57+08:00 ] 183.136.190.40 GET /
[ info ] yunxi.yunw8.com/ [运行时间：0.387748s][吞吐率：2.58req/s] [内存消耗：1,296.96kb] [文件加载：32]
[ info ] [ LANG ] C:\www\yunxi\thinkphp\lang\zh-cn.php
[ info ] [ ROUTE ] array (
  'type' => 'module',
  'module' => 
  array (
    0 => '',
    1 => NULL,
    2 => NULL,
  ),
)
[ info ] [ HEADER ] array (
  'host' => 'yunxi.yunw8.com',
  'user-agent' => 'Mozilla/5.0 (Windows NT 6.1) AppleWebKit/537.36 (KHTML, like Gecko) Chrome/35.0.1916.153 Safari/537.36',
  'accept' => 'text/html,application/xhtml+xml,application/xml;q=0.9,image/webp,*/*;q=0.8',
  'accept-encoding' => '',
  'accept-language' => 'zh-CN,zh;q=0.8',
  'cache-control' => 'max-age=0',
  'connection' => 'close',
)
[ info ] [ PARAM ] array (
)
[ info ] [ RUN ] app\index\controller\Index->index[ C:\www\yunxi\application\index\controller\Index.php ]
[ info ] [ LOG ] INIT File
