---------------------------------------------------------------
[ 2018-07-08T09:02:27+08:00 ] 140.207.54.79 POST /index/index/yanzheng?signature=8fcf56d4c8e07c0a070ca411d02b7643dc4f772a&timestamp=1531011747&nonce=392632234&openid=oqwiq0U9X6euSqryfGJJJxLynBQE
[ info ] yunxi.yunw8.com/index/index/yanzheng?signature=8fcf56d4c8e07c0a070ca411d02b7643dc4f772a&timestamp=1531011747&nonce=392632234&openid=oqwiq0U9X6euSqryfGJJJxLynBQE [运行时间：0.595304s][吞吐率：1.68req/s] [内存消耗：2,102.17kb] [文件加载：35]
[ info ] [ LANG ] C:\www\yunxi\thinkphp\lang\zh-cn.php
[ info ] [ ROUTE ] array (
  'type' => 'module',
  'module' => 
  array (
    0 => 'index',
    1 => 'index',
    2 => 'yanzheng',
  ),
)
[ info ] [ HEADER ] array (
  'user-agent' => 'Mozilla/4.0',
  'accept' => '*/*',
  'host' => 'yunxi.yunw8.com',
  'pragma' => 'no-cache',
  'content-length' => '275',
  'content-type' => 'text/xml',
)
[ info ] [ PARAM ] array (
  'signature' => '8fcf56d4c8e07c0a070ca411d02b7643dc4f772a',
  'timestamp' => '1531011747',
  'nonce' => '392632234',
  'openid' => 'oqwiq0U9X6euSqryfGJJJxLynBQE',
)
[ info ] [ RUN ] app\index\controller\Index->yanzheng[ C:\www\yunxi\application\index\controller\Index.php ]
[ info ] [ LOG ] INIT File
---------------------------------------------------------------
[ 2018-07-08T10:35:22+08:00 ] 106.11.226.172 GET /
[ info ] yunxi.yunw8.com/ [运行时间：0.525148s][吞吐率：1.90req/s] [内存消耗：1,296.96kb] [文件加载：32]
[ info ] [ LANG ] C:\www\yunxi\thinkphp\lang\zh-cn.php
[ info ] [ ROUTE ] array (
  'type' => 'module',
  'module' => 
  array (
    0 => '',
    1 => NULL,
    2 => NULL,
  ),
)
[ info ] [ HEADER ] array (
  'accept-encoding' => 'gzip',
  'user-agent' => 'Mozilla/5.0 (iPad; CPU OS 9_1 like Mac OS X) AppleWebKit/601.1.46 (KHTML, like Gecko) Version/9.0 Mobile/13B143 Safari/601.1',
  'cache-control' => 'no-cache',
  'pragma' => 'no-cache',
  'host' => 'yunxi.yunw8.com',
  'accept' => 'text/html, image/gif, image/jpeg, *; q=.2, */*; q=.2',
  'connection' => 'keep-alive',
)
[ info ] [ PARAM ] array (
)
[ info ] [ RUN ] app\index\controller\Index->index[ C:\www\yunxi\application\index\controller\Index.php ]
[ info ] [ LOG ] INIT File
---------------------------------------------------------------
[ 2018-07-08T14:09:17+08:00 ] 140.207.54.79 POST /index/index/yanzheng?signature=4e659956319c036b53f71c03fb17f6435f8ed7c2&timestamp=1531030156&nonce=1094057639&openid=oqwiq0W2UA3DvInZylRJoR0xwM8g
[ info ] yunxi.yunw8.com/index/index/yanzheng?signature=4e659956319c036b53f71c03fb17f6435f8ed7c2&timestamp=1531030156&nonce=1094057639&openid=oqwiq0W2UA3DvInZylRJoR0xwM8g [运行时间：0.672250s][吞吐率：1.49req/s] [内存消耗：2,102.63kb] [文件加载：35]
[ info ] [ LANG ] C:\www\yunxi\thinkphp\lang\zh-cn.php
[ info ] [ ROUTE ] array (
  'type' => 'module',
  'module' => 
  array (
    0 => 'index',
    1 => 'index',
    2 => 'yanzheng',
  ),
)
[ info ] [ HEADER ] array (
  'user-agent' => 'Mozilla/4.0',
  'accept' => '*/*',
  'host' => 'yunxi.yunw8.com',
  'pragma' => 'no-cache',
  'content-length' => '278',
  'content-type' => 'text/xml',
)
[ info ] [ PARAM ] array (
  'signature' => '4e659956319c036b53f71c03fb17f6435f8ed7c2',
  'timestamp' => '1531030156',
  'nonce' => '1094057639',
  'openid' => 'oqwiq0W2UA3DvInZylRJoR0xwM8g',
)
[ info ] [ RUN ] app\index\controller\Index->yanzheng[ C:\www\yunxi\application\index\controller\Index.php ]
[ info ] [ LOG ] INIT File
---------------------------------------------------------------
[ 2018-07-08T14:09:21+08:00 ] 140.207.54.80 POST /index/index/yanzheng?signature=1044da120d341da2bdf191c945ba026ee0d9ea42&timestamp=1531030161&nonce=1994968056&openid=oqwiq0W2UA3DvInZylRJoR0xwM8g
[ info ] yunxi.yunw8.com/index/index/yanzheng?signature=1044da120d341da2bdf191c945ba026ee0d9ea42&timestamp=1531030161&nonce=1994968056&openid=oqwiq0W2UA3DvInZylRJoR0xwM8g [运行时间：0.084307s][吞吐率：11.86req/s] [内存消耗：2,102.16kb] [文件加载：35]
[ info ] [ LANG ] C:\www\yunxi\thinkphp\lang\zh-cn.php
[ info ] [ ROUTE ] array (
  'type' => 'module',
  'module' => 
  array (
    0 => 'index',
    1 => 'index',
    2 => 'yanzheng',
  ),
)
[ info ] [ HEADER ] array (
  'user-agent' => 'Mozilla/4.0',
  'accept' => '*/*',
  'host' => 'yunxi.yunw8.com',
  'pragma' => 'no-cache',
  'content-length' => '275',
  'content-type' => 'text/xml',
)
[ info ] [ PARAM ] array (
  'signature' => '1044da120d341da2bdf191c945ba026ee0d9ea42',
  'timestamp' => '1531030161',
  'nonce' => '1994968056',
  'openid' => 'oqwiq0W2UA3DvInZylRJoR0xwM8g',
)
[ info ] [ RUN ] app\index\controller\Index->yanzheng[ C:\www\yunxi\application\index\controller\Index.php ]
[ info ] [ LOG ] INIT File
---------------------------------------------------------------
[ 2018-07-08T14:09:29+08:00 ] 140.207.54.79 POST /index/index/yanzheng?signature=7a6e1fac5579c778db278cfadfe5d6ba868e270c&timestamp=1531030168&nonce=99155721&openid=oqwiq0W2UA3DvInZylRJoR0xwM8g
[ info ] yunxi.yunw8.com/index/index/yanzheng?signature=7a6e1fac5579c778db278cfadfe5d6ba868e270c&timestamp=1531030168&nonce=99155721&openid=oqwiq0W2UA3DvInZylRJoR0xwM8g [运行时间：0.089218s][吞吐率：11.21req/s] [内存消耗：2,102.17kb] [文件加载：35]
[ info ] [ LANG ] C:\www\yunxi\thinkphp\lang\zh-cn.php
[ info ] [ ROUTE ] array (
  'type' => 'module',
  'module' => 
  array (
    0 => 'index',
    1 => 'index',
    2 => 'yanzheng',
  ),
)
[ info ] [ HEADER ] array (
  'user-agent' => 'Mozilla/4.0',
  'accept' => '*/*',
  'host' => 'yunxi.yunw8.com',
  'pragma' => 'no-cache',
  'content-length' => '275',
  'content-type' => 'text/xml',
)
[ info ] [ PARAM ] array (
  'signature' => '7a6e1fac5579c778db278cfadfe5d6ba868e270c',
  'timestamp' => '1531030168',
  'nonce' => '99155721',
  'openid' => 'oqwiq0W2UA3DvInZylRJoR0xwM8g',
)
[ info ] [ RUN ] app\index\controller\Index->yanzheng[ C:\www\yunxi\application\index\controller\Index.php ]
[ info ] [ LOG ] INIT File
---------------------------------------------------------------
[ 2018-07-08T15:05:40+08:00 ] 183.136.190.62 GET /
[ info ] yunxi.yunw8.com/ [运行时间：0.413074s][吞吐率：2.42req/s] [内存消耗：1,296.96kb] [文件加载：32]
[ info ] [ LANG ] C:\www\yunxi\thinkphp\lang\zh-cn.php
[ info ] [ ROUTE ] array (
  'type' => 'module',
  'module' => 
  array (
    0 => '',
    1 => NULL,
    2 => NULL,
  ),
)
[ info ] [ HEADER ] array (
  'host' => 'yunxi.yunw8.com',
  'user-agent' => 'Mozilla/5.0 (Windows NT 6.1) AppleWebKit/537.36 (KHTML, like Gecko) Chrome/35.0.1916.153 Safari/537.36',
  'accept' => 'text/html,application/xhtml+xml,application/xml;q=0.9,image/webp,*/*;q=0.8',
  'accept-encoding' => '',
  'accept-language' => 'zh-CN,zh;q=0.8',
  'cache-control' => 'max-age=0',
  'connection' => 'close',
)
[ info ] [ PARAM ] array (
)
[ info ] [ RUN ] app\index\controller\Index->index[ C:\www\yunxi\application\index\controller\Index.php ]
[ info ] [ LOG ] INIT File
