---------------------------------------------------------------
[ 2018-07-09T09:21:37+08:00 ] 101.227.131.220 GET /index/index/xftpl/cardcode/133/orderno/00100120180413185816
[ info ] yunxi.yunw8.com/index/index/xftpl/cardcode/133/orderno/00100120180413185816 [运行时间：1.093324s][吞吐率：0.91req/s] [内存消耗：2,155.34kb] [文件加载：42]
[ info ] [ LANG ] C:\www\yunxi\thinkphp\lang\zh-cn.php
[ info ] [ ROUTE ] array (
  'type' => 'module',
  'module' => 
  array (
    0 => 'index',
    1 => 'index',
    2 => 'xftpl',
  ),
)
[ info ] [ HEADER ] array (
  'user-agent' => 'Mozilla/5.0 (Windows NT 6.1; WOW64; rv:50.0) Gecko/20100101 Firefox/50.0',
  'accept' => '*/*',
  'accept-language' => 'zh-CN,zh;q=0.8,en-US;q=0.6,en;q=0.4',
  'host' => 'yunxi.yunw8.com',
  'connection' => 'keep-alive',
)
[ info ] [ PARAM ] array (
  'cardcode' => '133',
  'orderno' => '00100120180413185816',
)
[ info ] [ RUN ] app\index\controller\Index->xftpl[ C:\www\yunxi\application\index\controller\Index.php ]
[ info ] [ DB ] INIT sqlsrv
[ info ] [ LOG ] INIT File
[ error ] [0]variable type error： boolean[C:\www\yunxi\thinkphp\library\think\Response.php:316]
---------------------------------------------------------------
[ 2018-07-09T10:22:57+08:00 ] 106.11.242.239 GET /
[ info ] yunxi.yunw8.com/ [运行时间：0.509455s][吞吐率：1.96req/s] [内存消耗：1,296.96kb] [文件加载：32]
[ info ] [ LANG ] C:\www\yunxi\thinkphp\lang\zh-cn.php
[ info ] [ ROUTE ] array (
  'type' => 'module',
  'module' => 
  array (
    0 => '',
    1 => NULL,
    2 => NULL,
  ),
)
[ info ] [ HEADER ] array (
  'accept-encoding' => 'gzip',
  'user-agent' => 'Mozilla/5.0 (iPad; CPU OS 9_1 like Mac OS X) AppleWebKit/601.1.46 (KHTML, like Gecko) Version/9.0 Mobile/13B143 Safari/601.1',
  'cache-control' => 'no-cache',
  'pragma' => 'no-cache',
  'host' => 'yunxi.yunw8.com',
  'accept' => 'text/html, image/gif, image/jpeg, *; q=.2, */*; q=.2',
  'connection' => 'keep-alive',
)
[ info ] [ PARAM ] array (
)
[ info ] [ RUN ] app\index\controller\Index->index[ C:\www\yunxi\application\index\controller\Index.php ]
[ info ] [ LOG ] INIT File
---------------------------------------------------------------
[ 2018-07-09T15:12:13+08:00 ] 101.226.114.193 GET /index/index/cztpl/cardcode/123/addcardno/123
[ info ] yunxi.yunw8.com/index/index/cztpl/cardcode/123/addcardno/123 [运行时间：1.303848s][吞吐率：0.77req/s] [内存消耗：2,155.83kb] [文件加载：42]
[ info ] [ LANG ] C:\www\yunxi\thinkphp\lang\zh-cn.php
[ info ] [ ROUTE ] array (
  'type' => 'module',
  'module' => 
  array (
    0 => 'index',
    1 => 'index',
    2 => 'cztpl',
  ),
)
[ info ] [ HEADER ] array (
  'host' => 'yunxi.yunw8.com',
  'accept-encoding' => 'deflate, gzip',
  'accept' => '*/*',
  'accept-language' => 'zh-cn',
  'user-agent' => 'Mozilla/5.0 (iPhone; CPU iPhone OS 9_3_4 like Mac OS X) AppleWebKit/601.1.46 (KHTML, like Gecko) Mobile/13G35 QQ/6.5.3.410 V1_IPH_SQ_6.5.3_1_APP_A Pixel/750 Core/UIWebView NetType/2G Mem/117',
  'connection' => 'Close',
)
[ info ] [ PARAM ] array (
  'cardcode' => '123',
  'addcardno' => '123',
)
[ info ] [ RUN ] app\index\controller\Index->cztpl[ C:\www\yunxi\application\index\controller\Index.php ]
[ info ] [ DB ] INIT sqlsrv
[ info ] [ LOG ] INIT File
[ error ] [0]variable type error： boolean[C:\www\yunxi\thinkphp\library\think\Response.php:316]
---------------------------------------------------------------
[ 2018-07-09T15:12:13+08:00 ] 14.17.21.58 GET /index/index/xftpl/cardcode/133/orderno/00100120180413185816
[ info ] yunxi.yunw8.com/index/index/xftpl/cardcode/133/orderno/00100120180413185816 [运行时间：1.303402s][吞吐率：0.77req/s] [内存消耗：2,155.80kb] [文件加载：42]
[ info ] [ LANG ] C:\www\yunxi\thinkphp\lang\zh-cn.php
[ info ] [ ROUTE ] array (
  'type' => 'module',
  'module' => 
  array (
    0 => 'index',
    1 => 'index',
    2 => 'xftpl',
  ),
)
[ info ] [ HEADER ] array (
  'host' => 'yunxi.yunw8.com',
  'accept-encoding' => 'deflate, gzip',
  'accept' => '*/*',
  'accept-language' => 'zh-cn',
  'user-agent' => 'Mozilla/5.0 (iPhone; CPU iPhone OS 9_3_4 like Mac OS X) AppleWebKit/601.1.46 (KHTML, like Gecko) Mobile/13G35 QQ/6.5.3.410 V1_IPH_SQ_6.5.3_1_APP_A Pixel/750 Core/UIWebView NetType/2G Mem/117',
  'connection' => 'Close',
)
[ info ] [ PARAM ] array (
  'cardcode' => '133',
  'orderno' => '00100120180413185816',
)
[ info ] [ RUN ] app\index\controller\Index->xftpl[ C:\www\yunxi\application\index\controller\Index.php ]
[ info ] [ DB ] INIT sqlsrv
[ info ] [ LOG ] INIT File
[ error ] [0]variable type error： boolean[C:\www\yunxi\thinkphp\library\think\Response.php:316]
---------------------------------------------------------------
[ 2018-07-09T20:47:21+08:00 ] 140.207.54.79 POST /index/index/yanzheng?signature=f71ef3d237486d811be112f28529e1382a0f086a&timestamp=1531140440&nonce=1114226553&openid=oqwiq0VWmiL3e87r-OAexEwFTN1Q
[ info ] yunxi.yunw8.com/index/index/yanzheng?signature=f71ef3d237486d811be112f28529e1382a0f086a&timestamp=1531140440&nonce=1114226553&openid=oqwiq0VWmiL3e87r-OAexEwFTN1Q [运行时间：0.786845s][吞吐率：1.27req/s] [内存消耗：2,102.63kb] [文件加载：35]
[ info ] [ LANG ] C:\www\yunxi\thinkphp\lang\zh-cn.php
[ info ] [ ROUTE ] array (
  'type' => 'module',
  'module' => 
  array (
    0 => 'index',
    1 => 'index',
    2 => 'yanzheng',
  ),
)
[ info ] [ HEADER ] array (
  'user-agent' => 'Mozilla/4.0',
  'accept' => '*/*',
  'host' => 'yunxi.yunw8.com',
  'pragma' => 'no-cache',
  'content-length' => '278',
  'content-type' => 'text/xml',
)
[ info ] [ PARAM ] array (
  'signature' => 'f71ef3d237486d811be112f28529e1382a0f086a',
  'timestamp' => '1531140440',
  'nonce' => '1114226553',
  'openid' => 'oqwiq0VWmiL3e87r-OAexEwFTN1Q',
)
[ info ] [ RUN ] app\index\controller\Index->yanzheng[ C:\www\yunxi\application\index\controller\Index.php ]
[ info ] [ LOG ] INIT File
---------------------------------------------------------------
[ 2018-07-09T20:47:23+08:00 ] 140.207.54.80 POST /index/index/yanzheng?signature=baa83f0e5abc00c163dde8c5f992a6d690e56347&timestamp=1531140443&nonce=535344737&openid=oqwiq0VWmiL3e87r-OAexEwFTN1Q
[ info ] yunxi.yunw8.com/index/index/yanzheng?signature=baa83f0e5abc00c163dde8c5f992a6d690e56347&timestamp=1531140443&nonce=535344737&openid=oqwiq0VWmiL3e87r-OAexEwFTN1Q [运行时间：0.110185s][吞吐率：9.08req/s] [内存消耗：2,102.18kb] [文件加载：35]
[ info ] [ LANG ] C:\www\yunxi\thinkphp\lang\zh-cn.php
[ info ] [ ROUTE ] array (
  'type' => 'module',
  'module' => 
  array (
    0 => 'index',
    1 => 'index',
    2 => 'yanzheng',
  ),
)
[ info ] [ HEADER ] array (
  'user-agent' => 'Mozilla/4.0',
  'accept' => '*/*',
  'host' => 'yunxi.yunw8.com',
  'pragma' => 'no-cache',
  'content-length' => '275',
  'content-type' => 'text/xml',
)
[ info ] [ PARAM ] array (
  'signature' => 'baa83f0e5abc00c163dde8c5f992a6d690e56347',
  'timestamp' => '1531140443',
  'nonce' => '535344737',
  'openid' => 'oqwiq0VWmiL3e87r-OAexEwFTN1Q',
)
[ info ] [ RUN ] app\index\controller\Index->yanzheng[ C:\www\yunxi\application\index\controller\Index.php ]
[ info ] [ LOG ] INIT File
---------------------------------------------------------------
[ 2018-07-09T20:47:28+08:00 ] 140.207.54.79 POST /index/index/yanzheng?signature=3c33ebcdfc0c7fa074ed4a631f5daf1c2a0d8712&timestamp=1531140448&nonce=361190946&openid=oqwiq0VWmiL3e87r-OAexEwFTN1Q
[ info ] yunxi.yunw8.com/index/index/yanzheng?signature=3c33ebcdfc0c7fa074ed4a631f5daf1c2a0d8712&timestamp=1531140448&nonce=361190946&openid=oqwiq0VWmiL3e87r-OAexEwFTN1Q [运行时间：0.165807s][吞吐率：6.03req/s] [内存消耗：2,102.18kb] [文件加载：35]
[ info ] [ LANG ] C:\www\yunxi\thinkphp\lang\zh-cn.php
[ info ] [ ROUTE ] array (
  'type' => 'module',
  'module' => 
  array (
    0 => 'index',
    1 => 'index',
    2 => 'yanzheng',
  ),
)
[ info ] [ HEADER ] array (
  'user-agent' => 'Mozilla/4.0',
  'accept' => '*/*',
  'host' => 'yunxi.yunw8.com',
  'pragma' => 'no-cache',
  'content-length' => '275',
  'content-type' => 'text/xml',
)
[ info ] [ PARAM ] array (
  'signature' => '3c33ebcdfc0c7fa074ed4a631f5daf1c2a0d8712',
  'timestamp' => '1531140448',
  'nonce' => '361190946',
  'openid' => 'oqwiq0VWmiL3e87r-OAexEwFTN1Q',
)
[ info ] [ RUN ] app\index\controller\Index->yanzheng[ C:\www\yunxi\application\index\controller\Index.php ]
[ info ] [ LOG ] INIT File
