---------------------------------------------------------------
[ 2018-07-10T10:22:18+08:00 ] 106.11.226.128 GET /
[ info ] yunxi.yunw8.com/ [运行时间：5.426985s][吞吐率：0.18req/s] [内存消耗：1,296.95kb] [文件加载：32]
[ info ] [ LANG ] C:\www\yunxi\thinkphp\lang\zh-cn.php
[ info ] [ ROUTE ] array (
  'type' => 'module',
  'module' => 
  array (
    0 => '',
    1 => NULL,
    2 => NULL,
  ),
)
[ info ] [ HEADER ] array (
  'accept-encoding' => 'gzip',
  'user-agent' => 'Mozilla/5.0 (iPad; CPU OS 9_1 like Mac OS X) AppleWebKit/601.1.46 (KHTML, like Gecko) Version/9.0 Mobile/13B143 Safari/601.1',
  'cache-control' => 'no-cache',
  'pragma' => 'no-cache',
  'host' => 'yunxi.yunw8.com',
  'accept' => 'text/html, image/gif, image/jpeg, *; q=.2, */*; q=.2',
  'connection' => 'keep-alive',
)
[ info ] [ PARAM ] array (
)
[ info ] [ RUN ] app\index\controller\Index->index[ C:\www\yunxi\application\index\controller\Index.php ]
[ info ] [ LOG ] INIT File
---------------------------------------------------------------
[ 2018-07-10T23:56:23+08:00 ] 140.207.54.76 POST /index/index/yanzheng?signature=87b72f7c927aeddb261142faa24f2a7143eff4a9&timestamp=1531238182&nonce=1895462826&openid=oqwiq0ar6LHC2v10WUkPC_t4A50s
[ info ] yunxi.yunw8.com/index/index/yanzheng?signature=87b72f7c927aeddb261142faa24f2a7143eff4a9&timestamp=1531238182&nonce=1895462826&openid=oqwiq0ar6LHC2v10WUkPC_t4A50s [运行时间：0.681468s][吞吐率：1.47req/s] [内存消耗：2,102.63kb] [文件加载：35]
[ info ] [ LANG ] C:\www\yunxi\thinkphp\lang\zh-cn.php
[ info ] [ ROUTE ] array (
  'type' => 'module',
  'module' => 
  array (
    0 => 'index',
    1 => 'index',
    2 => 'yanzheng',
  ),
)
[ info ] [ HEADER ] array (
  'user-agent' => 'Mozilla/4.0',
  'accept' => '*/*',
  'host' => 'yunxi.yunw8.com',
  'pragma' => 'no-cache',
  'content-length' => '278',
  'content-type' => 'text/xml',
)
[ info ] [ PARAM ] array (
  'signature' => '87b72f7c927aeddb261142faa24f2a7143eff4a9',
  'timestamp' => '1531238182',
  'nonce' => '1895462826',
  'openid' => 'oqwiq0ar6LHC2v10WUkPC_t4A50s',
)
[ info ] [ RUN ] app\index\controller\Index->yanzheng[ C:\www\yunxi\application\index\controller\Index.php ]
[ info ] [ LOG ] INIT File
---------------------------------------------------------------
[ 2018-07-10T23:57:14+08:00 ] 140.207.54.75 POST /index/index/yanzheng?signature=3b0ff78bef0ccb75c6058fcd29f02dc488611639&timestamp=1531238234&nonce=1314563092&openid=oqwiq0ar6LHC2v10WUkPC_t4A50s
[ info ] yunxi.yunw8.com/index/index/yanzheng?signature=3b0ff78bef0ccb75c6058fcd29f02dc488611639&timestamp=1531238234&nonce=1314563092&openid=oqwiq0ar6LHC2v10WUkPC_t4A50s [运行时间：0.459126s][吞吐率：2.18req/s] [内存消耗：2,102.16kb] [文件加载：35]
[ info ] [ LANG ] C:\www\yunxi\thinkphp\lang\zh-cn.php
[ info ] [ ROUTE ] array (
  'type' => 'module',
  'module' => 
  array (
    0 => 'index',
    1 => 'index',
    2 => 'yanzheng',
  ),
)
[ info ] [ HEADER ] array (
  'user-agent' => 'Mozilla/4.0',
  'accept' => '*/*',
  'host' => 'yunxi.yunw8.com',
  'pragma' => 'no-cache',
  'content-length' => '275',
  'content-type' => 'text/xml',
)
[ info ] [ PARAM ] array (
  'signature' => '3b0ff78bef0ccb75c6058fcd29f02dc488611639',
  'timestamp' => '1531238234',
  'nonce' => '1314563092',
  'openid' => 'oqwiq0ar6LHC2v10WUkPC_t4A50s',
)
[ info ] [ RUN ] app\index\controller\Index->yanzheng[ C:\www\yunxi\application\index\controller\Index.php ]
[ info ] [ LOG ] INIT File
---------------------------------------------------------------
[ 2018-07-10T23:57:18+08:00 ] 140.207.54.75 POST /index/index/yanzheng?signature=c2b056be9112ed01eff531596b83cf0f8817fadb&timestamp=1531238238&nonce=1813312601&openid=oqwiq0ar6LHC2v10WUkPC_t4A50s
[ info ] yunxi.yunw8.com/index/index/yanzheng?signature=c2b056be9112ed01eff531596b83cf0f8817fadb&timestamp=1531238238&nonce=1813312601&openid=oqwiq0ar6LHC2v10WUkPC_t4A50s [运行时间：0.084093s][吞吐率：11.89req/s] [内存消耗：2,102.16kb] [文件加载：35]
[ info ] [ LANG ] C:\www\yunxi\thinkphp\lang\zh-cn.php
[ info ] [ ROUTE ] array (
  'type' => 'module',
  'module' => 
  array (
    0 => 'index',
    1 => 'index',
    2 => 'yanzheng',
  ),
)
[ info ] [ HEADER ] array (
  'user-agent' => 'Mozilla/4.0',
  'accept' => '*/*',
  'host' => 'yunxi.yunw8.com',
  'pragma' => 'no-cache',
  'content-length' => '275',
  'content-type' => 'text/xml',
)
[ info ] [ PARAM ] array (
  'signature' => 'c2b056be9112ed01eff531596b83cf0f8817fadb',
  'timestamp' => '1531238238',
  'nonce' => '1813312601',
  'openid' => 'oqwiq0ar6LHC2v10WUkPC_t4A50s',
)
[ info ] [ RUN ] app\index\controller\Index->yanzheng[ C:\www\yunxi\application\index\controller\Index.php ]
[ info ] [ LOG ] INIT File
