---------------------------------------------------------------
[ 2018-07-11T00:04:40+08:00 ] 112.10.138.66 GET /index/index/getusers.html
[ info ] yunxi.yunw8.com/index/index/getusers.html [运行时间：0.272336s][吞吐率：3.67req/s] [内存消耗：2,072.44kb] [文件加载：36]
[ info ] [ LANG ] C:\www\yunxi\thinkphp\lang\zh-cn.php
[ info ] [ ROUTE ] array (
  'type' => 'module',
  'module' => 
  array (
    0 => 'index',
    1 => 'index',
    2 => 'getusers',
  ),
)
[ info ] [ HEADER ] array (
  'host' => 'yunxi.yunw8.com',
  'connection' => 'keep-alive',
  'accept-encoding' => 'gzip, deflate',
  'user-agent' => 'Mozilla/5.0 (iPhone; CPU iPhone OS 8_2 like Mac OS X) AppleWebKit/600.1.4 (KHTML, like Gecko) Mobile/12D508 MicroMessenger/6.1.4 NetType/WIFI',
  'accept-language' => 'zh-cn',
  'accept' => 'text/html,application/xhtml+xml,application/xml;q=0.9,*/*;q=0.8',
)
[ info ] [ PARAM ] array (
)
[ info ] [ RUN ] app\index\controller\Index->getUsers[ C:\www\yunxi\application\index\controller\Index.php ]
[ info ] [ LOG ] INIT File
---------------------------------------------------------------
[ 2018-07-11T00:04:40+08:00 ] 140.207.54.75 POST /index/index/yanzheng?signature=c31cdc4c7c394a957a11a9d08f58d50928754a09&timestamp=1531238680&nonce=2093498271&openid=oqwiq0ar6LHC2v10WUkPC_t4A50s
[ info ] yunxi.yunw8.com/index/index/yanzheng?signature=c31cdc4c7c394a957a11a9d08f58d50928754a09&timestamp=1531238680&nonce=2093498271&openid=oqwiq0ar6LHC2v10WUkPC_t4A50s [运行时间：0.451063s][吞吐率：2.22req/s] [内存消耗：2,102.32kb] [文件加载：35]
[ info ] [ LANG ] C:\www\yunxi\thinkphp\lang\zh-cn.php
[ info ] [ ROUTE ] array (
  'type' => 'module',
  'module' => 
  array (
    0 => 'index',
    1 => 'index',
    2 => 'yanzheng',
  ),
)
[ info ] [ HEADER ] array (
  'user-agent' => 'Mozilla/4.0',
  'accept' => '*/*',
  'host' => 'yunxi.yunw8.com',
  'pragma' => 'no-cache',
  'content-length' => '348',
  'content-type' => 'text/xml',
)
[ info ] [ PARAM ] array (
  'signature' => 'c31cdc4c7c394a957a11a9d08f58d50928754a09',
  'timestamp' => '1531238680',
  'nonce' => '2093498271',
  'openid' => 'oqwiq0ar6LHC2v10WUkPC_t4A50s',
)
[ info ] [ RUN ] app\index\controller\Index->yanzheng[ C:\www\yunxi\application\index\controller\Index.php ]
[ info ] [ LOG ] INIT File
---------------------------------------------------------------
[ 2018-07-11T00:04:42+08:00 ] 112.10.138.66 GET /index/index/getusers.html?code=021bO31G1INwX00SpW0G1f0n1G1bO31o&state=wxbase
[ info ] yunxi.yunw8.com/index/index/getusers.html?code=021bO31G1INwX00SpW0G1f0n1G1bO31o&state=wxbase [运行时间：1.458312s][吞吐率：0.69req/s] [内存消耗：2,920.41kb] [文件加载：43]
[ info ] [ LANG ] C:\www\yunxi\thinkphp\lang\zh-cn.php
[ info ] [ ROUTE ] array (
  'type' => 'module',
  'module' => 
  array (
    0 => 'index',
    1 => 'index',
    2 => 'getusers',
  ),
)
[ info ] [ HEADER ] array (
  'host' => 'yunxi.yunw8.com',
  'connection' => 'keep-alive',
  'accept-encoding' => 'gzip, deflate',
  'user-agent' => 'Mozilla/5.0 (iPhone; CPU iPhone OS 8_2 like Mac OS X) AppleWebKit/600.1.4 (KHTML, like Gecko) Mobile/12D508 MicroMessenger/6.1.4 NetType/WIFI',
  'accept-language' => 'zh-cn',
  'accept' => 'text/html,application/xhtml+xml,application/xml;q=0.9,*/*;q=0.8',
)
[ info ] [ PARAM ] array (
  'code' => '021bO31G1INwX00SpW0G1f0n1G1bO31o',
  'state' => 'wxbase',
)
[ info ] [ RUN ] app\index\controller\Index->getUsers[ C:\www\yunxi\application\index\controller\Index.php ]
[ info ] [ DB ] INIT sqlsrv
[ info ] [ VIEW ] C:\www\yunxi/application/index\view\index\user.html [ array (
  0 => 'user',
  1 => 'userinfo',
) ]
[ info ] [ LOG ] INIT File
---------------------------------------------------------------
[ 2018-07-11T00:04:59+08:00 ] 140.207.54.75 POST /index/index/yanzheng?signature=74ea45becffff8b89cd5c9c5d5fa0b696dbc643c&timestamp=1531238698&nonce=101586716&openid=oqwiq0ar6LHC2v10WUkPC_t4A50s
[ info ] yunxi.yunw8.com/index/index/yanzheng?signature=74ea45becffff8b89cd5c9c5d5fa0b696dbc643c&timestamp=1531238698&nonce=101586716&openid=oqwiq0ar6LHC2v10WUkPC_t4A50s [运行时间：0.086107s][吞吐率：11.61req/s] [内存消耗：2,102.18kb] [文件加载：35]
[ info ] [ LANG ] C:\www\yunxi\thinkphp\lang\zh-cn.php
[ info ] [ ROUTE ] array (
  'type' => 'module',
  'module' => 
  array (
    0 => 'index',
    1 => 'index',
    2 => 'yanzheng',
  ),
)
[ info ] [ HEADER ] array (
  'user-agent' => 'Mozilla/4.0',
  'accept' => '*/*',
  'host' => 'yunxi.yunw8.com',
  'pragma' => 'no-cache',
  'content-length' => '275',
  'content-type' => 'text/xml',
)
[ info ] [ PARAM ] array (
  'signature' => '74ea45becffff8b89cd5c9c5d5fa0b696dbc643c',
  'timestamp' => '1531238698',
  'nonce' => '101586716',
  'openid' => 'oqwiq0ar6LHC2v10WUkPC_t4A50s',
)
[ info ] [ RUN ] app\index\controller\Index->yanzheng[ C:\www\yunxi\application\index\controller\Index.php ]
[ info ] [ LOG ] INIT File
---------------------------------------------------------------
[ 2018-07-11T00:05:04+08:00 ] 140.207.54.75 POST /index/index/yanzheng?signature=d4dab79d2ff9aefd0b965dc1456e4fbde1a5383c&timestamp=1531238703&nonce=520997847&openid=oqwiq0ar6LHC2v10WUkPC_t4A50s
[ info ] yunxi.yunw8.com/index/index/yanzheng?signature=d4dab79d2ff9aefd0b965dc1456e4fbde1a5383c&timestamp=1531238703&nonce=520997847&openid=oqwiq0ar6LHC2v10WUkPC_t4A50s [运行时间：0.084216s][吞吐率：11.87req/s] [内存消耗：2,102.18kb] [文件加载：35]
[ info ] [ LANG ] C:\www\yunxi\thinkphp\lang\zh-cn.php
[ info ] [ ROUTE ] array (
  'type' => 'module',
  'module' => 
  array (
    0 => 'index',
    1 => 'index',
    2 => 'yanzheng',
  ),
)
[ info ] [ HEADER ] array (
  'user-agent' => 'Mozilla/4.0',
  'accept' => '*/*',
  'host' => 'yunxi.yunw8.com',
  'pragma' => 'no-cache',
  'content-length' => '275',
  'content-type' => 'text/xml',
)
[ info ] [ PARAM ] array (
  'signature' => 'd4dab79d2ff9aefd0b965dc1456e4fbde1a5383c',
  'timestamp' => '1531238703',
  'nonce' => '520997847',
  'openid' => 'oqwiq0ar6LHC2v10WUkPC_t4A50s',
)
[ info ] [ RUN ] app\index\controller\Index->yanzheng[ C:\www\yunxi\application\index\controller\Index.php ]
[ info ] [ LOG ] INIT File
---------------------------------------------------------------
[ 2018-07-11T00:05:40+08:00 ] 101.226.79.225 GET /index/index/getusers.html
[ info ] yunxi.yunw8.com/index/index/getusers.html [运行时间：0.431127s][吞吐率：2.32req/s] [内存消耗：2,072.36kb] [文件加载：36]
[ info ] [ LANG ] C:\www\yunxi\thinkphp\lang\zh-cn.php
[ info ] [ ROUTE ] array (
  'type' => 'module',
  'module' => 
  array (
    0 => 'index',
    1 => 'index',
    2 => 'getusers',
  ),
)
[ info ] [ HEADER ] array (
  'user-agent' => 'Mozilla/5.0 (Windows NT 6.1; WOW64) AppleWebKit/537.36 (KHTML, like Gecko) Chrome/39.0.2171.95 Safari/537.36 MicroMessenger/6.5.2.501 NetType/WIFI WindowsWechat QBCore/3.43.27.400 QQBrowser/9.0.2524.400',
  'accept' => '*/*',
  'accept-language' => 'zh-CN,zh;q=0.8,en-US;q=0.6,en;q=0.4',
  'host' => 'yunxi.yunw8.com',
  'connection' => 'keep-alive',
)
[ info ] [ PARAM ] array (
)
[ info ] [ RUN ] app\index\controller\Index->getUsers[ C:\www\yunxi\application\index\controller\Index.php ]
[ info ] [ LOG ] INIT File
---------------------------------------------------------------
[ 2018-07-11T10:17:37+08:00 ] 106.11.226.55 GET /
[ info ] yunxi.yunw8.com/ [运行时间：0.497815s][吞吐率：2.01req/s] [内存消耗：1,296.96kb] [文件加载：32]
[ info ] [ LANG ] C:\www\yunxi\thinkphp\lang\zh-cn.php
[ info ] [ ROUTE ] array (
  'type' => 'module',
  'module' => 
  array (
    0 => '',
    1 => NULL,
    2 => NULL,
  ),
)
[ info ] [ HEADER ] array (
  'accept-encoding' => 'gzip',
  'user-agent' => 'Mozilla/5.0 (iPad; CPU OS 9_1 like Mac OS X) AppleWebKit/601.1.46 (KHTML, like Gecko) Version/9.0 Mobile/13B143 Safari/601.1',
  'cache-control' => 'no-cache',
  'pragma' => 'no-cache',
  'host' => 'yunxi.yunw8.com',
  'accept' => 'text/html, image/gif, image/jpeg, *; q=.2, */*; q=.2',
  'connection' => 'keep-alive',
)
[ info ] [ PARAM ] array (
)
[ info ] [ RUN ] app\index\controller\Index->index[ C:\www\yunxi\application\index\controller\Index.php ]
[ info ] [ LOG ] INIT File
