---------------------------------------------------------------
[ 2018-07-14T10:25:38+08:00 ] 106.11.225.179 GET /
[ info ] yunxi.yunw8.com/ [运行时间：0.496405s][吞吐率：2.01req/s] [内存消耗：1,296.95kb] [文件加载：32]
[ info ] [ LANG ] C:\www\yunxi\thinkphp\lang\zh-cn.php
[ info ] [ ROUTE ] array (
  'type' => 'module',
  'module' => 
  array (
    0 => '',
    1 => NULL,
    2 => NULL,
  ),
)
[ info ] [ HEADER ] array (
  'accept-encoding' => 'gzip',
  'user-agent' => 'Mozilla/5.0 (iPad; CPU OS 9_1 like Mac OS X) AppleWebKit/601.1.46 (KHTML, like Gecko) Version/9.0 Mobile/13B143 Safari/601.1',
  'cache-control' => 'no-cache',
  'pragma' => 'no-cache',
  'host' => 'yunxi.yunw8.com',
  'accept' => 'text/html, image/gif, image/jpeg, *; q=.2, */*; q=.2',
  'connection' => 'keep-alive',
)
[ info ] [ PARAM ] array (
)
[ info ] [ RUN ] app\index\controller\Index->index[ C:\www\yunxi\application\index\controller\Index.php ]
[ info ] [ LOG ] INIT File
---------------------------------------------------------------
[ 2018-07-14T13:59:30+08:00 ] 203.205.151.93 POST /index/index/yanzheng?nonce=Ai3ha1lDsFN&timestamp=1531547969&encrypt_type=aes&msg_signature=nownvwlfjoewnfdsnvlsd
[ info ] yunxi.yunw8.com/index/index/yanzheng?nonce=Ai3ha1lDsFN&timestamp=1531547969&encrypt_type=aes&msg_signature=nownvwlfjoewnfdsnvlsd [运行时间：0.618319s][吞吐率：1.62req/s] [内存消耗：2,102.18kb] [文件加载：35]
[ info ] [ LANG ] C:\www\yunxi\thinkphp\lang\zh-cn.php
[ info ] [ ROUTE ] array (
  'type' => 'module',
  'module' => 
  array (
    0 => 'index',
    1 => 'index',
    2 => 'yanzheng',
  ),
)
[ info ] [ HEADER ] array (
  'accept-encoding' => 'identity',
  'content-length' => '349',
  'host' => 'yunxi.yunw8.com',
  'wechat-security-test' => 'harmless',
  'user-agent' => 'Python-urllib/2.7',
  'connection' => 'close',
  'content-type' => 'text/xml',
)
[ info ] [ PARAM ] array (
  'nonce' => 'Ai3ha1lDsFN',
  'timestamp' => '1531547969',
  'encrypt_type' => 'aes',
  'msg_signature' => 'nownvwlfjoewnfdsnvlsd',
)
[ info ] [ RUN ] app\index\controller\Index->yanzheng[ C:\www\yunxi\application\index\controller\Index.php ]
[ info ] [ LOG ] INIT File
---------------------------------------------------------------
[ 2018-07-14T19:03:34+08:00 ] 140.207.54.75 POST /index/index/yanzheng?signature=6ac5a3e5099032eaa92cd58cfc26acadd0b84b18&timestamp=1531566213&nonce=4933454&openid=oqwiq0ar6LHC2v10WUkPC_t4A50s
[ info ] yunxi.yunw8.com/index/index/yanzheng?signature=6ac5a3e5099032eaa92cd58cfc26acadd0b84b18&timestamp=1531566213&nonce=4933454&openid=oqwiq0ar6LHC2v10WUkPC_t4A50s [运行时间：0.526234s][吞吐率：1.90req/s] [内存消耗：2,102.64kb] [文件加载：35]
[ info ] [ LANG ] C:\www\yunxi\thinkphp\lang\zh-cn.php
[ info ] [ ROUTE ] array (
  'type' => 'module',
  'module' => 
  array (
    0 => 'index',
    1 => 'index',
    2 => 'yanzheng',
  ),
)
[ info ] [ HEADER ] array (
  'user-agent' => 'Mozilla/4.0',
  'accept' => '*/*',
  'host' => 'yunxi.yunw8.com',
  'pragma' => 'no-cache',
  'content-length' => '280',
  'content-type' => 'text/xml',
)
[ info ] [ PARAM ] array (
  'signature' => '6ac5a3e5099032eaa92cd58cfc26acadd0b84b18',
  'timestamp' => '1531566213',
  'nonce' => '4933454',
  'openid' => 'oqwiq0ar6LHC2v10WUkPC_t4A50s',
)
[ info ] [ RUN ] app\index\controller\Index->yanzheng[ C:\www\yunxi\application\index\controller\Index.php ]
[ info ] [ LOG ] INIT File
