---------------------------------------------------------------
[ 2018-07-29T11:59:24+08:00 ] 140.207.54.79 POST /index/index/yanzheng?signature=cdd39b13949125a5bb159b3ff277cdcff9e3b2c3&timestamp=1532836764&nonce=376450600&openid=oqwiq0b9p-VHRSvbS4QJyHJA9NyI
[ info ] yunxi.yunw8.com/index/index/yanzheng?signature=cdd39b13949125a5bb159b3ff277cdcff9e3b2c3&timestamp=1532836764&nonce=376450600&openid=oqwiq0b9p-VHRSvbS4QJyHJA9NyI [运行时间：0.045996s][吞吐率：21.74req/s] [内存消耗：2,102.17kb] [文件加载：35]
[ info ] [ LANG ] C:\www\yunxi\thinkphp\lang\zh-cn.php
[ info ] [ ROUTE ] array (
  'type' => 'module',
  'module' => 
  array (
    0 => 'index',
    1 => 'index',
    2 => 'yanzheng',
  ),
)
[ info ] [ HEADER ] array (
  'user-agent' => 'Mozilla/4.0',
  'accept' => '*/*',
  'host' => 'yunxi.yunw8.com',
  'pragma' => 'no-cache',
  'content-length' => '275',
  'content-type' => 'text/xml',
)
[ info ] [ PARAM ] array (
  'signature' => 'cdd39b13949125a5bb159b3ff277cdcff9e3b2c3',
  'timestamp' => '1532836764',
  'nonce' => '376450600',
  'openid' => 'oqwiq0b9p-VHRSvbS4QJyHJA9NyI',
)
[ info ] [ RUN ] app\index\controller\Index->yanzheng[ C:\www\yunxi\application\index\controller\Index.php ]
[ info ] [ LOG ] INIT File
---------------------------------------------------------------
[ 2018-07-29T11:59:29+08:00 ] 140.207.54.80 POST /index/index/yanzheng?signature=51a1ddc53f2a22f97dbff5bc6506ce47cbc6ee5e&timestamp=1532836769&nonce=33357084&openid=oqwiq0b9p-VHRSvbS4QJyHJA9NyI
[ info ] yunxi.yunw8.com/index/index/yanzheng?signature=51a1ddc53f2a22f97dbff5bc6506ce47cbc6ee5e&timestamp=1532836769&nonce=33357084&openid=oqwiq0b9p-VHRSvbS4QJyHJA9NyI [运行时间：0.044495s][吞吐率：22.47req/s] [内存消耗：2,102.31kb] [文件加载：35]
[ info ] [ LANG ] C:\www\yunxi\thinkphp\lang\zh-cn.php
[ info ] [ ROUTE ] array (
  'type' => 'module',
  'module' => 
  array (
    0 => 'index',
    1 => 'index',
    2 => 'yanzheng',
  ),
)
[ info ] [ HEADER ] array (
  'user-agent' => 'Mozilla/4.0',
  'accept' => '*/*',
  'host' => 'yunxi.yunw8.com',
  'pragma' => 'no-cache',
  'content-length' => '348',
  'content-type' => 'text/xml',
)
[ info ] [ PARAM ] array (
  'signature' => '51a1ddc53f2a22f97dbff5bc6506ce47cbc6ee5e',
  'timestamp' => '1532836769',
  'nonce' => '33357084',
  'openid' => 'oqwiq0b9p-VHRSvbS4QJyHJA9NyI',
)
[ info ] [ RUN ] app\index\controller\Index->yanzheng[ C:\www\yunxi\application\index\controller\Index.php ]
[ info ] [ LOG ] INIT File
---------------------------------------------------------------
[ 2018-07-29T11:59:29+08:00 ] 36.23.128.1 GET /index/index/getusers.html
[ info ] yunxi.yunw8.com/index/index/getusers.html [运行时间：0.040001s][吞吐率：25.00req/s] [内存消耗：2,073.63kb] [文件加载：36]
[ info ] [ LANG ] C:\www\yunxi\thinkphp\lang\zh-cn.php
[ info ] [ ROUTE ] array (
  'type' => 'module',
  'module' => 
  array (
    0 => 'index',
    1 => 'index',
    2 => 'getusers',
  ),
)
[ info ] [ HEADER ] array (
  'accept' => 'text/html,application/xhtml+xml,application/xml;q=0.9,image/webp,image/apng,image/wxpic,image/sharpp,image/apng,*/*;q=0.8',
  'accept-encoding' => 'gzip',
  'accept-language' => 'zh-CN,en-US;q=0.8',
  'connection' => 'close',
  'host' => 'yunxi.yunw8.com',
  'user-agent' => 'Mozilla/5.0 (Linux; Android 7.0; EVA-AL10 Build/HUAWEIEVA-AL10; wv) AppleWebKit/537.36 (KHTML, like Gecko) Version/4.0 Chrome/57.0.2987.132 MQQBrowser/6.2 TBS/044113 Mobile Safari/537.36 MicroMessenger/6.6.7.1321(0x26060739) NetType/4G Language/zh_CN',
  'x-forwarded-for' => '36.23.128.1',
  'x-forwarded-for-pound' => '36.23.128.1',
)
[ info ] [ PARAM ] array (
)
[ info ] [ RUN ] app\index\controller\Index->getUsers[ C:\www\yunxi\application\index\controller\Index.php ]
[ info ] [ LOG ] INIT File
---------------------------------------------------------------
[ 2018-07-29T11:59:31+08:00 ] 36.23.128.1 GET /index/index/getusers.html?code=011W2XhW1qPfxV0AxWhW1VIWhW1W2XhK&state=wxbase
[ info ] yunxi.yunw8.com/index/index/getusers.html?code=011W2XhW1qPfxV0AxWhW1VIWhW1W2XhK&state=wxbase [运行时间：1.253847s][吞吐率：0.80req/s] [内存消耗：2,921.50kb] [文件加载：43]
[ info ] [ LANG ] C:\www\yunxi\thinkphp\lang\zh-cn.php
[ info ] [ ROUTE ] array (
  'type' => 'module',
  'module' => 
  array (
    0 => 'index',
    1 => 'index',
    2 => 'getusers',
  ),
)
[ info ] [ HEADER ] array (
  'accept' => 'text/html,application/xhtml+xml,application/xml;q=0.9,image/webp,image/apng,image/wxpic,image/sharpp,image/apng,*/*;q=0.8',
  'accept-encoding' => 'gzip',
  'accept-language' => 'zh-CN,en-US;q=0.8',
  'connection' => 'close',
  'host' => 'yunxi.yunw8.com',
  'user-agent' => 'Mozilla/5.0 (Linux; Android 7.0; EVA-AL10 Build/HUAWEIEVA-AL10; wv) AppleWebKit/537.36 (KHTML, like Gecko) Version/4.0 Chrome/57.0.2987.132 MQQBrowser/6.2 TBS/044113 Mobile Safari/537.36 MicroMessenger/6.6.7.1321(0x26060739) NetType/4G Language/zh_CN',
  'x-forwarded-for' => '36.23.128.1',
  'x-forwarded-for-pound' => '36.23.128.1',
)
[ info ] [ PARAM ] array (
  'code' => '011W2XhW1qPfxV0AxWhW1VIWhW1W2XhK',
  'state' => 'wxbase',
)
[ info ] [ RUN ] app\index\controller\Index->getUsers[ C:\www\yunxi\application\index\controller\Index.php ]
[ info ] [ DB ] INIT sqlsrv
[ info ] [ VIEW ] C:\www\yunxi/application/index\view\index\user.html [ array (
  0 => 'user',
  1 => 'userinfo',
) ]
[ info ] [ LOG ] INIT File
---------------------------------------------------------------
[ 2018-07-29T11:59:47+08:00 ] 140.207.54.80 POST /index/index/yanzheng?signature=5dba28540e71dc20359a9d8db888d3c0aa86b74e&timestamp=1532836787&nonce=1112532143&openid=oqwiq0b9p-VHRSvbS4QJyHJA9NyI
[ info ] yunxi.yunw8.com/index/index/yanzheng?signature=5dba28540e71dc20359a9d8db888d3c0aa86b74e&timestamp=1532836787&nonce=1112532143&openid=oqwiq0b9p-VHRSvbS4QJyHJA9NyI [运行时间：0.047332s][吞吐率：21.13req/s] [内存消耗：2,102.16kb] [文件加载：35]
[ info ] [ LANG ] C:\www\yunxi\thinkphp\lang\zh-cn.php
[ info ] [ ROUTE ] array (
  'type' => 'module',
  'module' => 
  array (
    0 => 'index',
    1 => 'index',
    2 => 'yanzheng',
  ),
)
[ info ] [ HEADER ] array (
  'user-agent' => 'Mozilla/4.0',
  'accept' => '*/*',
  'host' => 'yunxi.yunw8.com',
  'pragma' => 'no-cache',
  'content-length' => '275',
  'content-type' => 'text/xml',
)
[ info ] [ PARAM ] array (
  'signature' => '5dba28540e71dc20359a9d8db888d3c0aa86b74e',
  'timestamp' => '1532836787',
  'nonce' => '1112532143',
  'openid' => 'oqwiq0b9p-VHRSvbS4QJyHJA9NyI',
)
[ info ] [ RUN ] app\index\controller\Index->yanzheng[ C:\www\yunxi\application\index\controller\Index.php ]
[ info ] [ LOG ] INIT File
---------------------------------------------------------------
[ 2018-07-29T11:59:52+08:00 ] 140.207.54.79 POST /index/index/yanzheng?signature=6426cbf6324172a5d8187aa76b62133b1879ca93&timestamp=1532836792&nonce=52251760&openid=oqwiq0b9p-VHRSvbS4QJyHJA9NyI
[ info ] yunxi.yunw8.com/index/index/yanzheng?signature=6426cbf6324172a5d8187aa76b62133b1879ca93&timestamp=1532836792&nonce=52251760&openid=oqwiq0b9p-VHRSvbS4QJyHJA9NyI [运行时间：0.324648s][吞吐率：3.08req/s] [内存消耗：2,862.65kb] [文件加载：42]
[ info ] [ LANG ] C:\www\yunxi\thinkphp\lang\zh-cn.php
[ info ] [ ROUTE ] array (
  'type' => 'module',
  'module' => 
  array (
    0 => 'index',
    1 => 'index',
    2 => 'yanzheng',
  ),
)
[ info ] [ HEADER ] array (
  'user-agent' => 'Mozilla/4.0',
  'accept' => '*/*',
  'host' => 'yunxi.yunw8.com',
  'pragma' => 'no-cache',
  'content-length' => '276',
  'content-type' => 'text/xml',
)
[ info ] [ PARAM ] array (
  'signature' => '6426cbf6324172a5d8187aa76b62133b1879ca93',
  'timestamp' => '1532836792',
  'nonce' => '52251760',
  'openid' => 'oqwiq0b9p-VHRSvbS4QJyHJA9NyI',
)
[ info ] [ RUN ] app\index\controller\Index->yanzheng[ C:\www\yunxi\application\index\controller\Index.php ]
[ info ] [ DB ] INIT sqlsrv
[ info ] [ LOG ] INIT File
---------------------------------------------------------------
[ 2018-07-29T11:59:53+08:00 ] 140.207.54.79 POST /index/index/yanzheng?signature=86a897c195265f2bdaae4a40c4b167b6564b5132&timestamp=1532836793&nonce=1273562715&openid=oqwiq0b9p-VHRSvbS4QJyHJA9NyI
[ info ] yunxi.yunw8.com/index/index/yanzheng?signature=86a897c195265f2bdaae4a40c4b167b6564b5132&timestamp=1532836793&nonce=1273562715&openid=oqwiq0b9p-VHRSvbS4QJyHJA9NyI [运行时间：0.040023s][吞吐率：24.99req/s] [内存消耗：2,102.34kb] [文件加载：35]
[ info ] [ LANG ] C:\www\yunxi\thinkphp\lang\zh-cn.php
[ info ] [ ROUTE ] array (
  'type' => 'module',
  'module' => 
  array (
    0 => 'index',
    1 => 'index',
    2 => 'yanzheng',
  ),
)
[ info ] [ HEADER ] array (
  'user-agent' => 'Mozilla/4.0',
  'accept' => '*/*',
  'host' => 'yunxi.yunw8.com',
  'pragma' => 'no-cache',
  'content-length' => '348',
  'content-type' => 'text/xml',
)
[ info ] [ PARAM ] array (
  'signature' => '86a897c195265f2bdaae4a40c4b167b6564b5132',
  'timestamp' => '1532836793',
  'nonce' => '1273562715',
  'openid' => 'oqwiq0b9p-VHRSvbS4QJyHJA9NyI',
)
[ info ] [ RUN ] app\index\controller\Index->yanzheng[ C:\www\yunxi\application\index\controller\Index.php ]
[ info ] [ LOG ] INIT File
---------------------------------------------------------------
[ 2018-07-29T11:59:54+08:00 ] 36.23.128.1 GET /index/index/getusers.html
[ info ] yunxi.yunw8.com/index/index/getusers.html [运行时间：0.040035s][吞吐率：24.98req/s] [内存消耗：2,073.63kb] [文件加载：36]
[ info ] [ LANG ] C:\www\yunxi\thinkphp\lang\zh-cn.php
[ info ] [ ROUTE ] array (
  'type' => 'module',
  'module' => 
  array (
    0 => 'index',
    1 => 'index',
    2 => 'getusers',
  ),
)
[ info ] [ HEADER ] array (
  'accept' => 'text/html,application/xhtml+xml,application/xml;q=0.9,image/webp,image/apng,image/wxpic,image/sharpp,image/apng,*/*;q=0.8',
  'accept-encoding' => 'gzip',
  'accept-language' => 'zh-CN,en-US;q=0.8',
  'connection' => 'close',
  'host' => 'yunxi.yunw8.com',
  'user-agent' => 'Mozilla/5.0 (Linux; Android 7.0; EVA-AL10 Build/HUAWEIEVA-AL10; wv) AppleWebKit/537.36 (KHTML, like Gecko) Version/4.0 Chrome/57.0.2987.132 MQQBrowser/6.2 TBS/044113 Mobile Safari/537.36 MicroMessenger/6.6.7.1321(0x26060739) NetType/4G Language/zh_CN',
  'x-forwarded-for' => '36.23.128.1',
  'x-forwarded-for-pound' => '36.23.128.1',
)
[ info ] [ PARAM ] array (
)
[ info ] [ RUN ] app\index\controller\Index->getUsers[ C:\www\yunxi\application\index\controller\Index.php ]
[ info ] [ LOG ] INIT File
---------------------------------------------------------------
[ 2018-07-29T11:59:56+08:00 ] 36.23.128.1 GET /index/index/getusers.html?code=071AgvdZ1Ybpp112fQcZ1EkudZ1Agvdc&state=wxbase
[ info ] yunxi.yunw8.com/index/index/getusers.html?code=071AgvdZ1Ybpp112fQcZ1EkudZ1Agvdc&state=wxbase [运行时间：1.124290s][吞吐率：0.89req/s] [内存消耗：2,921.48kb] [文件加载：43]
[ info ] [ LANG ] C:\www\yunxi\thinkphp\lang\zh-cn.php
[ info ] [ ROUTE ] array (
  'type' => 'module',
  'module' => 
  array (
    0 => 'index',
    1 => 'index',
    2 => 'getusers',
  ),
)
[ info ] [ HEADER ] array (
  'accept' => 'text/html,application/xhtml+xml,application/xml;q=0.9,image/webp,image/apng,image/wxpic,image/sharpp,image/apng,*/*;q=0.8',
  'accept-encoding' => 'gzip',
  'accept-language' => 'zh-CN,en-US;q=0.8',
  'connection' => 'close',
  'host' => 'yunxi.yunw8.com',
  'user-agent' => 'Mozilla/5.0 (Linux; Android 7.0; EVA-AL10 Build/HUAWEIEVA-AL10; wv) AppleWebKit/537.36 (KHTML, like Gecko) Version/4.0 Chrome/57.0.2987.132 MQQBrowser/6.2 TBS/044113 Mobile Safari/537.36 MicroMessenger/6.6.7.1321(0x26060739) NetType/4G Language/zh_CN',
  'x-forwarded-for' => '36.23.128.1',
  'x-forwarded-for-pound' => '36.23.128.1',
)
[ info ] [ PARAM ] array (
  'code' => '071AgvdZ1Ybpp112fQcZ1EkudZ1Agvdc',
  'state' => 'wxbase',
)
[ info ] [ RUN ] app\index\controller\Index->getUsers[ C:\www\yunxi\application\index\controller\Index.php ]
[ info ] [ DB ] INIT sqlsrv
[ info ] [ VIEW ] C:\www\yunxi/application/index\view\index\user.html [ array (
  0 => 'user',
  1 => 'userinfo',
) ]
[ info ] [ LOG ] INIT File
---------------------------------------------------------------
[ 2018-07-29T12:00:00+08:00 ] 140.207.54.80 POST /index/index/yanzheng?signature=0debebb26cdf6dc0f0e70c181c232381473b90be&timestamp=1532836800&nonce=1201607537&openid=oqwiq0b9p-VHRSvbS4QJyHJA9NyI
[ info ] yunxi.yunw8.com/index/index/yanzheng?signature=0debebb26cdf6dc0f0e70c181c232381473b90be&timestamp=1532836800&nonce=1201607537&openid=oqwiq0b9p-VHRSvbS4QJyHJA9NyI [运行时间：0.043000s][吞吐率：23.26req/s] [内存消耗：2,102.16kb] [文件加载：35]
[ info ] [ LANG ] C:\www\yunxi\thinkphp\lang\zh-cn.php
[ info ] [ ROUTE ] array (
  'type' => 'module',
  'module' => 
  array (
    0 => 'index',
    1 => 'index',
    2 => 'yanzheng',
  ),
)
[ info ] [ HEADER ] array (
  'user-agent' => 'Mozilla/4.0',
  'accept' => '*/*',
  'host' => 'yunxi.yunw8.com',
  'pragma' => 'no-cache',
  'content-length' => '275',
  'content-type' => 'text/xml',
)
[ info ] [ PARAM ] array (
  'signature' => '0debebb26cdf6dc0f0e70c181c232381473b90be',
  'timestamp' => '1532836800',
  'nonce' => '1201607537',
  'openid' => 'oqwiq0b9p-VHRSvbS4QJyHJA9NyI',
)
[ info ] [ RUN ] app\index\controller\Index->yanzheng[ C:\www\yunxi\application\index\controller\Index.php ]
[ info ] [ LOG ] INIT File
---------------------------------------------------------------
[ 2018-07-29T12:00:03+08:00 ] 140.207.54.79 POST /index/index/yanzheng?signature=34ea4218e32d9ee7538058f5f27a3956f85126a5&timestamp=1532836803&nonce=437422689&openid=oqwiq0b9p-VHRSvbS4QJyHJA9NyI
[ info ] yunxi.yunw8.com/index/index/yanzheng?signature=34ea4218e32d9ee7538058f5f27a3956f85126a5&timestamp=1532836803&nonce=437422689&openid=oqwiq0b9p-VHRSvbS4QJyHJA9NyI [运行时间：0.050303s][吞吐率：19.88req/s] [内存消耗：2,102.18kb] [文件加载：35]
[ info ] [ LANG ] C:\www\yunxi\thinkphp\lang\zh-cn.php
[ info ] [ ROUTE ] array (
  'type' => 'module',
  'module' => 
  array (
    0 => 'index',
    1 => 'index',
    2 => 'yanzheng',
  ),
)
[ info ] [ HEADER ] array (
  'user-agent' => 'Mozilla/4.0',
  'accept' => '*/*',
  'host' => 'yunxi.yunw8.com',
  'pragma' => 'no-cache',
  'content-length' => '275',
  'content-type' => 'text/xml',
)
[ info ] [ PARAM ] array (
  'signature' => '34ea4218e32d9ee7538058f5f27a3956f85126a5',
  'timestamp' => '1532836803',
  'nonce' => '437422689',
  'openid' => 'oqwiq0b9p-VHRSvbS4QJyHJA9NyI',
)
[ info ] [ RUN ] app\index\controller\Index->yanzheng[ C:\www\yunxi\application\index\controller\Index.php ]
[ info ] [ LOG ] INIT File
---------------------------------------------------------------
[ 2018-07-29T12:00:08+08:00 ] 140.207.54.80 POST /index/index/yanzheng?signature=df220c66529851dbe516365bffb3f076aa6ec29e&timestamp=1532836808&nonce=1320637826&openid=oqwiq0b9p-VHRSvbS4QJyHJA9NyI
[ info ] yunxi.yunw8.com/index/index/yanzheng?signature=df220c66529851dbe516365bffb3f076aa6ec29e&timestamp=1532836808&nonce=1320637826&openid=oqwiq0b9p-VHRSvbS4QJyHJA9NyI [运行时间：0.044578s][吞吐率：22.43req/s] [内存消耗：2,102.16kb] [文件加载：35]
[ info ] [ LANG ] C:\www\yunxi\thinkphp\lang\zh-cn.php
[ info ] [ ROUTE ] array (
  'type' => 'module',
  'module' => 
  array (
    0 => 'index',
    1 => 'index',
    2 => 'yanzheng',
  ),
)
[ info ] [ HEADER ] array (
  'user-agent' => 'Mozilla/4.0',
  'accept' => '*/*',
  'host' => 'yunxi.yunw8.com',
  'pragma' => 'no-cache',
  'content-length' => '275',
  'content-type' => 'text/xml',
)
[ info ] [ PARAM ] array (
  'signature' => 'df220c66529851dbe516365bffb3f076aa6ec29e',
  'timestamp' => '1532836808',
  'nonce' => '1320637826',
  'openid' => 'oqwiq0b9p-VHRSvbS4QJyHJA9NyI',
)
[ info ] [ RUN ] app\index\controller\Index->yanzheng[ C:\www\yunxi\application\index\controller\Index.php ]
[ info ] [ LOG ] INIT File
---------------------------------------------------------------
[ 2018-07-29T12:56:09+08:00 ] 183.136.190.62 GET /
[ info ] yunxi.yunw8.com/ [运行时间：0.040765s][吞吐率：24.53req/s] [内存消耗：1,296.96kb] [文件加载：32]
[ info ] [ LANG ] C:\www\yunxi\thinkphp\lang\zh-cn.php
[ info ] [ ROUTE ] array (
  'type' => 'module',
  'module' => 
  array (
    0 => '',
    1 => NULL,
    2 => NULL,
  ),
)
[ info ] [ HEADER ] array (
  'host' => 'yunxi.yunw8.com',
  'user-agent' => 'Mozilla/5.0 (Windows NT 6.1) AppleWebKit/537.36 (KHTML, like Gecko) Chrome/35.0.1916.153 Safari/537.36',
  'accept' => 'text/html,application/xhtml+xml,application/xml;q=0.9,image/webp,*/*;q=0.8',
  'accept-encoding' => '',
  'accept-language' => 'zh-CN,zh;q=0.8',
  'cache-control' => 'max-age=0',
  'connection' => 'close',
)
[ info ] [ PARAM ] array (
)
[ info ] [ RUN ] app\index\controller\Index->index[ C:\www\yunxi\application\index\controller\Index.php ]
[ info ] [ LOG ] INIT File
---------------------------------------------------------------
[ 2018-07-29T13:01:41+08:00 ] 140.207.54.80 POST /index/index/yanzheng?signature=d44faa89487d04024c8cef76576437a2f8126004&timestamp=1532840501&nonce=1264022075&openid=oqwiq0cohz_aPSqKsb2qW7_-JPak
[ info ] yunxi.yunw8.com/index/index/yanzheng?signature=d44faa89487d04024c8cef76576437a2f8126004&timestamp=1532840501&nonce=1264022075&openid=oqwiq0cohz_aPSqKsb2qW7_-JPak [运行时间：0.064830s][吞吐率：15.42req/s] [内存消耗：2,102.74kb] [文件加载：35]
[ info ] [ LANG ] C:\www\yunxi\thinkphp\lang\zh-cn.php
[ info ] [ ROUTE ] array (
  'type' => 'module',
  'module' => 
  array (
    0 => 'index',
    1 => 'index',
    2 => 'yanzheng',
  ),
)
[ info ] [ HEADER ] array (
  'user-agent' => 'Mozilla/4.0',
  'accept' => '*/*',
  'host' => 'yunxi.yunw8.com',
  'pragma' => 'no-cache',
  'content-length' => '280',
  'content-type' => 'text/xml',
)
[ info ] [ PARAM ] array (
  'signature' => 'd44faa89487d04024c8cef76576437a2f8126004',
  'timestamp' => '1532840501',
  'nonce' => '1264022075',
  'openid' => 'oqwiq0cohz_aPSqKsb2qW7_-JPak',
)
[ info ] [ RUN ] app\index\controller\Index->yanzheng[ C:\www\yunxi\application\index\controller\Index.php ]
[ info ] [ LOG ] INIT File
---------------------------------------------------------------
[ 2018-07-29T20:11:38+08:00 ] 140.207.54.80 POST /index/index/yanzheng?signature=ca58d34b63c0c06e3bec84b3cdcfaa5553af508b&timestamp=1532866298&nonce=956970553&openid=oqwiq0QbSmSexOUT6pSSQsGDEdQo
[ info ] yunxi.yunw8.com/index/index/yanzheng?signature=ca58d34b63c0c06e3bec84b3cdcfaa5553af508b&timestamp=1532866298&nonce=956970553&openid=oqwiq0QbSmSexOUT6pSSQsGDEdQo [运行时间：0.063589s][吞吐率：15.73req/s] [内存消耗：2,102.65kb] [文件加载：35]
[ info ] [ LANG ] C:\www\yunxi\thinkphp\lang\zh-cn.php
[ info ] [ ROUTE ] array (
  'type' => 'module',
  'module' => 
  array (
    0 => 'index',
    1 => 'index',
    2 => 'yanzheng',
  ),
)
[ info ] [ HEADER ] array (
  'user-agent' => 'Mozilla/4.0',
  'accept' => '*/*',
  'host' => 'yunxi.yunw8.com',
  'pragma' => 'no-cache',
  'content-length' => '278',
  'content-type' => 'text/xml',
)
[ info ] [ PARAM ] array (
  'signature' => 'ca58d34b63c0c06e3bec84b3cdcfaa5553af508b',
  'timestamp' => '1532866298',
  'nonce' => '956970553',
  'openid' => 'oqwiq0QbSmSexOUT6pSSQsGDEdQo',
)
[ info ] [ RUN ] app\index\controller\Index->yanzheng[ C:\www\yunxi\application\index\controller\Index.php ]
[ info ] [ LOG ] INIT File
---------------------------------------------------------------
[ 2018-07-29T20:14:06+08:00 ] 140.207.54.80 POST /index/index/yanzheng?signature=1fe29fb0697727d3f78b7afcf967d2bd304fe3d9&timestamp=1532866446&nonce=1364622676&openid=oqwiq0QbSmSexOUT6pSSQsGDEdQo
[ info ] yunxi.yunw8.com/index/index/yanzheng?signature=1fe29fb0697727d3f78b7afcf967d2bd304fe3d9&timestamp=1532866446&nonce=1364622676&openid=oqwiq0QbSmSexOUT6pSSQsGDEdQo [运行时间：0.049375s][吞吐率：20.25req/s] [内存消耗：2,102.16kb] [文件加载：35]
[ info ] [ LANG ] C:\www\yunxi\thinkphp\lang\zh-cn.php
[ info ] [ ROUTE ] array (
  'type' => 'module',
  'module' => 
  array (
    0 => 'index',
    1 => 'index',
    2 => 'yanzheng',
  ),
)
[ info ] [ HEADER ] array (
  'user-agent' => 'Mozilla/4.0',
  'accept' => '*/*',
  'host' => 'yunxi.yunw8.com',
  'pragma' => 'no-cache',
  'content-length' => '275',
  'content-type' => 'text/xml',
)
[ info ] [ PARAM ] array (
  'signature' => '1fe29fb0697727d3f78b7afcf967d2bd304fe3d9',
  'timestamp' => '1532866446',
  'nonce' => '1364622676',
  'openid' => 'oqwiq0QbSmSexOUT6pSSQsGDEdQo',
)
[ info ] [ RUN ] app\index\controller\Index->yanzheng[ C:\www\yunxi\application\index\controller\Index.php ]
[ info ] [ LOG ] INIT File
---------------------------------------------------------------
[ 2018-07-29T20:14:14+08:00 ] 140.207.54.79 POST /index/index/yanzheng?signature=e2e797404f275a0194f2f1fb4c5fbaf2045e0049&timestamp=1532866454&nonce=1902580162&openid=oqwiq0QbSmSexOUT6pSSQsGDEdQo
[ info ] yunxi.yunw8.com/index/index/yanzheng?signature=e2e797404f275a0194f2f1fb4c5fbaf2045e0049&timestamp=1532866454&nonce=1902580162&openid=oqwiq0QbSmSexOUT6pSSQsGDEdQo [运行时间：0.042795s][吞吐率：23.37req/s] [内存消耗：2,102.16kb] [文件加载：35]
[ info ] [ LANG ] C:\www\yunxi\thinkphp\lang\zh-cn.php
[ info ] [ ROUTE ] array (
  'type' => 'module',
  'module' => 
  array (
    0 => 'index',
    1 => 'index',
    2 => 'yanzheng',
  ),
)
[ info ] [ HEADER ] array (
  'user-agent' => 'Mozilla/4.0',
  'accept' => '*/*',
  'host' => 'yunxi.yunw8.com',
  'pragma' => 'no-cache',
  'content-length' => '275',
  'content-type' => 'text/xml',
)
[ info ] [ PARAM ] array (
  'signature' => 'e2e797404f275a0194f2f1fb4c5fbaf2045e0049',
  'timestamp' => '1532866454',
  'nonce' => '1902580162',
  'openid' => 'oqwiq0QbSmSexOUT6pSSQsGDEdQo',
)
[ info ] [ RUN ] app\index\controller\Index->yanzheng[ C:\www\yunxi\application\index\controller\Index.php ]
[ info ] [ LOG ] INIT File
